            --------------------------------------------------------
                             AMBER SQM VERSION 19
 
                                     By
              Ross C. Walker, Michael F. Crowley, Scott Brozell,
                         Tim Giese, Andreas W. Goetz,
                        Tai-Sung Lee and David A. Case
 
            --------------------------------------------------------
 

--------------------------------------------------------------------------------
  QM CALCULATION INFO
--------------------------------------------------------------------------------

| QMMM: Citation for AMBER QMMM Run:
| QMMM: R.C. Walker, M.F. Crowley and D.A. Case, J. COMP. CHEM. 29:1019, 2008

QMMM: SINGLET STATE CALCULATION
QMMM: RHF CALCULATION, NO. OF DOUBLY OCCUPIED LEVELS = 66

| QMMM: *** Selected Hamiltonian *** 
| QMMM: AM1         

| QMMM: *** Parameter sets in use ***
| QMMM: O : M.J.S.DEWAR et al. JACS, 107, 3902, (1985)
| QMMM: C : M.J.S.DEWAR et al. JACS, 107, 3902, (1985)
| QMMM: N : M.J.S.DEWAR et al. JACS, 107, 3902, (1985)
| QMMM: H : M.J.S.DEWAR et al. JACS, 107, 3902, (1985)

| QMMM: *** SCF convergence criteria ***
| QMMM: Energy change                :  0.1D-09 kcal/mol
| QMMM: Error matrix |FP-PF|         :  0.1D+00 au
| QMMM: Density matrix change        :  0.5D-06
| QMMM: Maximum number of SCF cycles :     1000

| QMMM: *** Diagonalization Routine Information ***
| QMMM: Pseudo diagonalizations are allowed.
| QMMM: Auto diagonalization routine selection is in use.
| QMMM:
| QMMM: Timing diagonalization routines:
| QMMM:                              norbs =      125
| QMMM:    diag iterations used for timing =       10
| QMMM:
| QMMM:              Internal diag routine = 0.131790 seconds
| QMMM:                 Dspev diag routine = 0.115187 seconds
| QMMM:                Dspevd diag routine = 0.355636 seconds
| QMMM:                Dspevx diag routine = 0.352343 seconds
| QMMM:                 Dsyev diag routine = 0.049116 seconds
| QMMM:                Dsyevd diag routine = 1.889079 seconds
| QMMM:                Dsyevr diag routine = 0.228180 seconds
| QMMM:
| QMMM:                Pseudo diag routine = 0.019258 seconds
| QMMM:
| QMMM: Using dsyev routine (diag_routine=5).

  QMMM: QM Region Cartesian Coordinates (*=link atom) 
  QMMM: QM_NO.   MM_NO.  ATOM         X         Y         Z
  QMMM:     1        1      O        2.1130   -1.0360   -2.0180
  QMMM:     2        2      C        2.7720   -1.0040   -0.7570
  QMMM:     3        3      C        2.0670   -1.9130    0.2650
  QMMM:     4        4      C        1.9970   -3.3860   -0.1620
  QMMM:     5        5      C        3.3030   -3.9610    0.3260
  QMMM:     6        6      C        3.5500   -3.2270    1.6390
  QMMM:     7        7      N        2.8560   -1.9290    1.5230
  QMMM:     8        8      C        2.5240   -1.1670    2.6530
  QMMM:     9        9      C        1.3360   -0.4080    2.6770
  QMMM:    10       10      C        0.9220    0.3020    3.8060
  QMMM:    11       11      C       -0.3100    1.1320    3.8180
  QMMM:    12       12      C       -1.4450    0.7900    3.0370
  QMMM:    13       13      C       -2.5710    1.6210    2.9510
  QMMM:    14       14      C       -2.5750    2.7920    3.6800
  QMMM:    15       15      C       -3.5810    3.8830    3.7240
  QMMM:    16       16      O       -3.2040    4.6490    4.8910
  QMMM:    17       17      C       -1.7980    4.4250    5.1600
  QMMM:    18       18      C       -1.5070    3.1260    4.4980
  QMMM:    19       19      C       -0.3770    2.3200    4.5750
  QMMM:    20       20      N        1.6530    0.2930    4.9350
  QMMM:    21       21      C        2.8250   -0.3700    4.9410
  QMMM:    22       22      C        3.6030   -0.3490    6.0920
  QMMM:    23       23      N        4.8300   -0.9110    6.2540
  QMMM:    24       24      C        5.3390   -1.5030    5.1700
  QMMM:    25       25      C        4.6570   -1.5830    3.9660
  QMMM:    26       26      C        3.3420   -1.0730    3.8290
  QMMM:    27       27      H        2.5780   -0.4550   -2.6410
  QMMM:    28       28      H        2.7710    0.0000   -0.3880
  QMMM:    29       29      H        3.7730   -1.3580   -0.8890
  QMMM:    30       30      H        1.0790   -1.5160    0.3640
  QMMM:    31       31      H        1.9150   -3.4710   -1.2260
  QMMM:    32       32      H        1.1450   -3.8940    0.2380
  QMMM:    33       33      H        4.0900   -3.7680   -0.3730
  QMMM:    34       34      H        3.2710   -5.0240    0.4430
  QMMM:    35       35      H        4.5980   -3.0740    1.7880
  QMMM:    36       36      H        3.1870   -3.7890    2.4740
  QMMM:    37       37      H        0.7500   -0.3750    1.8270
  QMMM:    38       38      H       -1.4420   -0.1000    2.5160
  QMMM:    39       39      H       -3.3750    1.3630    2.3580
  QMMM:    40       40      H       -4.5690    3.4870    3.8290
  QMMM:    41       41      H       -3.5950    4.4700    2.8290
  QMMM:    42       42      H       -1.6170    4.3640    6.2130
  QMMM:    43       43      H       -1.1770    5.2190    4.7990
  QMMM:    44       44      H        0.4110    2.5910    5.1830
  QMMM:    45       45      H        3.2090    0.1450    6.9080
  QMMM:    46       46      H        6.2810   -1.9190    5.2320
  QMMM:    47       47      H        5.1170   -2.0220    3.1540

--------------------------------------------------------------------------------
  RESULTS
--------------------------------------------------------------------------------

      iter         sqm energy              rms gradient
      ----    -------------------    -----------------------
xmin    10       13.6368 kcal/mol        0.9399 kcal/(mol*A)
xmin    20       11.8854 kcal/mol        1.3856 kcal/(mol*A)
xmin    30       11.4311 kcal/mol        1.0416 kcal/(mol*A)
xmin    40       11.2485 kcal/mol        0.2581 kcal/(mol*A)
xmin    50       11.1184 kcal/mol        0.1446 kcal/(mol*A)
xmin    60       11.1219 kcal/mol        0.9935 kcal/(mol*A)
xmin    70       11.0748 kcal/mol        0.0455 kcal/(mol*A)
xmin    80       11.0694 kcal/mol        0.0591 kcal/(mol*A)
xmin    90       11.0690 kcal/mol        0.0061 kcal/(mol*A)
xmin   100       11.0689 kcal/mol        0.0149 kcal/(mol*A)
xmin   110       11.0744 kcal/mol        0.1700 kcal/(mol*A)
xmin   120       11.0690 kcal/mol        0.0070 kcal/(mol*A)
xmin   130       11.0688 kcal/mol        0.0039 kcal/(mol*A)
  ... geometry converged !
 
 Final MO eigenvalues (eV):
 -41.6679  -41.0767  -40.1425  -38.7558  -38.0338  -37.3490  -34.8831  -33.2439
 -32.5953  -32.3705  -31.2711  -30.5749  -30.1931  -28.6974  -26.6249  -25.8964
 -25.0714  -24.3880  -23.4525  -22.7013  -22.4403  -21.9547  -21.1229  -19.3329
 -18.8882  -18.1983  -17.9370  -17.4306  -17.3092  -16.9618  -16.8915  -16.6970
 -16.2541  -16.0951  -15.5244  -15.3243  -15.3063  -15.1563  -15.0390  -14.8584
 -14.7151  -14.3133  -14.0687  -13.9190  -13.8958  -13.7323  -13.5800  -13.4906
 -13.0704  -13.0239  -12.8872  -12.7579  -12.6185  -12.4343  -12.0527  -11.7191
 -11.6697  -11.2516  -11.0841  -10.8832  -10.5963  -10.4188  -10.0811   -9.7300
  -9.2324   -8.7212   -0.7878   -0.4358    0.1423    0.2730    0.7682    1.6958
   1.8817    2.4938    2.8708    2.9128    2.9558    3.0174    3.0624    3.2345
   3.2891    3.3254    3.3659    3.4432    3.5502    3.6289    3.6854    3.6926
   3.7086    3.8097    3.8656    3.9470    3.9839    4.0534    4.0554    4.0913
   4.2069    4.2672    4.3323    4.3480    4.3593    4.3852    4.4302    4.4332
   4.4412    4.5202    4.5646    4.5871    4.6759    4.6918    4.7828    4.9160
   4.9500    5.0007    5.2272    5.2584    5.2980    5.5322    5.5623    5.7360
   5.8760    5.9559    5.9610    6.5997    6.8417

 Heat of formation   =         11.06880586 kcal/mol  (        0.47997944 eV)

 Total SCF energy    =     -97740.06473765 kcal/mol  (    -4238.32725110 eV)
 Electronic energy   =    -745653.15160867 kcal/mol  (   -32333.94699313 eV)
 Core-core repulsion =     647913.08687102 kcal/mol  (    28095.61974203 eV)
 
    Atomic Charges for Step       1 :
  Atom    Element       Mulliken Charge
     1      O                 -0.334
     2      C                 -0.021
     3      C                 -0.007
     4      C                 -0.159
     5      C                 -0.179
     6      C                 -0.049
     7      N                 -0.242
     8      C                  0.121
     9      C                 -0.253
    10      C                  0.067
    11      C                 -0.040
    12      C                 -0.110
    13      C                 -0.112
    14      C                 -0.100
    15      C                  0.014
    16      O                 -0.284
    17      C                  0.016
    18      C                 -0.118
    19      C                 -0.067
    20      N                 -0.143
    21      C                 -0.029
    22      C                 -0.034
    23      N                 -0.128
    24      C                 -0.098
    25      C                 -0.151
    26      C                 -0.079
    27      H                  0.206
    28      H                  0.076
    29      H                  0.076
    30      H                  0.101
    31      H                  0.098
    32      H                  0.104
    33      H                  0.098
    34      H                  0.092
    35      H                  0.092
    36      H                  0.096
    37      H                  0.154
    38      H                  0.138
    39      H                  0.140
    40      H                  0.101
    41      H                  0.100
    42      H                  0.103
    43      H                  0.100
    44      H                  0.155
    45      H                  0.178
    46      H                  0.161
    47      H                  0.147
 Total Mulliken Charge =      -0.000
 
                  X        Y        Z     TOTAL  
  QM DIPOLE     0.897   -2.570   -4.491    5.251
 
 Final Structure

  QMMM: QM Region Cartesian Coordinates (*=link atom) 
  QMMM: QM_NO.   MM_NO.  ATOM         X         Y         Z
  QMMM:     1        1      O        1.4817   -0.6132   -1.5947
  QMMM:     2        2      C        2.4873   -0.6312   -0.5928
  QMMM:     3        3      C        2.1545   -1.8286    0.3153
  QMMM:     4        4      C        2.3383   -3.1660   -0.4336
  QMMM:     5        5      C        2.9751   -4.1115    0.5719
  QMMM:     6        6      C        3.5755   -3.2030    1.6557
  QMMM:     7        7      N        3.0183   -1.8577    1.5082
  QMMM:     8        8      C        2.6078   -1.1555    2.6518
  QMMM:     9        9      C        1.4615   -0.3566    2.6557
  QMMM:    10       10      C        1.0524    0.3304    3.8387
  QMMM:    11       11      C       -0.1834    1.1379    3.7658
  QMMM:    12       12      C       -1.3047    0.6288    3.1041
  QMMM:    13       13      C       -2.4863    1.3767    3.0077
  QMMM:    14       14      C       -2.5206    2.6327    3.5831
  QMMM:    15       15      C       -3.6151    3.6491    3.6450
  QMMM:    16       16      O       -3.0850    4.7751    4.3754
  QMMM:    17       17      C       -1.7242    4.5106    4.7783
  QMMM:    18       18      C       -1.3880    3.1486    4.2606
  QMMM:    19       19      C       -0.2225    2.4142    4.3617
  QMMM:    20       20      N        1.7193    0.2624    4.9918
  QMMM:    21       21      C        2.8848   -0.4605    4.9999
  QMMM:    22       22      C        3.6559   -0.5163    6.2295
  QMMM:    23       23      N        4.8267   -1.1140    6.3355
  QMMM:    24       24      C        5.3455   -1.7003    5.2129
  QMMM:    25       25      C        4.6934   -1.7379    3.9934
  QMMM:    26       26      C        3.4071   -1.1510    3.8617
  QMMM:    27       27      H        1.6714    0.1473   -2.1563
  QMMM:    28       28      H        2.4612    0.3267   -0.0071
  QMMM:    29       29      H        3.4990   -0.7520   -1.0620
  QMMM:    30       30      H        1.0627   -1.7516    0.5997
  QMMM:    31       31      H        2.9960   -3.0252   -1.3266
  QMMM:    32       32      H        1.3495   -3.5389   -0.7930
  QMMM:    33       33      H        3.7702   -4.7390    0.1026
  QMMM:    34       34      H        2.2118   -4.7970    1.0161
  QMMM:    35       35      H        4.6874   -3.1287    1.4909
  QMMM:    36       36      H        3.3886   -3.6198    2.6818
  QMMM:    37       37      H        0.8412   -0.2148    1.7588
  QMMM:    38       38      H       -1.2682   -0.3773    2.6586
  QMMM:    39       39      H       -3.3611    0.9636    2.4864
  QMMM:    40       40      H       -4.5122    3.2834    4.2070
  QMMM:    41       41      H       -3.9144    4.0241    2.6331
  QMMM:    42       42      H       -1.6942    4.5667    5.8964
  QMMM:    43       43      H       -1.0862    5.3138    4.3292
  QMMM:    44       44      H        0.6551    2.8076    4.8954
  QMMM:    45       45      H        3.2564   -0.0287    7.1394
  QMMM:    46       46      H        6.3460   -2.1488    5.3448
  QMMM:    47       47      H        5.2055   -2.1874    3.1332

           --------- Calculation Completed ----------

