                      :-) GROMACS - gmx mdrun, 2024.4 (-:

Copyright 1991-2024 The GROMACS Authors.
GROMACS is free software; you can redistribute it and/or modify it
under the terms of the GNU Lesser General Public License
as published by the Free Software Foundation; either version 2.1
of the License, or (at your option) any later version.

                         Current GROMACS contributors:
       Mark Abraham           Andrey Alekseenko           Vladimir Basov      
      Cathrine Bergh            Eliane Briand               Ania Brown        
      Mahesh Doijade            Giacomo Fiorin          Stefan Fleischmann    
      Sergey Gorelov         Gilles Gouaillardet            Alan Gray         
     M. Eric Irrgang         Farzaneh Jalalypour            Joe Jordan        
     Carsten Kutzner           Justin A. Lemkul          Magnus Lundborg      
       Pascal Merz              Vedran Miletic            Dmitry Morozov      
       Julien Nabet              Szilard Pall        Andrea Pasquadibisceglie 
    Michele Pellegrino          Hubert Santuz             Roland Schulz       
     Tatiana Shugaeva          Alexey Shvetsov            Philip Turner       
     Alessandra Villa      Sebastian Wingbermuehle  

                         Previous GROMACS contributors:
        Emile Apol             Rossen Apostolov           James Barnett       
        Paul Bauer          Herman J.C. Berendsen          Par Bjelkmar       
      Christian Blau          Viacheslav Bolnykh            Kevin Boyd        
    Aldert van Buuren          Carlo Camilloni           Rudi van Drunen      
      Anton Feenstra           Oliver Fleetwood            Vytas Gapsys       
       Gaurav Garg             Gerrit Groenhof            Bert de Groot       
      Anca Hamuraru           Vincent Hindriksen          Victor Holanda      
     Aleksei Iupinov          Christoph Junghans        Prashanth Kanduri     
   Dimitrios Karkoulis           Peter Kasson             Sebastian Kehl      
     Sebastian Keller             Jiri Kraus               Per Larsson        
      Viveca Lindahl            Erik Marklund           Pieter Meulenhoff     
      Teemu Murtola              Sander Pronk             Michael Shirts      
      Alfons Sijbers            Balint Soproni         David van der Spoel    
      Peter Tieleman            Carsten Uphoff             Jon Vincent        
     Teemu Virolainen         Christian Wennberg           Maarten Wolf       
      Artem Zhmurov       

                  Coordinated by the GROMACS project leaders:
                           Berk Hess and Erik Lindahl

GROMACS:      gmx mdrun, version 2024.4
Executable:   /home/dioxide421/gromacs-gpu/bin/gmx
Data prefix:  /home/dioxide421/gromacs-gpu
Working dir:  /home/dioxide421/Molecular_Dynamics_sim/output/6VQN
Process ID:   58208
Command line:
  gmx mdrun -deffnm md -nb gpu -pme cpu -bonded cpu -update cpu -ntmpi 1 -ntomp 8 -gpu_id 0

GROMACS version:     2024.4
Precision:           mixed
Memory model:        64 bit
MPI library:         thread_mpi
OpenMP support:      enabled (GMX_OPENMP_MAX_THREADS = 128)
GPU support:         CUDA
NBNxM GPU setup:     super-cluster 2x2x2 / cluster 8
SIMD instructions:   AVX2_256
CPU FFT library:     fftw-3.3.11-sse2-avx
GPU FFT library:     cuFFT
Multi-GPU FFT:       none
RDTSCP usage:        enabled
TNG support:         enabled
Hwloc support:       disabled
Tracing support:     disabled
C compiler:          /usr/bin/cc GNU 11.4.0
C compiler flags:    -fexcess-precision=fast -funroll-all-loops -mavx2 -mfma -Wno-missing-field-initializers -O3 -DNDEBUG
C++ compiler:        /usr/bin/c++ GNU 11.4.0
C++ compiler flags:  -fexcess-precision=fast -funroll-all-loops -mavx2 -mfma -Wno-missing-field-initializers -Wno-cast-function-type-strict -fopenmp -O3 -DNDEBUG
BLAS library:        Internal
LAPACK library:      Internal
CUDA compiler:       /usr/local/cuda-12.2/bin/nvcc nvcc: NVIDIA (R) Cuda compiler driver;Copyright (c) 2005-2023 NVIDIA Corporation;Built on Tue_Jul_11_02:20:44_PDT_2023;Cuda compilation tools, release 12.2, V12.2.128;Build cuda_12.2.r12.2/compiler.33053471_0
CUDA compiler flags:-std=c++17;--generate-code=arch=compute_80,code=sm_80;-use_fast_math;-Xptxas;-warn-double-usage;-Xptxas;-Werror;-D_FORCE_INLINES;-Xcompiler;-fopenmp;-fexcess-precision=fast -funroll-all-loops -mavx2 -mfma -Wno-missing-field-initializers -Wno-cast-function-type-strict -fopenmp -O3 -DNDEBUG
CUDA driver:         12.20
CUDA runtime:        12.20


Running on 1 node with total 64 cores, 128 processing units, 7 compatible GPUs
Hardware detected on host usw:
  CPU info:
    Vendor: Intel
    Brand:  Intel(R) Xeon(R) Gold 6430
    Family: 6   Model: 143   Stepping: 8
    Features: aes apic avx avx2 avx512f avx512cd avx512bw avx512vl avx512bf16 avx512secondFMA clfsh cmov cx8 cx16 f16c fma htt intel lahf mmx msr nonstop_tsc pcid pclmuldq pdcm pdpe1gb popcnt pse rdrnd rdtscp sha sse2 sse3 sse4.1 sse4.2 ssse3 tdt x2apic
    Number of AVX-512 FMA units: 2
  Hardware topology: Basic
    Packages, cores, and logical processors:
    [indices refer to OS logical processors]
      Package  0: [   0  64] [   1  65] [   2  66] [   3  67] [   4  68] [   5  69] [   6  70] [   7  71] [   8  72] [   9  73] [  10  74] [  11  75] [  12  76] [  13  77] [  14  78] [  15  79] [  16  80] [  17  81] [  18  82] [  19  83] [  20  84] [  21  85] [  22  86] [  23  87] [  24  88] [  25  89] [  26  90] [  27  91] [  28  92] [  29  93] [  30  94] [  31  95]
      Package  1: [  32  96] [  33  97] [  34  98] [  35  99] [  36 100] [  37 101] [  38 102] [  39 103] [  40 104] [  41 105] [  42 106] [  43 107] [  44 108] [  45 109] [  46 110] [  47 111] [  48 112] [  49 113] [  50 114] [  51 115] [  52 116] [  53 117] [  54 118] [  55 119] [  56 120] [  57 121] [  58 122] [  59 123] [  60 124] [  61 125] [  62 126] [  63 127]
    CPU limit set by OS: -1   Recommended max number of threads: 128
  GPU info:
    Number of GPUs detected: 7
    #0: NVIDIA NVIDIA A100 80GB PCIe, compute cap.: 8.0, ECC: yes, stat: compatible
    #1: NVIDIA NVIDIA A100 80GB PCIe, compute cap.: 8.0, ECC: yes, stat: compatible
    #2: NVIDIA NVIDIA A100 80GB PCIe, compute cap.: 8.0, ECC: yes, stat: compatible
    #3: NVIDIA NVIDIA A100 80GB PCIe, compute cap.: 8.0, ECC: yes, stat: compatible
    #4: NVIDIA NVIDIA A100 80GB PCIe, compute cap.: 8.0, ECC: yes, stat: compatible
    #5: NVIDIA NVIDIA A100 80GB PCIe, compute cap.: 8.0, ECC: yes, stat: compatible
    #6: NVIDIA NVIDIA A100 80GB PCIe, compute cap.: 8.0, ECC: yes, stat: compatible

Likely fastest SIMD instructions supported by all nodes: AVX_512
SIMD instructions selected at compile time:              AVX2_256
Merely a note: it is unfortunately hard to know for sure which SIMD
instructons will perform best on this hardware. For non-GPU runs
on Intel CPUs with dual AVX-512 units, using AVX-512 can be good,
while AVX2 is often better for runs also using a GPU. Typically
this is just a few percent, so don't worry unless you are tuning.


++++ PLEASE READ AND CITE THE FOLLOWING REFERENCE ++++
M. J. Abraham, T. Murtola, R. Schulz, S. Páll, J. C. Smith, B. Hess, E.
Lindahl
GROMACS: High performance molecular simulations through multi-level
parallelism from laptops to supercomputers
SoftwareX 1 (2015) pp. 19-25
-------- -------- --- Thank You --- -------- --------


++++ PLEASE READ AND CITE THE FOLLOWING REFERENCE ++++
S. Páll, M. J. Abraham, C. Kutzner, B. Hess, E. Lindahl
Tackling Exascale Software Challenges in Molecular Dynamics Simulations with
GROMACS
In S. Markidis & E. Laure (Eds.), Solving Software Challenges for Exascale 8759 (2015) pp. 3-27
-------- -------- --- Thank You --- -------- --------


++++ PLEASE READ AND CITE THE FOLLOWING REFERENCE ++++
S. Pronk, S. Páll, R. Schulz, P. Larsson, P. Bjelkmar, R. Apostolov, M. R.
Shirts, J. C. Smith, P. M. Kasson, D. van der Spoel, B. Hess, and E. Lindahl
GROMACS 4.5: a high-throughput and highly parallel open source molecular
simulation toolkit
Bioinformatics 29 (2013) pp. 845-54
-------- -------- --- Thank You --- -------- --------


++++ PLEASE READ AND CITE THE FOLLOWING REFERENCE ++++
B. Hess and C. Kutzner and D. van der Spoel and E. Lindahl
GROMACS 4: Algorithms for highly efficient, load-balanced, and scalable
molecular simulation
J. Chem. Theory Comput. 4 (2008) pp. 435-447
-------- -------- --- Thank You --- -------- --------


++++ PLEASE READ AND CITE THE FOLLOWING REFERENCE ++++
D. van der Spoel, E. Lindahl, B. Hess, G. Groenhof, A. E. Mark and H. J. C.
Berendsen
GROMACS: Fast, Flexible and Free
J. Comp. Chem. 26 (2005) pp. 1701-1719
-------- -------- --- Thank You --- -------- --------


++++ PLEASE READ AND CITE THE FOLLOWING REFERENCE ++++
E. Lindahl and B. Hess and D. van der Spoel
GROMACS 3.0: A package for molecular simulation and trajectory analysis
J. Mol. Mod. 7 (2001) pp. 306-317
-------- -------- --- Thank You --- -------- --------


++++ PLEASE READ AND CITE THE FOLLOWING REFERENCE ++++
H. J. C. Berendsen, D. van der Spoel and R. van Drunen
GROMACS: A message-passing parallel molecular dynamics implementation
Comp. Phys. Comm. 91 (1995) pp. 43-56
-------- -------- --- Thank You --- -------- --------


++++ PLEASE CITE THE DOI FOR THIS VERSION OF GROMACS ++++
https://doi.org/10.5281/zenodo.14016590
-------- -------- --- Thank You --- -------- --------

Input Parameters:
   integrator                     = md
   tinit                          = 0
   dt                             = 0.002
   nsteps                         = 500000
   init-step                      = 0
   simulation-part                = 1
   mts                            = false
   mass-repartition-factor        = 1
   comm-mode                      = Linear
   nstcomm                        = 100
   bd-fric                        = 0
   ld-seed                        = -1242319635
   emtol                          = 10
   emstep                         = 0.01
   niter                          = 20
   fcstep                         = 0
   nstcgsteep                     = 1000
   nbfgscorr                      = 10
   rtpi                           = 0.05
   nstxout                        = 0
   nstvout                        = 0
   nstfout                        = 0
   nstlog                         = 5000
   nstcalcenergy                  = 100
   nstenergy                      = 5000
   nstxout-compressed             = 5000
   compressed-x-precision         = 1000
   cutoff-scheme                  = Verlet
   nstlist                        = 20
   pbc                            = xyz
   periodic-molecules             = false
   verlet-buffer-tolerance        = 0.005
   verlet-buffer-pressure-tolerance = 0.5
   rlist                          = 1.028
   coulombtype                    = PME
   coulomb-modifier               = Potential-shift
   rcoulomb-switch                = 0
   rcoulomb                       = 1
   epsilon-r                      = 1
   epsilon-rf                     = inf
   vdw-type                       = Cut-off
   vdw-modifier                   = Potential-shift
   rvdw-switch                    = 0
   rvdw                           = 1
   DispCorr                       = EnerPres
   table-extension                = 1
   fourierspacing                 = 0.16
   fourier-nx                     = 96
   fourier-ny                     = 96
   fourier-nz                     = 96
   pme-order                      = 4
   ewald-rtol                     = 1e-05
   ewald-rtol-lj                  = 0.001
   lj-pme-comb-rule               = Geometric
   ewald-geometry                 = 3d
   epsilon-surface                = 0
   ensemble-temperature-setting   = constant
   ensemble-temperature           = 300
   tcoupl                         = V-rescale
   nsttcouple                     = 10
   nh-chain-length                = 0
   print-nose-hoover-chain-variables = false
   pcoupl                         = Parrinello-Rahman
   pcoupltype                     = Isotropic
   nstpcouple                     = 50
   tau-p                          = 2
   compressibility (3x3):
      compressibility[    0]={ 4.50000e-05,  0.00000e+00,  0.00000e+00}
      compressibility[    1]={ 0.00000e+00,  4.50000e-05,  0.00000e+00}
      compressibility[    2]={ 0.00000e+00,  0.00000e+00,  4.50000e-05}
   ref-p (3x3):
      ref-p[    0]={ 1.00000e+00,  0.00000e+00,  0.00000e+00}
      ref-p[    1]={ 0.00000e+00,  1.00000e+00,  0.00000e+00}
      ref-p[    2]={ 0.00000e+00,  0.00000e+00,  1.00000e+00}
   refcoord-scaling               = No
   posres-com (3):
      posres-com[0]= 0.00000e+00
      posres-com[1]= 0.00000e+00
      posres-com[2]= 0.00000e+00
   posres-comB (3):
      posres-comB[0]= 0.00000e+00
      posres-comB[1]= 0.00000e+00
      posres-comB[2]= 0.00000e+00
   QMMM                           = false
qm-opts:
   ngQM                           = 0
   constraint-algorithm           = Lincs
   continuation                   = true
   Shake-SOR                      = false
   shake-tol                      = 0.0001
   lincs-order                    = 4
   lincs-iter                     = 1
   lincs-warnangle                = 30
   nwall                          = 0
   wall-type                      = 9-3
   wall-r-linpot                  = -1
   wall-atomtype[0]               = -1
   wall-atomtype[1]               = -1
   wall-density[0]                = 0
   wall-density[1]                = 0
   wall-ewald-zfac                = 3
   pull                           = false
   awh                            = false
   rotation                       = false
   interactiveMD                  = false
   disre                          = No
   disre-weighting                = Conservative
   disre-mixed                    = false
   dr-fc                          = 1000
   dr-tau                         = 0
   nstdisreout                    = 100
   orire-fc                       = 0
   orire-tau                      = 0
   nstorireout                    = 100
   free-energy                    = no
   cos-acceleration               = 0
   deform (3x3):
      deform[    0]={ 0.00000e+00,  0.00000e+00,  0.00000e+00}
      deform[    1]={ 0.00000e+00,  0.00000e+00,  0.00000e+00}
      deform[    2]={ 0.00000e+00,  0.00000e+00,  0.00000e+00}
   simulated-tempering            = false
   swapcoords                     = no
   userint1                       = 0
   userint2                       = 0
   userint3                       = 0
   userint4                       = 0
   userreal1                      = 0
   userreal2                      = 0
   userreal3                      = 0
   userreal4                      = 0
   applied-forces:
     electric-field:
       x:
         E0                       = 0
         omega                    = 0
         t0                       = 0
         sigma                    = 0
       y:
         E0                       = 0
         omega                    = 0
         t0                       = 0
         sigma                    = 0
       z:
         E0                       = 0
         omega                    = 0
         t0                       = 0
         sigma                    = 0
     density-guided-simulation:
       active                     = false
       group                      = protein
       similarity-measure         = inner-product
       atom-spreading-weight      = unity
       force-constant             = 1e+09
       gaussian-transform-spreading-width = 0.2
       gaussian-transform-spreading-range-in-multiples-of-width = 4
       reference-density-filename = reference.mrc
       nst                        = 1
       normalize-densities        = true
       adaptive-force-scaling     = false
       adaptive-force-scaling-time-constant = 4
       shift-vector               = 
       transformation-matrix      = 
     qmmm-cp2k:
       active                     = false
       qmgroup                    = System
       qmmethod                   = PBE
       qmfilenames                = 
       qmcharge                   = 0
       qmmultiplicity             = 1
     colvars:
       active                     = false
       configfile                 = 
       seed                       = -1
grpopts:
   nrdf:     14727.9      329835
   ref-t:         300         300
   tau-t:         0.1         0.1
annealing:          No          No
annealing-npoints:           0           0
   acc:	           0           0           0
   nfreeze:           N           N           N
   energygrp-flags[  0]: 0

Changing nstlist from 20 to 100, rlist from 1.028 to 1.163

Update groups can not be used for this system because atoms that are (in)directly constrained together are interdispersed with other atoms

1 GPU selected for this run.
Mapping of GPU IDs to the 1 GPU task in the 1 rank on this node:
  PP:0
PP tasks will do (non-perturbed) short-ranged interactions on the GPU
PP task will update and constrain coordinates on the CPU
Using 1 MPI thread
Using 8 OpenMP threads 

System total charge: 0.000
Will do PME sum in reciprocal space for electrostatic interactions.

++++ PLEASE READ AND CITE THE FOLLOWING REFERENCE ++++
U. Essmann, L. Perera, M. L. Berkowitz, T. Darden, H. Lee and L. G. Pedersen 
A smooth particle mesh Ewald method
J. Chem. Phys. 103 (1995) pp. 8577-8592
-------- -------- --- Thank You --- -------- --------

Using a Gaussian width (1/beta) of 0.320163 nm for Ewald
Potential shift: LJ r^-12: -1.000e+00 r^-6: -1.000e+00, Ewald -1.000e-05
Initialized non-bonded Coulomb Ewald tables, spacing: 9.33e-04 size: 1073

Generated table with 1081 data points for 1-4 COUL.
Tabscale = 500 points/nm
Generated table with 1081 data points for 1-4 LJ6.
Tabscale = 500 points/nm
Generated table with 1081 data points for 1-4 LJ12.
Tabscale = 500 points/nm
Long Range LJ corr.: <C6> 2.9488e-04


Using GPU 8x8 nonbonded short-range kernels

Using a dual 8x8 pair-list setup updated with dynamic, rolling pruning:
  outer list: updated every 100 steps, buffer 0.163 nm, rlist 1.163 nm
  inner list: updated every   8 steps, buffer 0.001 nm, rlist 1.001 nm
At tolerance 0.005 kJ/mol/ps per atom, equivalent classical 1x1 list would be:
  outer list: updated every 100 steps, buffer 0.310 nm, rlist 1.310 nm
  inner list: updated every   8 steps, buffer 0.031 nm, rlist 1.031 nm

The average pressure is off by at most 0.52 bar due to missing LJ interactions

Using Lorentz-Berthelot Lennard-Jones combination rule

NOTE: The number of threads is not equal to the number of (logical) cpus
      and the -pin option is set to auto: will not pin threads to cpus.
      This can lead to significant performance degradation.
      Consider using -pin on (and -pinoffset in case you run multiple jobs).

Initializing LINear Constraint Solver

++++ PLEASE READ AND CITE THE FOLLOWING REFERENCE ++++
B. Hess and H. Bekker and H. J. C. Berendsen and J. G. E. M. Fraaije
LINCS: A Linear Constraint Solver for molecular simulations
J. Comp. Chem. 18 (1997) pp. 1463-1472
-------- -------- --- Thank You --- -------- --------

The number of constraints is 2948

++++ PLEASE READ AND CITE THE FOLLOWING REFERENCE ++++
S. Miyamoto and P. A. Kollman
SETTLE: An Analytical Version of the SHAKE and RATTLE Algorithms for Rigid
Water Models
J. Comp. Chem. 13 (1992) pp. 952-962
-------- -------- --- Thank You --- -------- --------


++++ PLEASE READ AND CITE THE FOLLOWING REFERENCE ++++
G. Bussi, D. Donadio and M. Parrinello
Canonical sampling through velocity rescaling
J. Chem. Phys. 126 (2007) pp. 014101
-------- -------- --- Thank You --- -------- --------

There are: 170652 Atoms
Center of mass motion removal mode is Linear
We have the following groups for center of mass motion removal:
  0:  rest

Started mdrun on rank 0 Mon Jun  8 20:58:28 2026

           Step           Time
              0        0.00000

   Energies (kJ/mol)
           Bond          Angle    Proper Dih. Per. Imp. Dih.          LJ-14
    4.34051e+03    1.18855e+04    1.44431e+04    6.95552e+02    5.50929e+03
     Coulomb-14        LJ (SR)  Disper. corr.   Coulomb (SR)   Coul. recip.
    6.69290e+04    3.45080e+05   -2.08248e+04   -2.80211e+06    1.60026e+04
      Potential    Kinetic En.   Total Energy  Conserved En.    Temperature
   -2.35805e+06    4.30850e+05   -1.92720e+06   -1.92710e+06    3.00783e+02
 Pres. DC (bar) Pressure (bar)   Constr. rmsd
   -2.00681e+02    9.27426e+01    4.48931e-06

step  900: timed with pme grid 96 96 96, coulomb cutoff 1.000: 1271.0 M-cycles
step 1100: timed with pme grid 80 80 80, coulomb cutoff 1.052: 1145.1 M-cycles
step 1300: timed with pme grid 72 72 72, coulomb cutoff 1.169: 990.2 M-cycles
step 1500: timed with pme grid 64 64 64, coulomb cutoff 1.315: 924.2 M-cycles
step 1500: the maximum allowed grid scaling limits the PME load balancing to a coulomb cut-off of 1.402
step 1700: timed with pme grid 60 60 60, coulomb cutoff 1.402: 917.3 M-cycles
step 1900: timed with pme grid 64 64 64, coulomb cutoff 1.315: 908.0 M-cycles
step 2100: timed with pme grid 72 72 72, coulomb cutoff 1.169: 954.7 M-cycles
step 2300: timed with pme grid 60 60 60, coulomb cutoff 1.402: 892.8 M-cycles
step 2500: timed with pme grid 64 64 64, coulomb cutoff 1.315: 901.9 M-cycles
step 2700: timed with pme grid 72 72 72, coulomb cutoff 1.169: 949.8 M-cycles
step 2900: timed with pme grid 60 60 60, coulomb cutoff 1.402: 859.0 M-cycles
step 3100: timed with pme grid 64 64 64, coulomb cutoff 1.315: 909.8 M-cycles
step 3300: timed with pme grid 72 72 72, coulomb cutoff 1.169: 966.4 M-cycles
step 3500: timed with pme grid 60 60 60, coulomb cutoff 1.402: 895.4 M-cycles
step 3700: timed with pme grid 64 64 64, coulomb cutoff 1.315: 903.0 M-cycles
step 3900: timed with pme grid 72 72 72, coulomb cutoff 1.169: 962.7 M-cycles
              optimal pme grid 60 60 60, coulomb cutoff 1.402
           Step           Time
           5000       10.00000

   Energies (kJ/mol)
           Bond          Angle    Proper Dih. Per. Imp. Dih.          LJ-14
    4.37193e+03    1.19828e+04    1.43711e+04    7.36528e+02    5.51175e+03
     Coulomb-14        LJ (SR)  Disper. corr.   Coulomb (SR)   Coul. recip.
    6.65192e+04    3.43703e+05   -2.08038e+04   -2.79150e+06    5.09712e+03
      Potential    Kinetic En.   Total Energy  Conserved En.    Temperature
   -2.36001e+06    4.28636e+05   -1.93138e+06   -1.92669e+06    2.99237e+02
 Pres. DC (bar) Pressure (bar)   Constr. rmsd
   -2.00276e+02   -4.10822e+00    4.35114e-06

           Step           Time
          10000       20.00000

   Energies (kJ/mol)
           Bond          Angle    Proper Dih. Per. Imp. Dih.          LJ-14
    4.74122e+03    1.20150e+04    1.43163e+04    6.88474e+02    5.39994e+03
     Coulomb-14        LJ (SR)  Disper. corr.   Coulomb (SR)   Coul. recip.
    6.63861e+04    3.43206e+05   -2.09330e+04   -2.79312e+06    5.01244e+03
      Potential    Kinetic En.   Total Energy  Conserved En.    Temperature
   -2.36229e+06    4.31431e+05   -1.93086e+06   -1.92668e+06    3.01188e+02
 Pres. DC (bar) Pressure (bar)   Constr. rmsd
   -2.02768e+02    2.52162e+01    4.59806e-06

           Step           Time
          15000       30.00000

   Energies (kJ/mol)
           Bond          Angle    Proper Dih. Per. Imp. Dih.          LJ-14
    4.71618e+03    1.19208e+04    1.41486e+04    7.01815e+02    5.53373e+03
     Coulomb-14        LJ (SR)  Disper. corr.   Coulomb (SR)   Coul. recip.
    6.64041e+04    3.41990e+05   -2.08706e+04   -2.79281e+06    5.12294e+03
      Potential    Kinetic En.   Total Energy  Conserved En.    Temperature
   -2.36314e+06    4.31013e+05   -1.93213e+06   -1.92671e+06    3.00897e+02
 Pres. DC (bar) Pressure (bar)   Constr. rmsd
   -2.01564e+02   -4.55187e+01    4.42583e-06

           Step           Time
          20000       40.00000

   Energies (kJ/mol)
           Bond          Angle    Proper Dih. Per. Imp. Dih.          LJ-14
    4.43441e+03    1.20864e+04    1.42231e+04    6.50640e+02    5.50903e+03
     Coulomb-14        LJ (SR)  Disper. corr.   Coulomb (SR)   Coul. recip.
    6.64069e+04    3.44426e+05   -2.08418e+04   -2.79453e+06    5.07046e+03
      Potential    Kinetic En.   Total Energy  Conserved En.    Temperature
   -2.36256e+06    4.30116e+05   -1.93245e+06   -1.92665e+06    3.00270e+02
 Pres. DC (bar) Pressure (bar)   Constr. rmsd
   -2.01008e+02    4.89611e+01    4.44453e-06

           Step           Time
          25000       50.00000

   Energies (kJ/mol)
           Bond          Angle    Proper Dih. Per. Imp. Dih.          LJ-14
    4.48086e+03    1.21562e+04    1.42917e+04    6.98098e+02    5.41010e+03
     Coulomb-14        LJ (SR)  Disper. corr.   Coulomb (SR)   Coul. recip.
    6.64570e+04    3.41513e+05   -2.09034e+04   -2.79330e+06    5.12366e+03
      Potential    Kinetic En.   Total Energy  Conserved En.    Temperature
   -2.36407e+06    4.29283e+05   -1.93479e+06   -1.92654e+06    2.99689e+02
 Pres. DC (bar) Pressure (bar)   Constr. rmsd
   -2.02196e+02   -5.64348e+01    4.26347e-06

           Step           Time
          30000       60.00000

   Energies (kJ/mol)
           Bond          Angle    Proper Dih. Per. Imp. Dih.          LJ-14
    4.53421e+03    1.17220e+04    1.41304e+04    7.06619e+02    5.54140e+03
     Coulomb-14        LJ (SR)  Disper. corr.   Coulomb (SR)   Coul. recip.
    6.67668e+04    3.40193e+05   -2.08431e+04   -2.79082e+06    5.07460e+03
      Potential    Kinetic En.   Total Energy  Conserved En.    Temperature
   -2.36299e+06    4.28068e+05   -1.93492e+06   -1.92645e+06    2.98841e+02
 Pres. DC (bar) Pressure (bar)   Constr. rmsd
   -2.01033e+02   -1.13397e+02    4.31646e-06

           Step           Time
          35000       70.00000

   Energies (kJ/mol)
           Bond          Angle    Proper Dih. Per. Imp. Dih.          LJ-14
    4.48908e+03    1.22096e+04    1.40226e+04    6.42900e+02    5.52919e+03
     Coulomb-14        LJ (SR)  Disper. corr.   Coulomb (SR)   Coul. recip.
    6.64316e+04    3.43954e+05   -2.08869e+04   -2.79312e+06    4.99100e+03
      Potential    Kinetic En.   Total Energy  Conserved En.    Temperature
   -2.36174e+06    4.29876e+05   -1.93186e+06   -1.92643e+06    3.00103e+02
 Pres. DC (bar) Pressure (bar)   Constr. rmsd
   -2.01877e+02    5.77323e+01    4.38125e-06

           Step           Time
          40000       80.00000

   Energies (kJ/mol)
           Bond          Angle    Proper Dih. Per. Imp. Dih.          LJ-14
    4.55731e+03    1.22257e+04    1.40976e+04    6.94915e+02    5.50137e+03
     Coulomb-14        LJ (SR)  Disper. corr.   Coulomb (SR)   Coul. recip.
    6.67301e+04    3.42218e+05   -2.08789e+04   -2.79124e+06    5.13899e+03
      Potential    Kinetic En.   Total Energy  Conserved En.    Temperature
   -2.36095e+06    4.30138e+05   -1.93081e+06   -1.92638e+06    3.00286e+02
 Pres. DC (bar) Pressure (bar)   Constr. rmsd
   -2.01722e+02   -1.74675e+01    4.27562e-06

           Step           Time
          45000       90.00000

   Energies (kJ/mol)
           Bond          Angle    Proper Dih. Per. Imp. Dih.          LJ-14
    4.81684e+03    1.20649e+04    1.43238e+04    6.54975e+02    5.44051e+03
     Coulomb-14        LJ (SR)  Disper. corr.   Coulomb (SR)   Coul. recip.
    6.66865e+04    3.39064e+05   -2.08234e+04   -2.78531e+06    5.06086e+03
      Potential    Kinetic En.   Total Energy  Conserved En.    Temperature
   -2.35802e+06    4.31944e+05   -1.92608e+06   -1.92629e+06    3.01547e+02
 Pres. DC (bar) Pressure (bar)   Constr. rmsd
   -2.00654e+02   -1.54187e+02    4.52763e-06

           Step           Time
          50000      100.00000

   Energies (kJ/mol)
           Bond          Angle    Proper Dih. Per. Imp. Dih.          LJ-14
    4.54210e+03    1.23704e+04    1.42591e+04    6.99685e+02    5.52062e+03
     Coulomb-14        LJ (SR)  Disper. corr.   Coulomb (SR)   Coul. recip.
    6.65364e+04    3.42532e+05   -2.09153e+04   -2.79321e+06    5.21856e+03
      Potential    Kinetic En.   Total Energy  Conserved En.    Temperature
   -2.36245e+06    4.29702e+05   -1.93275e+06   -1.92622e+06    2.99981e+02
 Pres. DC (bar) Pressure (bar)   Constr. rmsd
   -2.02427e+02    2.72737e+01    4.34195e-06

           Step           Time
          55000      110.00000

   Energies (kJ/mol)
           Bond          Angle    Proper Dih. Per. Imp. Dih.          LJ-14
    4.85812e+03    1.19716e+04    1.41246e+04    6.90502e+02    5.43469e+03
     Coulomb-14        LJ (SR)  Disper. corr.   Coulomb (SR)   Coul. recip.
    6.63442e+04    3.42455e+05   -2.08376e+04   -2.78901e+06    5.05605e+03
      Potential    Kinetic En.   Total Energy  Conserved En.    Temperature
   -2.35892e+06    4.31054e+05   -1.92786e+06   -1.92614e+06    3.00925e+02
 Pres. DC (bar) Pressure (bar)   Constr. rmsd
   -2.00927e+02   -1.17818e+01    4.49494e-06

           Step           Time
          60000      120.00000

   Energies (kJ/mol)
           Bond          Angle    Proper Dih. Per. Imp. Dih.          LJ-14
    4.53471e+03    1.21015e+04    1.42086e+04    7.09943e+02    5.54845e+03
     Coulomb-14        LJ (SR)  Disper. corr.   Coulomb (SR)   Coul. recip.
    6.64989e+04    3.42502e+05   -2.07749e+04   -2.78852e+06    5.02456e+03
      Potential    Kinetic En.   Total Energy  Conserved En.    Temperature
   -2.35816e+06    4.29987e+05   -1.92817e+06   -1.92609e+06    3.00180e+02
 Pres. DC (bar) Pressure (bar)   Constr. rmsd
   -1.99721e+02   -2.37858e+00    4.29084e-06

           Step           Time
          65000      130.00000

   Energies (kJ/mol)
           Bond          Angle    Proper Dih. Per. Imp. Dih.          LJ-14
    4.38698e+03    1.20445e+04    1.41840e+04    7.10756e+02    5.49324e+03
     Coulomb-14        LJ (SR)  Disper. corr.   Coulomb (SR)   Coul. recip.
    6.68662e+04    3.44840e+05   -2.08761e+04   -2.79668e+06    5.11769e+03
      Potential    Kinetic En.   Total Energy  Conserved En.    Temperature
   -2.36391e+06    4.29876e+05   -1.93404e+06   -1.92607e+06    3.00103e+02
 Pres. DC (bar) Pressure (bar)   Constr. rmsd
   -2.01669e+02    4.40940e+01    4.40967e-06

           Step           Time
          70000      140.00000

   Energies (kJ/mol)
           Bond          Angle    Proper Dih. Per. Imp. Dih.          LJ-14
    4.35912e+03    1.19826e+04    1.41918e+04    7.06727e+02    5.44894e+03
     Coulomb-14        LJ (SR)  Disper. corr.   Coulomb (SR)   Coul. recip.
    6.68420e+04    3.45626e+05   -2.09452e+04   -2.79605e+06    5.04403e+03
      Potential    Kinetic En.   Total Energy  Conserved En.    Temperature
   -2.36280e+06    4.30590e+05   -1.93221e+06   -1.92600e+06    3.00602e+02
 Pres. DC (bar) Pressure (bar)   Constr. rmsd
   -2.03005e+02    1.26448e+02    4.40437e-06

           Step           Time
          75000      150.00000

   Energies (kJ/mol)
           Bond          Angle    Proper Dih. Per. Imp. Dih.          LJ-14
    4.57062e+03    1.18993e+04    1.43393e+04    6.94883e+02    5.51579e+03
     Coulomb-14        LJ (SR)  Disper. corr.   Coulomb (SR)   Coul. recip.
    6.64991e+04    3.45215e+05   -2.08709e+04   -2.79607e+06    4.96360e+03
      Potential    Kinetic En.   Total Energy  Conserved En.    Temperature
   -2.36324e+06    4.31216e+05   -1.93202e+06   -1.92582e+06    3.01039e+02
 Pres. DC (bar) Pressure (bar)   Constr. rmsd
   -2.01568e+02    6.34363e+01    4.29721e-06

           Step           Time
          80000      160.00000

   Energies (kJ/mol)
           Bond          Angle    Proper Dih. Per. Imp. Dih.          LJ-14
    4.51187e+03    1.19996e+04    1.41775e+04    7.33862e+02    5.50120e+03
     Coulomb-14        LJ (SR)  Disper. corr.   Coulomb (SR)   Coul. recip.
    6.64223e+04    3.43238e+05   -2.08289e+04   -2.79296e+06    5.03865e+03
      Potential    Kinetic En.   Total Energy  Conserved En.    Temperature
   -2.36217e+06    4.28786e+05   -1.93338e+06   -1.92566e+06    2.99342e+02
 Pres. DC (bar) Pressure (bar)   Constr. rmsd
   -2.00759e+02   -4.12130e+01    4.38994e-06

           Step           Time
          85000      170.00000

   Energies (kJ/mol)
           Bond          Angle    Proper Dih. Per. Imp. Dih.          LJ-14
    4.44445e+03    1.19419e+04    1.41866e+04    7.24768e+02    5.39113e+03
     Coulomb-14        LJ (SR)  Disper. corr.   Coulomb (SR)   Coul. recip.
    6.66856e+04    3.46392e+05   -2.08998e+04   -2.79694e+06    4.94828e+03
      Potential    Kinetic En.   Total Energy  Conserved En.    Temperature
   -2.36312e+06    4.27960e+05   -1.93516e+06   -1.92562e+06    2.98765e+02
 Pres. DC (bar) Pressure (bar)   Constr. rmsd
   -2.02126e+02    7.86871e+01    4.38086e-06

           Step           Time
          90000      180.00000

   Energies (kJ/mol)
           Bond          Angle    Proper Dih. Per. Imp. Dih.          LJ-14
    4.49651e+03    1.22039e+04    1.43552e+04    6.89801e+02    5.43631e+03
     Coulomb-14        LJ (SR)  Disper. corr.   Coulomb (SR)   Coul. recip.
    6.65501e+04    3.43738e+05   -2.08713e+04   -2.79327e+06    4.97144e+03
      Potential    Kinetic En.   Total Energy  Conserved En.    Temperature
   -2.36170e+06    4.28820e+05   -1.93288e+06   -1.92559e+06    2.99366e+02
 Pres. DC (bar) Pressure (bar)   Constr. rmsd
   -2.01576e+02    2.30489e+00    4.41368e-06

           Step           Time
          95000      190.00000

   Energies (kJ/mol)
           Bond          Angle    Proper Dih. Per. Imp. Dih.          LJ-14
    4.42277e+03    1.20707e+04    1.41737e+04    7.67146e+02    5.55987e+03
     Coulomb-14        LJ (SR)  Disper. corr.   Coulomb (SR)   Coul. recip.
    6.65130e+04    3.47845e+05   -2.08531e+04   -2.79820e+06    5.11050e+03
      Potential    Kinetic En.   Total Energy  Conserved En.    Temperature
   -2.36259e+06    4.30410e+05   -1.93218e+06   -1.92545e+06    3.00476e+02
 Pres. DC (bar) Pressure (bar)   Constr. rmsd
   -2.01226e+02    1.24658e+02    4.30386e-06

           Step           Time
         100000      200.00000

   Energies (kJ/mol)
           Bond          Angle    Proper Dih. Per. Imp. Dih.          LJ-14
    4.34757e+03    1.23053e+04    1.43006e+04    7.17992e+02    5.47585e+03
     Coulomb-14        LJ (SR)  Disper. corr.   Coulomb (SR)   Coul. recip.
    6.66371e+04    3.43861e+05   -2.09253e+04   -2.79774e+06    5.02037e+03
      Potential    Kinetic En.   Total Energy  Conserved En.    Temperature
   -2.36600e+06    4.29645e+05   -1.93635e+06   -1.92534e+06    2.99942e+02
 Pres. DC (bar) Pressure (bar)   Constr. rmsd
   -2.02620e+02    1.94562e+01    4.47101e-06

           Step           Time
         105000      210.00000

   Energies (kJ/mol)
           Bond          Angle    Proper Dih. Per. Imp. Dih.          LJ-14
    4.50861e+03    1.22731e+04    1.41063e+04    6.63716e+02    5.59695e+03
     Coulomb-14        LJ (SR)  Disper. corr.   Coulomb (SR)   Coul. recip.
    6.64535e+04    3.43197e+05   -2.08617e+04   -2.79307e+06    4.96968e+03
      Potential    Kinetic En.   Total Energy  Conserved En.    Temperature
   -2.36216e+06    4.30660e+05   -1.93150e+06   -1.92514e+06    3.00651e+02
 Pres. DC (bar) Pressure (bar)   Constr. rmsd
   -2.01391e+02    5.95452e+01    4.37865e-06

           Step           Time
         110000      220.00000

   Energies (kJ/mol)
           Bond          Angle    Proper Dih. Per. Imp. Dih.          LJ-14
    4.44078e+03    1.22117e+04    1.42418e+04    7.04964e+02    5.43722e+03
     Coulomb-14        LJ (SR)  Disper. corr.   Coulomb (SR)   Coul. recip.
    6.64029e+04    3.43969e+05   -2.08828e+04   -2.79187e+06    5.01843e+03
      Potential    Kinetic En.   Total Energy  Conserved En.    Temperature
   -2.36033e+06    4.28739e+05   -1.93159e+06   -1.92510e+06    2.99309e+02
 Pres. DC (bar) Pressure (bar)   Constr. rmsd
   -2.01798e+02    4.35303e+01    4.27634e-06

           Step           Time
         115000      230.00000

   Energies (kJ/mol)
           Bond          Angle    Proper Dih. Per. Imp. Dih.          LJ-14
    4.57381e+03    1.21979e+04    1.43689e+04    7.17366e+02    5.39162e+03
     Coulomb-14        LJ (SR)  Disper. corr.   Coulomb (SR)   Coul. recip.
    6.66009e+04    3.41399e+05   -2.08513e+04   -2.78786e+06    5.01642e+03
      Potential    Kinetic En.   Total Energy  Conserved En.    Temperature
   -2.35844e+06    4.29498e+05   -1.92895e+06   -1.92510e+06    2.99839e+02
 Pres. DC (bar) Pressure (bar)   Constr. rmsd
   -2.01190e+02   -4.50653e+01    4.32385e-06

           Step           Time
         120000      240.00000

   Energies (kJ/mol)
           Bond          Angle    Proper Dih. Per. Imp. Dih.          LJ-14
    4.49905e+03    1.22384e+04    1.40587e+04    7.36440e+02    5.53045e+03
     Coulomb-14        LJ (SR)  Disper. corr.   Coulomb (SR)   Coul. recip.
    6.66029e+04    3.41851e+05   -2.08859e+04   -2.78988e+06    4.99935e+03
      Potential    Kinetic En.   Total Energy  Conserved En.    Temperature
   -2.36025e+06    4.30539e+05   -1.92971e+06   -1.92510e+06    3.00566e+02
 Pres. DC (bar) Pressure (bar)   Constr. rmsd
   -2.01859e+02   -4.77260e+00    4.33630e-06

           Step           Time
         125000      250.00000

   Energies (kJ/mol)
           Bond          Angle    Proper Dih. Per. Imp. Dih.          LJ-14
    4.46814e+03    1.23945e+04    1.42296e+04    7.60425e+02    5.45920e+03
     Coulomb-14        LJ (SR)  Disper. corr.   Coulomb (SR)   Coul. recip.
    6.68416e+04    3.46451e+05   -2.08564e+04   -2.79640e+06    4.97033e+03
      Potential    Kinetic En.   Total Energy  Conserved En.    Temperature
   -2.36168e+06    4.31133e+05   -1.93055e+06   -1.92496e+06    3.00981e+02
 Pres. DC (bar) Pressure (bar)   Constr. rmsd
   -2.01289e+02    5.55799e+01    4.44790e-06

           Step           Time
         130000      260.00000

   Energies (kJ/mol)
           Bond          Angle    Proper Dih. Per. Imp. Dih.          LJ-14
    4.56527e+03    1.21061e+04    1.41712e+04    6.92156e+02    5.53293e+03
     Coulomb-14        LJ (SR)  Disper. corr.   Coulomb (SR)   Coul. recip.
    6.65679e+04    3.45007e+05   -2.08475e+04   -2.79573e+06    5.00601e+03
      Potential    Kinetic En.   Total Energy  Conserved En.    Temperature
   -2.36293e+06    4.29132e+05   -1.93380e+06   -1.92475e+06    2.99584e+02
 Pres. DC (bar) Pressure (bar)   Constr. rmsd
   -2.01118e+02    7.85401e+00    4.29078e-06

           Step           Time
         135000      270.00000

   Energies (kJ/mol)
           Bond          Angle    Proper Dih. Per. Imp. Dih.          LJ-14
    4.68036e+03    1.20046e+04    1.40484e+04    6.53135e+02    5.52291e+03
     Coulomb-14        LJ (SR)  Disper. corr.   Coulomb (SR)   Coul. recip.
    6.68490e+04    3.41905e+05   -2.07985e+04   -2.78900e+06    5.04715e+03
      Potential    Kinetic En.   Total Energy  Conserved En.    Temperature
   -2.35909e+06    4.30886e+05   -1.92820e+06   -1.92477e+06    3.00808e+02
 Pres. DC (bar) Pressure (bar)   Constr. rmsd
   -2.00175e+02   -7.77211e+01    4.29290e-06

           Step           Time
         140000      280.00000

   Energies (kJ/mol)
           Bond          Angle    Proper Dih. Per. Imp. Dih.          LJ-14
    4.45675e+03    1.20748e+04    1.43207e+04    7.38465e+02    5.45241e+03
     Coulomb-14        LJ (SR)  Disper. corr.   Coulomb (SR)   Coul. recip.
    6.66716e+04    3.43243e+05   -2.09042e+04   -2.79435e+06    5.10536e+03
      Potential    Kinetic En.   Total Energy  Conserved En.    Temperature
   -2.36319e+06    4.28863e+05   -1.93433e+06   -1.92453e+06    2.99396e+02
 Pres. DC (bar) Pressure (bar)   Constr. rmsd
   -2.02213e+02    1.89698e+01    4.14925e-06

           Step           Time
         145000      290.00000

   Energies (kJ/mol)
           Bond          Angle    Proper Dih. Per. Imp. Dih.          LJ-14
    4.57794e+03    1.17539e+04    1.42856e+04    7.05898e+02    5.44092e+03
     Coulomb-14        LJ (SR)  Disper. corr.   Coulomb (SR)   Coul. recip.
    6.66506e+04    3.44241e+05   -2.09215e+04   -2.79495e+06    5.06109e+03
      Potential    Kinetic En.   Total Energy  Conserved En.    Temperature
   -2.36315e+06    4.28790e+05   -1.93436e+06   -1.92448e+06    2.99345e+02
 Pres. DC (bar) Pressure (bar)   Constr. rmsd
   -2.02545e+02    3.46691e+01    4.26845e-06

           Step           Time
         150000      300.00000

   Energies (kJ/mol)
           Bond          Angle    Proper Dih. Per. Imp. Dih.          LJ-14
    4.31967e+03    1.20393e+04    1.42867e+04    7.64021e+02    5.67374e+03
     Coulomb-14        LJ (SR)  Disper. corr.   Coulomb (SR)   Coul. recip.
    6.69508e+04    3.42846e+05   -2.09229e+04   -2.79416e+06    4.93040e+03
      Potential    Kinetic En.   Total Energy  Conserved En.    Temperature
   -2.36327e+06    4.28833e+05   -1.93444e+06   -1.92434e+06    2.99375e+02
 Pres. DC (bar) Pressure (bar)   Constr. rmsd
   -2.02573e+02    3.28664e+01    4.34356e-06

           Step           Time
         155000      310.00000

   Energies (kJ/mol)
           Bond          Angle    Proper Dih. Per. Imp. Dih.          LJ-14
    4.36639e+03    1.19822e+04    1.41518e+04    6.95486e+02    5.47390e+03
     Coulomb-14        LJ (SR)  Disper. corr.   Coulomb (SR)   Coul. recip.
    6.68338e+04    3.42977e+05   -2.09410e+04   -2.79593e+06    5.13839e+03
      Potential    Kinetic En.   Total Energy  Conserved En.    Temperature
   -2.36526e+06    4.31147e+05   -1.93411e+06   -1.92418e+06    3.00990e+02
 Pres. DC (bar) Pressure (bar)   Constr. rmsd
   -2.02923e+02    1.95601e+01    4.35074e-06

           Step           Time
         160000      320.00000

   Energies (kJ/mol)
           Bond          Angle    Proper Dih. Per. Imp. Dih.          LJ-14
    4.38492e+03    1.21687e+04    1.41400e+04    7.14408e+02    5.53328e+03
     Coulomb-14        LJ (SR)  Disper. corr.   Coulomb (SR)   Coul. recip.
    6.69887e+04    3.42123e+05   -2.08638e+04   -2.79151e+06    5.02914e+03
      Potential    Kinetic En.   Total Energy  Conserved En.    Temperature
   -2.36130e+06    4.29083e+05   -1.93221e+06   -1.92405e+06    2.99549e+02
 Pres. DC (bar) Pressure (bar)   Constr. rmsd
   -2.01432e+02   -4.68038e+01    4.23598e-06

           Step           Time
         165000      330.00000

   Energies (kJ/mol)
           Bond          Angle    Proper Dih. Per. Imp. Dih.          LJ-14
    4.50173e+03    1.22723e+04    1.43353e+04    7.21219e+02    5.51598e+03
     Coulomb-14        LJ (SR)  Disper. corr.   Coulomb (SR)   Coul. recip.
    6.65766e+04    3.43244e+05   -2.08741e+04   -2.79333e+06    5.01835e+03
      Potential    Kinetic En.   Total Energy  Conserved En.    Temperature
   -2.36202e+06    4.28916e+05   -1.93311e+06   -1.92387e+06    2.99433e+02
 Pres. DC (bar) Pressure (bar)   Constr. rmsd
   -2.01631e+02   -1.71507e+01    4.47430e-06

           Step           Time
         170000      340.00000

   Energies (kJ/mol)
           Bond          Angle    Proper Dih. Per. Imp. Dih.          LJ-14
    4.37922e+03    1.22210e+04    1.42019e+04    6.64123e+02    5.47702e+03
     Coulomb-14        LJ (SR)  Disper. corr.   Coulomb (SR)   Coul. recip.
    6.67573e+04    3.41635e+05   -2.08421e+04   -2.79227e+06    5.05513e+03
      Potential    Kinetic En.   Total Energy  Conserved En.    Temperature
   -2.36272e+06    4.29715e+05   -1.93300e+06   -1.92391e+06    2.99991e+02
 Pres. DC (bar) Pressure (bar)   Constr. rmsd
   -2.01014e+02   -8.34098e+01    4.55091e-06

           Step           Time
         175000      350.00000

   Energies (kJ/mol)
           Bond          Angle    Proper Dih. Per. Imp. Dih.          LJ-14
    4.59352e+03    1.22380e+04    1.39510e+04    6.66107e+02    5.45330e+03
     Coulomb-14        LJ (SR)  Disper. corr.   Coulomb (SR)   Coul. recip.
    6.63607e+04    3.44624e+05   -2.08473e+04   -2.79464e+06    5.17015e+03
      Potential    Kinetic En.   Total Energy  Conserved En.    Temperature
   -2.36243e+06    4.30598e+05   -1.93183e+06   -1.92387e+06    3.00607e+02
 Pres. DC (bar) Pressure (bar)   Constr. rmsd
   -2.01113e+02    5.31524e+01    4.24885e-06

           Step           Time
         180000      360.00000

   Energies (kJ/mol)
           Bond          Angle    Proper Dih. Per. Imp. Dih.          LJ-14
    4.33983e+03    1.22560e+04    1.41960e+04    6.82490e+02    5.60849e+03
     Coulomb-14        LJ (SR)  Disper. corr.   Coulomb (SR)   Coul. recip.
    6.68069e+04    3.43323e+05   -2.08652e+04   -2.79054e+06    4.98087e+03
      Potential    Kinetic En.   Total Energy  Conserved En.    Temperature
   -2.35921e+06    4.30339e+05   -1.92887e+06   -1.92373e+06    3.00426e+02
 Pres. DC (bar) Pressure (bar)   Constr. rmsd
   -2.01458e+02    7.19718e+01    4.37866e-06

           Step           Time
         185000      370.00000

   Energies (kJ/mol)
           Bond          Angle    Proper Dih. Per. Imp. Dih.          LJ-14
    4.44365e+03    1.22725e+04    1.42462e+04    7.52378e+02    5.53538e+03
     Coulomb-14        LJ (SR)  Disper. corr.   Coulomb (SR)   Coul. recip.
    6.64636e+04    3.42574e+05   -2.08216e+04   -2.79085e+06    4.93157e+03
      Potential    Kinetic En.   Total Energy  Conserved En.    Temperature
   -2.36046e+06    4.30640e+05   -1.92982e+06   -1.92366e+06    3.00636e+02
 Pres. DC (bar) Pressure (bar)   Constr. rmsd
   -2.00620e+02   -3.31027e+01    4.34612e-06

           Step           Time
         190000      380.00000

   Energies (kJ/mol)
           Bond          Angle    Proper Dih. Per. Imp. Dih.          LJ-14
    4.59943e+03    1.23040e+04    1.41303e+04    7.14601e+02    5.48294e+03
     Coulomb-14        LJ (SR)  Disper. corr.   Coulomb (SR)   Coul. recip.
    6.65203e+04    3.42019e+05   -2.08984e+04   -2.79402e+06    5.04018e+03
      Potential    Kinetic En.   Total Energy  Conserved En.    Temperature
   -2.36411e+06    4.29433e+05   -1.93468e+06   -1.92363e+06    2.99794e+02
 Pres. DC (bar) Pressure (bar)   Constr. rmsd
   -2.02099e+02   -7.85195e+01    4.27869e-06

           Step           Time
         195000      390.00000

   Energies (kJ/mol)
           Bond          Angle    Proper Dih. Per. Imp. Dih.          LJ-14
    4.77114e+03    1.19050e+04    1.42356e+04    7.25915e+02    5.39132e+03
     Coulomb-14        LJ (SR)  Disper. corr.   Coulomb (SR)   Coul. recip.
    6.65340e+04    3.41823e+05   -2.08030e+04   -2.78866e+06    5.14228e+03
      Potential    Kinetic En.   Total Energy  Conserved En.    Temperature
   -2.35894e+06    4.27637e+05   -1.93130e+06   -1.92364e+06    2.98540e+02
 Pres. DC (bar) Pressure (bar)   Constr. rmsd
   -2.00261e+02   -9.08180e+01    4.35801e-06

           Step           Time
         200000      400.00000

   Energies (kJ/mol)
           Bond          Angle    Proper Dih. Per. Imp. Dih.          LJ-14
    4.48643e+03    1.20918e+04    1.40877e+04    7.01489e+02    5.41785e+03
     Coulomb-14        LJ (SR)  Disper. corr.   Coulomb (SR)   Coul. recip.
    6.62273e+04    3.40672e+05   -2.08182e+04   -2.78840e+06    5.12912e+03
      Potential    Kinetic En.   Total Energy  Conserved En.    Temperature
   -2.36040e+06    4.28602e+05   -1.93180e+06   -1.92342e+06    2.99214e+02
 Pres. DC (bar) Pressure (bar)   Constr. rmsd
   -2.00554e+02   -9.40786e+01    4.33263e-06

           Step           Time
         205000      410.00000

   Energies (kJ/mol)
           Bond          Angle    Proper Dih. Per. Imp. Dih.          LJ-14
    4.56074e+03    1.17024e+04    1.42409e+04    6.93683e+02    5.46174e+03
     Coulomb-14        LJ (SR)  Disper. corr.   Coulomb (SR)   Coul. recip.
    6.66476e+04    3.41233e+05   -2.08514e+04   -2.78964e+06    5.00059e+03
      Potential    Kinetic En.   Total Energy  Conserved En.    Temperature
   -2.36095e+06    4.29907e+05   -1.93104e+06   -1.92345e+06    3.00124e+02
 Pres. DC (bar) Pressure (bar)   Constr. rmsd
   -2.01192e+02   -8.49972e+01    4.41825e-06

           Step           Time
         210000      420.00000

   Energies (kJ/mol)
           Bond          Angle    Proper Dih. Per. Imp. Dih.          LJ-14
    4.69158e+03    1.19177e+04    1.42014e+04    7.06585e+02    5.61784e+03
     Coulomb-14        LJ (SR)  Disper. corr.   Coulomb (SR)   Coul. recip.
    6.67733e+04    3.44602e+05   -2.09202e+04   -2.79613e+06    5.13351e+03
      Potential    Kinetic En.   Total Energy  Conserved En.    Temperature
   -2.36340e+06    4.30623e+05   -1.93278e+06   -1.92337e+06    3.00624e+02
 Pres. DC (bar) Pressure (bar)   Constr. rmsd
   -2.02521e+02    6.24577e+01    4.36487e-06

           Step           Time
         215000      430.00000

   Energies (kJ/mol)
           Bond          Angle    Proper Dih. Per. Imp. Dih.          LJ-14
    4.49322e+03    1.23698e+04    1.41695e+04    7.55801e+02    5.46150e+03
     Coulomb-14        LJ (SR)  Disper. corr.   Coulomb (SR)   Coul. recip.
    6.65764e+04    3.41128e+05   -2.08182e+04   -2.78929e+06    5.05837e+03
      Potential    Kinetic En.   Total Energy  Conserved En.    Temperature
   -2.36010e+06    4.29952e+05   -1.93015e+06   -1.92334e+06    3.00156e+02
 Pres. DC (bar) Pressure (bar)   Constr. rmsd
   -2.00553e+02   -6.59588e+01    4.39174e-06

           Step           Time
         220000      440.00000

   Energies (kJ/mol)
           Bond          Angle    Proper Dih. Per. Imp. Dih.          LJ-14
    4.56654e+03    1.21857e+04    1.41792e+04    6.76611e+02    5.42047e+03
     Coulomb-14        LJ (SR)  Disper. corr.   Coulomb (SR)   Coul. recip.
    6.63702e+04    3.40836e+05   -2.08601e+04   -2.78965e+06    5.08153e+03
      Potential    Kinetic En.   Total Energy  Conserved En.    Temperature
   -2.36120e+06    4.29469e+05   -1.93173e+06   -1.92322e+06    2.99819e+02
 Pres. DC (bar) Pressure (bar)   Constr. rmsd
   -2.01361e+02   -1.12079e+02    4.38908e-06

           Step           Time
         225000      450.00000

   Energies (kJ/mol)
           Bond          Angle    Proper Dih. Per. Imp. Dih.          LJ-14
    4.59327e+03    1.19807e+04    1.41353e+04    7.53043e+02    5.37287e+03
     Coulomb-14        LJ (SR)  Disper. corr.   Coulomb (SR)   Coul. recip.
    6.66980e+04    3.40754e+05   -2.08852e+04   -2.79297e+06    5.05484e+03
      Potential    Kinetic En.   Total Energy  Conserved En.    Temperature
   -2.36452e+06    4.27628e+05   -1.93689e+06   -1.92306e+06    2.98534e+02
 Pres. DC (bar) Pressure (bar)   Constr. rmsd
   -2.01845e+02   -1.17571e+02    4.33420e-06

           Step           Time
         230000      460.00000

   Energies (kJ/mol)
           Bond          Angle    Proper Dih. Per. Imp. Dih.          LJ-14
    4.40008e+03    1.20529e+04    1.40936e+04    6.60926e+02    5.51420e+03
     Coulomb-14        LJ (SR)  Disper. corr.   Coulomb (SR)   Coul. recip.
    6.68971e+04    3.42081e+05   -2.08464e+04   -2.79129e+06    4.94861e+03
      Potential    Kinetic En.   Total Energy  Conserved En.    Temperature
   -2.36149e+06    4.31487e+05   -1.93001e+06   -1.92307e+06    3.01228e+02
 Pres. DC (bar) Pressure (bar)   Constr. rmsd
   -2.01096e+02   -4.33703e+00    4.40956e-06

           Step           Time
         235000      470.00000

   Energies (kJ/mol)
           Bond          Angle    Proper Dih. Per. Imp. Dih.          LJ-14
    4.26404e+03    1.22430e+04    1.42261e+04    7.72225e+02    5.51964e+03
     Coulomb-14        LJ (SR)  Disper. corr.   Coulomb (SR)   Coul. recip.
    6.66394e+04    3.43166e+05   -2.09109e+04   -2.79295e+06    5.07372e+03
      Potential    Kinetic En.   Total Energy  Conserved En.    Temperature
   -2.36196e+06    4.29080e+05   -1.93288e+06   -1.92299e+06    2.99548e+02
 Pres. DC (bar) Pressure (bar)   Constr. rmsd
   -2.02340e+02   -2.51192e+00    4.40372e-06

           Step           Time
         240000      480.00000

   Energies (kJ/mol)
           Bond          Angle    Proper Dih. Per. Imp. Dih.          LJ-14
    4.54386e+03    1.21889e+04    1.40775e+04    6.60960e+02    5.53763e+03
     Coulomb-14        LJ (SR)  Disper. corr.   Coulomb (SR)   Coul. recip.
    6.67879e+04    3.41925e+05   -2.09177e+04   -2.78996e+06    5.05465e+03
      Potential    Kinetic En.   Total Energy  Conserved En.    Temperature
   -2.36010e+06    4.30122e+05   -1.92998e+06   -1.92289e+06    3.00275e+02
 Pres. DC (bar) Pressure (bar)   Constr. rmsd
   -2.02472e+02    3.61064e+01    4.44642e-06

           Step           Time
         245000      490.00000

   Energies (kJ/mol)
           Bond          Angle    Proper Dih. Per. Imp. Dih.          LJ-14
    4.52183e+03    1.21536e+04    1.41338e+04    7.60285e+02    5.54102e+03
     Coulomb-14        LJ (SR)  Disper. corr.   Coulomb (SR)   Coul. recip.
    6.65019e+04    3.45229e+05   -2.09134e+04   -2.79633e+06    4.85511e+03
      Potential    Kinetic En.   Total Energy  Conserved En.    Temperature
   -2.36354e+06    4.30016e+05   -1.93353e+06   -1.92289e+06    3.00200e+02
 Pres. DC (bar) Pressure (bar)   Constr. rmsd
   -2.02389e+02    1.34330e+02    4.32522e-06

           Step           Time
         250000      500.00000

   Energies (kJ/mol)
           Bond          Angle    Proper Dih. Per. Imp. Dih.          LJ-14
    4.48603e+03    1.19837e+04    1.41188e+04    6.43393e+02    5.44680e+03
     Coulomb-14        LJ (SR)  Disper. corr.   Coulomb (SR)   Coul. recip.
    6.63618e+04    3.43938e+05   -2.08033e+04   -2.79204e+06    5.04279e+03
      Potential    Kinetic En.   Total Energy  Conserved En.    Temperature
   -2.36082e+06    4.30380e+05   -1.93044e+06   -1.92297e+06    3.00455e+02
 Pres. DC (bar) Pressure (bar)   Constr. rmsd
   -2.00266e+02   -3.10338e+01    4.44303e-06

           Step           Time
         255000      510.00000

   Energies (kJ/mol)
           Bond          Angle    Proper Dih. Per. Imp. Dih.          LJ-14
    4.39926e+03    1.20119e+04    1.41402e+04    7.13911e+02    5.61929e+03
     Coulomb-14        LJ (SR)  Disper. corr.   Coulomb (SR)   Coul. recip.
    6.68034e+04    3.41560e+05   -2.07929e+04   -2.78956e+06    5.09348e+03
      Potential    Kinetic En.   Total Energy  Conserved En.    Temperature
   -2.36001e+06    4.30248e+05   -1.92976e+06   -1.92271e+06    3.00362e+02
 Pres. DC (bar) Pressure (bar)   Constr. rmsd
   -2.00067e+02   -6.43142e+01    4.58865e-06

           Step           Time
         260000      520.00000

   Energies (kJ/mol)
           Bond          Angle    Proper Dih. Per. Imp. Dih.          LJ-14
    4.42780e+03    1.21798e+04    1.42252e+04    6.98129e+02    5.47602e+03
     Coulomb-14        LJ (SR)  Disper. corr.   Coulomb (SR)   Coul. recip.
    6.65940e+04    3.41980e+05   -2.08903e+04   -2.79072e+06    5.00228e+03
      Potential    Kinetic En.   Total Energy  Conserved En.    Temperature
   -2.36102e+06    4.29917e+05   -1.93111e+06   -1.92259e+06    3.00132e+02
 Pres. DC (bar) Pressure (bar)   Constr. rmsd
   -2.01944e+02   -2.29675e+01    4.31281e-06

           Step           Time
         265000      530.00000

   Energies (kJ/mol)
           Bond          Angle    Proper Dih. Per. Imp. Dih.          LJ-14
    4.50739e+03    1.20683e+04    1.39958e+04    6.74705e+02    5.45400e+03
     Coulomb-14        LJ (SR)  Disper. corr.   Coulomb (SR)   Coul. recip.
    6.67212e+04    3.41654e+05   -2.08737e+04   -2.78922e+06    5.04252e+03
      Potential    Kinetic En.   Total Energy  Conserved En.    Temperature
   -2.35998e+06    4.29400e+05   -1.93058e+06   -1.92253e+06    2.99771e+02
 Pres. DC (bar) Pressure (bar)   Constr. rmsd
   -2.01624e+02   -2.91623e+01    4.38469e-06

           Step           Time
         270000      540.00000

   Energies (kJ/mol)
           Bond          Angle    Proper Dih. Per. Imp. Dih.          LJ-14
    4.32724e+03    1.18113e+04    1.41991e+04    6.86085e+02    5.52445e+03
     Coulomb-14        LJ (SR)  Disper. corr.   Coulomb (SR)   Coul. recip.
    6.66686e+04    3.45391e+05   -2.08823e+04   -2.79583e+06    4.94193e+03
      Potential    Kinetic En.   Total Energy  Conserved En.    Temperature
   -2.36316e+06    4.29026e+05   -1.93414e+06   -1.92251e+06    2.99509e+02
 Pres. DC (bar) Pressure (bar)   Constr. rmsd
   -2.01788e+02    6.65596e+01    4.30576e-06

           Step           Time
         275000      550.00000

   Energies (kJ/mol)
           Bond          Angle    Proper Dih. Per. Imp. Dih.          LJ-14
    4.40468e+03    1.21255e+04    1.42490e+04    7.37933e+02    5.51016e+03
     Coulomb-14        LJ (SR)  Disper. corr.   Coulomb (SR)   Coul. recip.
    6.64828e+04    3.42748e+05   -2.09189e+04   -2.79273e+06    5.10400e+03
      Potential    Kinetic En.   Total Energy  Conserved En.    Temperature
   -2.36229e+06    4.30003e+05   -1.93228e+06   -1.92249e+06    3.00191e+02
 Pres. DC (bar) Pressure (bar)   Constr. rmsd
   -2.02496e+02    3.76274e+01    4.30086e-06

           Step           Time
         280000      560.00000

   Energies (kJ/mol)
           Bond          Angle    Proper Dih. Per. Imp. Dih.          LJ-14
    4.37481e+03    1.19839e+04    1.40486e+04    7.15950e+02    5.46979e+03
     Coulomb-14        LJ (SR)  Disper. corr.   Coulomb (SR)   Coul. recip.
    6.65319e+04    3.42525e+05   -2.08336e+04   -2.79287e+06    5.07242e+03
      Potential    Kinetic En.   Total Energy  Conserved En.    Temperature
   -2.36298e+06    4.29375e+05   -1.93360e+06   -1.92245e+06    2.99754e+02
 Pres. DC (bar) Pressure (bar)   Constr. rmsd
   -2.00850e+02   -3.62119e+01    4.29344e-06

           Step           Time
         285000      570.00000

   Energies (kJ/mol)
           Bond          Angle    Proper Dih. Per. Imp. Dih.          LJ-14
    4.38910e+03    1.25350e+04    1.42203e+04    8.16874e+02    5.41249e+03
     Coulomb-14        LJ (SR)  Disper. corr.   Coulomb (SR)   Coul. recip.
    6.64998e+04    3.40378e+05   -2.07744e+04   -2.78725e+06    5.13878e+03
      Potential    Kinetic En.   Total Energy  Conserved En.    Temperature
   -2.35863e+06    4.30179e+05   -1.92845e+06   -1.92211e+06    3.00315e+02
 Pres. DC (bar) Pressure (bar)   Constr. rmsd
   -1.99711e+02   -1.44351e+02    4.46091e-06

           Step           Time
         290000      580.00000

   Energies (kJ/mol)
           Bond          Angle    Proper Dih. Per. Imp. Dih.          LJ-14
    4.45416e+03    1.20461e+04    1.41230e+04    6.90851e+02    5.51869e+03
     Coulomb-14        LJ (SR)  Disper. corr.   Coulomb (SR)   Coul. recip.
    6.66947e+04    3.41947e+05   -2.08755e+04   -2.79167e+06    5.15813e+03
      Potential    Kinetic En.   Total Energy  Conserved En.    Temperature
   -2.36191e+06    4.28951e+05   -1.93296e+06   -1.92199e+06    2.99457e+02
 Pres. DC (bar) Pressure (bar)   Constr. rmsd
   -2.01657e+02   -1.82725e+01    4.52118e-06

           Step           Time
         295000      590.00000

   Energies (kJ/mol)
           Bond          Angle    Proper Dih. Per. Imp. Dih.          LJ-14
    4.54880e+03    1.21316e+04    1.40306e+04    7.39080e+02    5.55650e+03
     Coulomb-14        LJ (SR)  Disper. corr.   Coulomb (SR)   Coul. recip.
    6.68696e+04    3.48023e+05   -2.08785e+04   -2.79882e+06    5.00153e+03
      Potential    Kinetic En.   Total Energy  Conserved En.    Temperature
   -2.36280e+06    4.29445e+05   -1.93336e+06   -1.92193e+06    2.99802e+02
 Pres. DC (bar) Pressure (bar)   Constr. rmsd
   -2.01716e+02    1.64658e+02    4.28673e-06

           Step           Time
         300000      600.00000

   Energies (kJ/mol)
           Bond          Angle    Proper Dih. Per. Imp. Dih.          LJ-14
    4.54063e+03    1.25865e+04    1.41348e+04    7.03292e+02    5.41740e+03
     Coulomb-14        LJ (SR)  Disper. corr.   Coulomb (SR)   Coul. recip.
    6.63574e+04    3.45555e+05   -2.08956e+04   -2.79516e+06    5.05374e+03
      Potential    Kinetic En.   Total Energy  Conserved En.    Temperature
   -2.36171e+06    4.29047e+05   -1.93266e+06   -1.92179e+06    2.99524e+02
 Pres. DC (bar) Pressure (bar)   Constr. rmsd
   -2.02046e+02    7.87803e+01    4.34357e-06

           Step           Time
         305000      610.00000

   Energies (kJ/mol)
           Bond          Angle    Proper Dih. Per. Imp. Dih.          LJ-14
    4.48254e+03    1.24445e+04    1.42698e+04    6.85330e+02    5.37715e+03
     Coulomb-14        LJ (SR)  Disper. corr.   Coulomb (SR)   Coul. recip.
    6.68207e+04    3.40605e+05   -2.07909e+04   -2.78871e+06    5.16094e+03
      Potential    Kinetic En.   Total Energy  Conserved En.    Temperature
   -2.35966e+06    4.31396e+05   -1.92826e+06   -1.92186e+06    3.01164e+02
 Pres. DC (bar) Pressure (bar)   Constr. rmsd
   -2.00028e+02   -1.29637e+02    4.43002e-06

           Step           Time
         310000      620.00000

   Energies (kJ/mol)
           Bond          Angle    Proper Dih. Per. Imp. Dih.          LJ-14
    4.43726e+03    1.23651e+04    1.40932e+04    7.54494e+02    5.52979e+03
     Coulomb-14        LJ (SR)  Disper. corr.   Coulomb (SR)   Coul. recip.
    6.69190e+04    3.43043e+05   -2.08394e+04   -2.79132e+06    5.02039e+03
      Potential    Kinetic En.   Total Energy  Conserved En.    Temperature
   -2.36000e+06    4.29441e+05   -1.93056e+06   -1.92165e+06    2.99799e+02
 Pres. DC (bar) Pressure (bar)   Constr. rmsd
   -2.00962e+02    1.20907e+01    4.53492e-06

Writing checkpoint, step 313200 at Mon Jun  8 21:13:29 2026


           Step           Time
         315000      630.00000

   Energies (kJ/mol)
           Bond          Angle    Proper Dih. Per. Imp. Dih.          LJ-14
    4.70492e+03    1.24219e+04    1.42437e+04    6.94186e+02    5.53492e+03
     Coulomb-14        LJ (SR)  Disper. corr.   Coulomb (SR)   Coul. recip.
    6.65838e+04    3.38827e+05   -2.08860e+04   -2.78629e+06    5.10426e+03
      Potential    Kinetic En.   Total Energy  Conserved En.    Temperature
   -2.35907e+06    4.30553e+05   -1.92851e+06   -1.92159e+06    3.00575e+02
 Pres. DC (bar) Pressure (bar)   Constr. rmsd
   -2.01860e+02   -4.67587e+01    4.31310e-06

           Step           Time
         320000      640.00000

   Energies (kJ/mol)
           Bond          Angle    Proper Dih. Per. Imp. Dih.          LJ-14
    4.27686e+03    1.21793e+04    1.40966e+04    6.49682e+02    5.47556e+03
     Coulomb-14        LJ (SR)  Disper. corr.   Coulomb (SR)   Coul. recip.
    6.66764e+04    3.42196e+05   -2.07488e+04   -2.79163e+06    5.07220e+03
      Potential    Kinetic En.   Total Energy  Conserved En.    Temperature
   -2.36176e+06    4.29178e+05   -1.93258e+06   -1.92153e+06    2.99616e+02
 Pres. DC (bar) Pressure (bar)   Constr. rmsd
   -1.99220e+02   -1.05641e+02    4.36133e-06

           Step           Time
         325000      650.00000

   Energies (kJ/mol)
           Bond          Angle    Proper Dih. Per. Imp. Dih.          LJ-14
    4.41817e+03    1.19512e+04    1.41567e+04    7.03649e+02    5.51483e+03
     Coulomb-14        LJ (SR)  Disper. corr.   Coulomb (SR)   Coul. recip.
    6.67285e+04    3.39792e+05   -2.08661e+04   -2.78860e+06    5.03572e+03
      Potential    Kinetic En.   Total Energy  Conserved En.    Temperature
   -2.36117e+06    4.28665e+05   -1.93251e+06   -1.92145e+06    2.99257e+02
 Pres. DC (bar) Pressure (bar)   Constr. rmsd
   -2.01476e+02   -8.48433e+01    4.11330e-06

           Step           Time
         330000      660.00000

   Energies (kJ/mol)
           Bond          Angle    Proper Dih. Per. Imp. Dih.          LJ-14
    4.54722e+03    1.22508e+04    1.41302e+04    7.19785e+02    5.45721e+03
     Coulomb-14        LJ (SR)  Disper. corr.   Coulomb (SR)   Coul. recip.
    6.64612e+04    3.40246e+05   -2.07874e+04   -2.78752e+06    5.03017e+03
      Potential    Kinetic En.   Total Energy  Conserved En.    Temperature
   -2.35946e+06    4.30332e+05   -1.92913e+06   -1.92134e+06    3.00421e+02
 Pres. DC (bar) Pressure (bar)   Constr. rmsd
   -1.99960e+02   -1.54589e+02    4.40742e-06

           Step           Time
         335000      670.00000

   Energies (kJ/mol)
           Bond          Angle    Proper Dih. Per. Imp. Dih.          LJ-14
    4.73700e+03    1.21347e+04    1.41274e+04    6.92761e+02    5.38869e+03
     Coulomb-14        LJ (SR)  Disper. corr.   Coulomb (SR)   Coul. recip.
    6.64978e+04    3.45374e+05   -2.09004e+04   -2.79635e+06    5.05683e+03
      Potential    Kinetic En.   Total Energy  Conserved En.    Temperature
   -2.36324e+06    4.28134e+05   -1.93511e+06   -1.92095e+06    2.98887e+02
 Pres. DC (bar) Pressure (bar)   Constr. rmsd
   -2.02138e+02    1.95245e+01    4.63245e-06

           Step           Time
         340000      680.00000

   Energies (kJ/mol)
           Bond          Angle    Proper Dih. Per. Imp. Dih.          LJ-14
    4.55508e+03    1.22321e+04    1.40558e+04    6.61578e+02    5.52894e+03
     Coulomb-14        LJ (SR)  Disper. corr.   Coulomb (SR)   Coul. recip.
    6.64139e+04    3.43889e+05   -2.08938e+04   -2.79249e+06    5.08102e+03
      Potential    Kinetic En.   Total Energy  Conserved En.    Temperature
   -2.36096e+06    4.31807e+05   -1.92916e+06   -1.92071e+06    3.01451e+02
 Pres. DC (bar) Pressure (bar)   Constr. rmsd
   -2.02010e+02    6.32498e+01    4.39203e-06

           Step           Time
         345000      690.00000

   Energies (kJ/mol)
           Bond          Angle    Proper Dih. Per. Imp. Dih.          LJ-14
    4.45934e+03    1.23315e+04    1.39882e+04    6.81264e+02    5.60459e+03
     Coulomb-14        LJ (SR)  Disper. corr.   Coulomb (SR)   Coul. recip.
    6.69174e+04    3.42466e+05   -2.09380e+04   -2.79279e+06    4.97146e+03
      Potential    Kinetic En.   Total Energy  Conserved En.    Temperature
   -2.36230e+06    4.31542e+05   -1.93076e+06   -1.92064e+06    3.01266e+02
 Pres. DC (bar) Pressure (bar)   Constr. rmsd
   -2.02865e+02    9.87227e+01    4.26285e-06

           Step           Time
         350000      700.00000

   Energies (kJ/mol)
           Bond          Angle    Proper Dih. Per. Imp. Dih.          LJ-14
    4.49767e+03    1.19730e+04    1.42197e+04    6.76089e+02    5.52339e+03
     Coulomb-14        LJ (SR)  Disper. corr.   Coulomb (SR)   Coul. recip.
    6.64214e+04    3.43465e+05   -2.08946e+04   -2.79272e+06    5.05283e+03
      Potential    Kinetic En.   Total Energy  Conserved En.    Temperature
   -2.36178e+06    4.30236e+05   -1.93155e+06   -1.92051e+06    3.00354e+02
 Pres. DC (bar) Pressure (bar)   Constr. rmsd
   -2.02026e+02    6.25050e+01    4.44663e-06

           Step           Time
         355000      710.00000

   Energies (kJ/mol)
           Bond          Angle    Proper Dih. Per. Imp. Dih.          LJ-14
    4.64986e+03    1.22258e+04    1.40930e+04    6.26515e+02    5.43351e+03
     Coulomb-14        LJ (SR)  Disper. corr.   Coulomb (SR)   Coul. recip.
    6.65289e+04    3.44477e+05   -2.08453e+04   -2.79288e+06    5.27328e+03
      Potential    Kinetic En.   Total Energy  Conserved En.    Temperature
   -2.36042e+06    4.30210e+05   -1.93021e+06   -1.92048e+06    3.00336e+02
 Pres. DC (bar) Pressure (bar)   Constr. rmsd
   -2.01075e+02    2.88628e+01    4.20685e-06

           Step           Time
         360000      720.00000

   Energies (kJ/mol)
           Bond          Angle    Proper Dih. Per. Imp. Dih.          LJ-14
    4.44877e+03    1.24209e+04    1.40140e+04    6.82485e+02    5.52826e+03
     Coulomb-14        LJ (SR)  Disper. corr.   Coulomb (SR)   Coul. recip.
    6.59856e+04    3.44125e+05   -2.08061e+04   -2.79197e+06    5.02177e+03
      Potential    Kinetic En.   Total Energy  Conserved En.    Temperature
   -2.36055e+06    4.30028e+05   -1.93052e+06   -1.92047e+06    3.00209e+02
 Pres. DC (bar) Pressure (bar)   Constr. rmsd
   -2.00320e+02    2.02861e+01    4.42811e-06

           Step           Time
         365000      730.00000

   Energies (kJ/mol)
           Bond          Angle    Proper Dih. Per. Imp. Dih.          LJ-14
    4.53767e+03    1.21893e+04    1.42478e+04    7.24087e+02    5.42586e+03
     Coulomb-14        LJ (SR)  Disper. corr.   Coulomb (SR)   Coul. recip.
    6.66730e+04    3.45144e+05   -2.08123e+04   -2.79379e+06    5.16473e+03
      Potential    Kinetic En.   Total Energy  Conserved En.    Temperature
   -2.36050e+06    4.29945e+05   -1.93055e+06   -1.92027e+06    3.00151e+02
 Pres. DC (bar) Pressure (bar)   Constr. rmsd
   -2.00441e+02   -1.95183e+01    4.28287e-06

           Step           Time
         370000      740.00000

   Energies (kJ/mol)
           Bond          Angle    Proper Dih. Per. Imp. Dih.          LJ-14
    4.46031e+03    1.17966e+04    1.40578e+04    6.39673e+02    5.43656e+03
     Coulomb-14        LJ (SR)  Disper. corr.   Coulomb (SR)   Coul. recip.
    6.64003e+04    3.43356e+05   -2.08609e+04   -2.79406e+06    5.06304e+03
      Potential    Kinetic En.   Total Energy  Conserved En.    Temperature
   -2.36372e+06    4.27129e+05   -1.93659e+06   -1.92027e+06    2.98186e+02
 Pres. DC (bar) Pressure (bar)   Constr. rmsd
   -2.01375e+02   -2.47274e+01    4.33991e-06

           Step           Time
         375000      750.00000

   Energies (kJ/mol)
           Bond          Angle    Proper Dih. Per. Imp. Dih.          LJ-14
    4.50699e+03    1.23090e+04    1.42580e+04    6.80200e+02    5.47718e+03
     Coulomb-14        LJ (SR)  Disper. corr.   Coulomb (SR)   Coul. recip.
    6.62445e+04    3.44134e+05   -2.09045e+04   -2.79527e+06    4.98000e+03
      Potential    Kinetic En.   Total Energy  Conserved En.    Temperature
   -2.36358e+06    4.29202e+05   -1.93438e+06   -1.92013e+06    2.99632e+02
 Pres. DC (bar) Pressure (bar)   Constr. rmsd
   -2.02217e+02    1.40515e+01    4.24799e-06

           Step           Time
         380000      760.00000

   Energies (kJ/mol)
           Bond          Angle    Proper Dih. Per. Imp. Dih.          LJ-14
    4.59740e+03    1.20024e+04    1.41170e+04    6.59758e+02    5.50128e+03
     Coulomb-14        LJ (SR)  Disper. corr.   Coulomb (SR)   Coul. recip.
    6.65370e+04    3.41842e+05   -2.08443e+04   -2.79065e+06    4.99551e+03
      Potential    Kinetic En.   Total Energy  Conserved En.    Temperature
   -2.36125e+06    4.31226e+05   -1.93002e+06   -1.92021e+06    3.01045e+02
 Pres. DC (bar) Pressure (bar)   Constr. rmsd
   -2.01055e+02   -4.01907e+01    4.09637e-06

           Step           Time
         385000      770.00000

   Energies (kJ/mol)
           Bond          Angle    Proper Dih. Per. Imp. Dih.          LJ-14
    4.49692e+03    1.19429e+04    1.41205e+04    7.18177e+02    5.53302e+03
     Coulomb-14        LJ (SR)  Disper. corr.   Coulomb (SR)   Coul. recip.
    6.64255e+04    3.42128e+05   -2.08628e+04   -2.78982e+06    5.05529e+03
      Potential    Kinetic En.   Total Energy  Conserved En.    Temperature
   -2.36026e+06    4.26222e+05   -1.93404e+06   -1.92002e+06    2.97552e+02
 Pres. DC (bar) Pressure (bar)   Constr. rmsd
   -2.01412e+02   -5.56534e+00    4.33557e-06

           Step           Time
         390000      780.00000

   Energies (kJ/mol)
           Bond          Angle    Proper Dih. Per. Imp. Dih.          LJ-14
    4.68199e+03    1.23235e+04    1.41460e+04    7.34178e+02    5.40405e+03
     Coulomb-14        LJ (SR)  Disper. corr.   Coulomb (SR)   Coul. recip.
    6.61854e+04    3.44172e+05   -2.08921e+04   -2.79222e+06    5.10738e+03
      Potential    Kinetic En.   Total Energy  Conserved En.    Temperature
   -2.36036e+06    4.30818e+05   -1.92954e+06   -1.91979e+06    3.00761e+02
 Pres. DC (bar) Pressure (bar)   Constr. rmsd
   -2.01977e+02    3.47797e+01    4.40511e-06

           Step           Time
         395000      790.00000

   Energies (kJ/mol)
           Bond          Angle    Proper Dih. Per. Imp. Dih.          LJ-14
    4.54506e+03    1.20920e+04    1.42082e+04    6.80863e+02    5.43780e+03
     Coulomb-14        LJ (SR)  Disper. corr.   Coulomb (SR)   Coul. recip.
    6.59400e+04    3.40977e+05   -2.08208e+04   -2.78901e+06    5.03640e+03
      Potential    Kinetic En.   Total Energy  Conserved En.    Temperature
   -2.36091e+06    4.30844e+05   -1.93007e+06   -1.91973e+06    3.00779e+02
 Pres. DC (bar) Pressure (bar)   Constr. rmsd
   -2.00604e+02   -9.14923e+01    4.26230e-06

           Step           Time
         400000      800.00000

   Energies (kJ/mol)
           Bond          Angle    Proper Dih. Per. Imp. Dih.          LJ-14
    4.52642e+03    1.21576e+04    1.41381e+04    7.14899e+02    5.52038e+03
     Coulomb-14        LJ (SR)  Disper. corr.   Coulomb (SR)   Coul. recip.
    6.65807e+04    3.41620e+05   -2.08643e+04   -2.79104e+06    4.99628e+03
      Potential    Kinetic En.   Total Energy  Conserved En.    Temperature
   -2.36165e+06    4.30715e+05   -1.93094e+06   -1.91970e+06    3.00689e+02
 Pres. DC (bar) Pressure (bar)   Constr. rmsd
   -2.01441e+02   -4.60451e+01    4.30537e-06

           Step           Time
         405000      810.00000

   Energies (kJ/mol)
           Bond          Angle    Proper Dih. Per. Imp. Dih.          LJ-14
    4.55226e+03    1.22912e+04    1.42391e+04    7.19010e+02    5.59977e+03
     Coulomb-14        LJ (SR)  Disper. corr.   Coulomb (SR)   Coul. recip.
    6.66472e+04    3.43560e+05   -2.08857e+04   -2.79296e+06    5.12700e+03
      Potential    Kinetic En.   Total Energy  Conserved En.    Temperature
   -2.36111e+06    4.29731e+05   -1.93138e+06   -1.91941e+06    3.00002e+02
 Pres. DC (bar) Pressure (bar)   Constr. rmsd
   -2.01854e+02    8.65311e+01    4.44596e-06

           Step           Time
         410000      820.00000

   Energies (kJ/mol)
           Bond          Angle    Proper Dih. Per. Imp. Dih.          LJ-14
    4.38984e+03    1.22677e+04    1.41414e+04    7.07062e+02    5.53247e+03
     Coulomb-14        LJ (SR)  Disper. corr.   Coulomb (SR)   Coul. recip.
    6.66215e+04    3.43286e+05   -2.09345e+04   -2.79385e+06    5.01983e+03
      Potential    Kinetic En.   Total Energy  Conserved En.    Temperature
   -2.36282e+06    4.29572e+05   -1.93325e+06   -1.91945e+06    2.99891e+02
 Pres. DC (bar) Pressure (bar)   Constr. rmsd
   -2.02799e+02    1.24930e+02    4.37786e-06

           Step           Time
         415000      830.00000

   Energies (kJ/mol)
           Bond          Angle    Proper Dih. Per. Imp. Dih.          LJ-14
    4.46616e+03    1.21559e+04    1.41119e+04    6.64790e+02    5.51870e+03
     Coulomb-14        LJ (SR)  Disper. corr.   Coulomb (SR)   Coul. recip.
    6.65605e+04    3.42327e+05   -2.08498e+04   -2.78911e+06    5.18180e+03
      Potential    Kinetic En.   Total Energy  Conserved En.    Temperature
   -2.35897e+06    4.29571e+05   -1.92940e+06   -1.91940e+06    2.99890e+02
 Pres. DC (bar) Pressure (bar)   Constr. rmsd
   -2.01163e+02   -3.96846e+01    4.47433e-06

           Step           Time
         420000      840.00000

   Energies (kJ/mol)
           Bond          Angle    Proper Dih. Per. Imp. Dih.          LJ-14
    4.53309e+03    1.20508e+04    1.40612e+04    7.20357e+02    5.53348e+03
     Coulomb-14        LJ (SR)  Disper. corr.   Coulomb (SR)   Coul. recip.
    6.65845e+04    3.41529e+05   -2.08342e+04   -2.79048e+06    5.02583e+03
      Potential    Kinetic En.   Total Energy  Conserved En.    Temperature
   -2.36127e+06    4.29330e+05   -1.93194e+06   -1.91921e+06    2.99722e+02
 Pres. DC (bar) Pressure (bar)   Constr. rmsd
   -2.00861e+02   -6.56057e+01    4.27692e-06

           Step           Time
         425000      850.00000

   Energies (kJ/mol)
           Bond          Angle    Proper Dih. Per. Imp. Dih.          LJ-14
    4.34153e+03    1.22825e+04    1.43170e+04    7.36805e+02    5.50694e+03
     Coulomb-14        LJ (SR)  Disper. corr.   Coulomb (SR)   Coul. recip.
    6.64019e+04    3.39769e+05   -2.08291e+04   -2.78810e+06    5.02617e+03
      Potential    Kinetic En.   Total Energy  Conserved En.    Temperature
   -2.36055e+06    4.29119e+05   -1.93143e+06   -1.91920e+06    2.99574e+02
 Pres. DC (bar) Pressure (bar)   Constr. rmsd
   -2.00762e+02   -4.68726e+01    4.44098e-06

           Step           Time
         430000      860.00000

   Energies (kJ/mol)
           Bond          Angle    Proper Dih. Per. Imp. Dih.          LJ-14
    4.59879e+03    1.20050e+04    1.41325e+04    6.69944e+02    5.35380e+03
     Coulomb-14        LJ (SR)  Disper. corr.   Coulomb (SR)   Coul. recip.
    6.65448e+04    3.43235e+05   -2.09076e+04   -2.79411e+06    5.12962e+03
      Potential    Kinetic En.   Total Energy  Conserved En.    Temperature
   -2.36335e+06    4.27950e+05   -1.93540e+06   -1.91915e+06    2.98759e+02
 Pres. DC (bar) Pressure (bar)   Constr. rmsd
   -2.02278e+02   -2.63096e+01    4.39273e-06

           Step           Time
         435000      870.00000

   Energies (kJ/mol)
           Bond          Angle    Proper Dih. Per. Imp. Dih.          LJ-14
    4.51668e+03    1.22083e+04    1.41516e+04    7.11166e+02    5.46977e+03
     Coulomb-14        LJ (SR)  Disper. corr.   Coulomb (SR)   Coul. recip.
    6.67324e+04    3.41681e+05   -2.08619e+04   -2.79014e+06    5.13908e+03
      Potential    Kinetic En.   Total Energy  Conserved En.    Temperature
   -2.36039e+06    4.31168e+05   -1.92923e+06   -1.91920e+06    3.01005e+02
 Pres. DC (bar) Pressure (bar)   Constr. rmsd
   -2.01394e+02   -3.76804e+01    4.38050e-06

           Step           Time
         440000      880.00000

   Energies (kJ/mol)
           Bond          Angle    Proper Dih. Per. Imp. Dih.          LJ-14
    4.46438e+03    1.20921e+04    1.41630e+04    6.94927e+02    5.42679e+03
     Coulomb-14        LJ (SR)  Disper. corr.   Coulomb (SR)   Coul. recip.
    6.62515e+04    3.43179e+05   -2.09123e+04   -2.79497e+06    4.89435e+03
      Potential    Kinetic En.   Total Energy  Conserved En.    Temperature
   -2.36472e+06    4.28946e+05   -1.93577e+06   -1.91913e+06    2.99453e+02
 Pres. DC (bar) Pressure (bar)   Constr. rmsd
   -2.02369e+02   -1.58114e+01    4.41769e-06

           Step           Time
         445000      890.00000

   Energies (kJ/mol)
           Bond          Angle    Proper Dih. Per. Imp. Dih.          LJ-14
    4.52593e+03    1.23068e+04    1.41659e+04    7.36068e+02    5.52106e+03
     Coulomb-14        LJ (SR)  Disper. corr.   Coulomb (SR)   Coul. recip.
    6.64162e+04    3.42507e+05   -2.08470e+04   -2.78979e+06    5.11901e+03
      Potential    Kinetic En.   Total Energy  Conserved En.    Temperature
   -2.35934e+06    4.31849e+05   -1.92749e+06   -1.91900e+06    3.01480e+02
 Pres. DC (bar) Pressure (bar)   Constr. rmsd
   -2.01107e+02    6.37840e+00    4.43575e-06

           Step           Time
         450000      900.00000

   Energies (kJ/mol)
           Bond          Angle    Proper Dih. Per. Imp. Dih.          LJ-14
    4.65440e+03    1.21666e+04    1.41950e+04    7.48600e+02    5.49979e+03
     Coulomb-14        LJ (SR)  Disper. corr.   Coulomb (SR)   Coul. recip.
    6.63342e+04    3.41377e+05   -2.08985e+04   -2.78959e+06    5.13271e+03
      Potential    Kinetic En.   Total Energy  Conserved En.    Temperature
   -2.36038e+06    4.28624e+05   -1.93175e+06   -1.91886e+06    2.99229e+02
 Pres. DC (bar) Pressure (bar)   Constr. rmsd
   -2.02102e+02   -5.90719e+00    4.28454e-06

           Step           Time
         455000      910.00000

   Energies (kJ/mol)
           Bond          Angle    Proper Dih. Per. Imp. Dih.          LJ-14
    4.54936e+03    1.19190e+04    1.40430e+04    7.37203e+02    5.45887e+03
     Coulomb-14        LJ (SR)  Disper. corr.   Coulomb (SR)   Coul. recip.
    6.65433e+04    3.43812e+05   -2.08398e+04   -2.79534e+06    5.02040e+03
      Potential    Kinetic En.   Total Energy  Conserved En.    Temperature
   -2.36410e+06    4.29475e+05   -1.93462e+06   -1.91890e+06    2.99823e+02
 Pres. DC (bar) Pressure (bar)   Constr. rmsd
   -2.00969e+02   -4.45888e+01    4.40787e-06

           Step           Time
         460000      920.00000

   Energies (kJ/mol)
           Bond          Angle    Proper Dih. Per. Imp. Dih.          LJ-14
    4.29267e+03    1.22623e+04    1.42177e+04    6.74021e+02    5.48815e+03
     Coulomb-14        LJ (SR)  Disper. corr.   Coulomb (SR)   Coul. recip.
    6.66325e+04    3.44671e+05   -2.08520e+04   -2.79577e+06    5.03673e+03
      Potential    Kinetic En.   Total Energy  Conserved En.    Temperature
   -2.36335e+06    4.29997e+05   -1.93335e+06   -1.91883e+06    3.00188e+02
 Pres. DC (bar) Pressure (bar)   Constr. rmsd
   -2.01204e+02    7.07384e+01    4.41160e-06

           Step           Time
         465000      930.00000

   Energies (kJ/mol)
           Bond          Angle    Proper Dih. Per. Imp. Dih.          LJ-14
    4.41740e+03    1.19514e+04    1.43055e+04    7.33704e+02    5.54319e+03
     Coulomb-14        LJ (SR)  Disper. corr.   Coulomb (SR)   Coul. recip.
    6.63003e+04    3.43989e+05   -2.08895e+04   -2.79541e+06    4.98846e+03
      Potential    Kinetic En.   Total Energy  Conserved En.    Temperature
   -2.36407e+06    4.30184e+05   -1.93389e+06   -1.91880e+06    3.00318e+02
 Pres. DC (bar) Pressure (bar)   Constr. rmsd
   -2.01928e+02    3.49495e+00    4.37153e-06

           Step           Time
         470000      940.00000

   Energies (kJ/mol)
           Bond          Angle    Proper Dih. Per. Imp. Dih.          LJ-14
    4.52013e+03    1.23576e+04    1.40684e+04    7.40846e+02    5.47360e+03
     Coulomb-14        LJ (SR)  Disper. corr.   Coulomb (SR)   Coul. recip.
    6.64906e+04    3.41036e+05   -2.08484e+04   -2.78860e+06    5.03316e+03
      Potential    Kinetic En.   Total Energy  Conserved En.    Temperature
   -2.35973e+06    4.30296e+05   -1.92943e+06   -1.91876e+06    3.00396e+02
 Pres. DC (bar) Pressure (bar)   Constr. rmsd
   -2.01135e+02   -4.27557e+01    4.17007e-06

           Step           Time
         475000      950.00000

   Energies (kJ/mol)
           Bond          Angle    Proper Dih. Per. Imp. Dih.          LJ-14
    4.39255e+03    1.20156e+04    1.41797e+04    7.13826e+02    5.43494e+03
     Coulomb-14        LJ (SR)  Disper. corr.   Coulomb (SR)   Coul. recip.
    6.62966e+04    3.43857e+05   -2.09276e+04   -2.79577e+06    5.02320e+03
      Potential    Kinetic En.   Total Energy  Conserved En.    Temperature
   -2.36478e+06    4.30988e+05   -1.93380e+06   -1.91882e+06    3.00879e+02
 Pres. DC (bar) Pressure (bar)   Constr. rmsd
   -2.02664e+02    5.26946e+01    4.41357e-06

           Step           Time
         480000      960.00000

   Energies (kJ/mol)
           Bond          Angle    Proper Dih. Per. Imp. Dih.          LJ-14
    4.68591e+03    1.21773e+04    1.41640e+04    7.06106e+02    5.40299e+03
     Coulomb-14        LJ (SR)  Disper. corr.   Coulomb (SR)   Coul. recip.
    6.64427e+04    3.46654e+05   -2.09356e+04   -2.79753e+06    4.99296e+03
      Potential    Kinetic En.   Total Energy  Conserved En.    Temperature
   -2.36324e+06    4.28978e+05   -1.93426e+06   -1.91839e+06    2.99476e+02
 Pres. DC (bar) Pressure (bar)   Constr. rmsd
   -2.02818e+02    1.20648e+02    4.33049e-06

           Step           Time
         485000      970.00000

   Energies (kJ/mol)
           Bond          Angle    Proper Dih. Per. Imp. Dih.          LJ-14
    4.62417e+03    1.19956e+04    1.41381e+04    7.07470e+02    5.44574e+03
     Coulomb-14        LJ (SR)  Disper. corr.   Coulomb (SR)   Coul. recip.
    6.66556e+04    3.42477e+05   -2.08375e+04   -2.79053e+06    5.00326e+03
      Potential    Kinetic En.   Total Energy  Conserved En.    Temperature
   -2.36032e+06    4.28706e+05   -1.93162e+06   -1.91826e+06    2.99286e+02
 Pres. DC (bar) Pressure (bar)   Constr. rmsd
   -2.00924e+02   -3.20007e+01    4.24485e-06

           Step           Time
         490000      980.00000

   Energies (kJ/mol)
           Bond          Angle    Proper Dih. Per. Imp. Dih.          LJ-14
    4.47185e+03    1.20028e+04    1.41884e+04    6.72059e+02    5.53838e+03
     Coulomb-14        LJ (SR)  Disper. corr.   Coulomb (SR)   Coul. recip.
    6.69559e+04    3.43307e+05   -2.09207e+04   -2.79518e+06    4.89031e+03
      Potential    Kinetic En.   Total Energy  Conserved En.    Temperature
   -2.36408e+06    4.29295e+05   -1.93478e+06   -1.91803e+06    2.99697e+02
 Pres. DC (bar) Pressure (bar)   Constr. rmsd
   -2.02530e+02    1.26385e+00    4.30254e-06

           Step           Time
         495000      990.00000

   Energies (kJ/mol)
           Bond          Angle    Proper Dih. Per. Imp. Dih.          LJ-14
    4.33769e+03    1.19526e+04    1.41011e+04    6.80567e+02    5.54164e+03
     Coulomb-14        LJ (SR)  Disper. corr.   Coulomb (SR)   Coul. recip.
    6.66200e+04    3.42234e+05   -2.08394e+04   -2.79360e+06    5.07523e+03
      Potential    Kinetic En.   Total Energy  Conserved En.    Temperature
   -2.36389e+06    4.29697e+05   -1.93420e+06   -1.91785e+06    2.99978e+02
 Pres. DC (bar) Pressure (bar)   Constr. rmsd
   -2.00961e+02   -3.49832e+00    4.21118e-06

           Step           Time
         500000     1000.00000

Writing checkpoint, step 500000 at Mon Jun  8 21:22:20 2026


   Energies (kJ/mol)
           Bond          Angle    Proper Dih. Per. Imp. Dih.          LJ-14
    4.58077e+03    1.20608e+04    1.40639e+04    7.03280e+02    5.39292e+03
     Coulomb-14        LJ (SR)  Disper. corr.   Coulomb (SR)   Coul. recip.
    6.62473e+04    3.41884e+05   -2.08521e+04   -2.78977e+06    5.13086e+03
      Potential    Kinetic En.   Total Energy  Conserved En.    Temperature
   -2.36056e+06    4.29546e+05   -1.93102e+06   -1.91777e+06    2.99872e+02
 Pres. DC (bar) Pressure (bar)   Constr. rmsd
   -2.01206e+02   -6.14283e+01    4.48116e-06


Energy conservation over simulation part #1 of length 1000 ps, time 0 to 1000 ps
  Conserved energy drift: 5.46e-05 kJ/mol/ps per atom


	<======  ###############  ==>
	<====  A V E R A G E S  ====>
	<==  ###############  ======>

	Statistics over 500001 steps using 5001 frames

   Energies (kJ/mol)
           Bond          Angle    Proper Dih. Per. Imp. Dih.          LJ-14
    4.50305e+03    1.21014e+04    1.41709e+04    7.02165e+02    5.48204e+03
     Coulomb-14        LJ (SR)  Disper. corr.   Coulomb (SR)   Coul. recip.
    6.65845e+04    3.43138e+05   -2.08702e+04   -2.79294e+06    5.08192e+03
      Potential    Kinetic En.   Total Energy  Conserved En.    Temperature
   -2.36205e+06    4.29706e+05   -1.93234e+06   -1.92258e+06    2.99984e+02
 Pres. DC (bar) Pressure (bar)   Constr. rmsd
   -2.01556e+02   -1.40255e+00    0.00000e+00

          Box-X          Box-Y          Box-Z
    1.34526e+01    1.34526e+01    9.51244e+00

   Total Virial (kJ/mol)
    1.43334e+05    1.43520e+02    1.75251e+02
    1.43232e+02    1.43403e+05    6.17389e+01
    1.74632e+02    6.16126e+01    1.43201e+05

   Pressure (bar)
   -1.21498e+00   -1.17996e+00   -2.45925e+00
   -1.17440e+00   -2.75304e+00   -1.59095e+00
   -2.44732e+00   -1.58851e+00   -2.39623e-01

  T-Protein_LIGT-Water_and_ions
    3.00002e+02    2.99984e+02


       P P   -   P M E   L O A D   B A L A N C I N G

 NOTE: The PP/PME load balancing was limited by the maximum allowed grid scaling,
       you might not have reached a good load balance.

 PP/PME load balancing changed the cut-off and PME settings:
           particle-particle                    PME
            rcoulomb  rlist            grid      spacing   1/beta
   initial  1.000 nm  1.001 nm      96  96  96   0.140 nm  0.320 nm
   final    1.402 nm  1.403 nm      60  60  60   0.224 nm  0.449 nm
 cost-ratio           2.76             0.24
 (note that these numbers concern only part of the total PP and PME load)


	M E G A - F L O P S   A C C O U N T I N G

 NB=Group-cutoff nonbonded kernels    NxN=N-by-N cluster Verlet kernels
 RF=Reaction-Field  VdW=Van der Waals  QSTab=quadratic-spline table
 W3=SPC/TIP3p  W4=TIP4p (single or pairs)
 V&F=Potential and force  V=Potential only  F=Force only

 Computing:                               M-Number         M-Flops  % Flops
-----------------------------------------------------------------------------
 Pair Search distance check          117503.306352     1057529.757     0.0
 NxN QSTab Elec. + LJ [F]         156327487.728192  6409426996.856    97.0
 NxN QSTab Elec. + LJ [V&F]         1579381.911616    93183532.785     1.4
 1,4 nonbonded interactions            7750.515501      697546.395     0.0
 Calc Weights                        255978.511956     9215226.430     0.1
 Spread Q Bspline                   5460874.921728    10921749.843     0.2
 Gather F Bspline                   5460874.921728    32765249.530     0.5
 3D-FFT                             3862540.128730    30900321.030     0.5
 Solve PME                            56240.033200     3599362.125     0.1
 Shift-X                                853.430652        5120.584     0.0
 Bonds                                 1502.503005       88647.677     0.0
 Angles                                5385.510771      904765.810     0.0
 Propers                               8318.516637     1904940.310     0.0
 Impropers                              584.501169      121576.243     0.0
 Virial                                1707.140697       30728.533     0.0
 Stop-CM                                853.430652        8534.307     0.0
 Calc-Ekin                            17065.541304      460769.615     0.0
 Lincs                                 1474.002948       88440.177     0.0
 Lincs-Mat                             8088.016176       32352.065     0.0
 Constraint-V                         85169.170338      766522.533     0.0
 Constraint-Vir                        1674.067390       40177.617     0.0
 Settle                               27407.054814    10140610.281     0.2
-----------------------------------------------------------------------------
 Total                                              6606360700.504   100.0
-----------------------------------------------------------------------------


      R E A L   C Y C L E   A N D   T I M E   A C C O U N T I N G

On 1 MPI rank, each using 8 OpenMP threads

 Activity:              Num   Num      Call    Wall time         Giga-Cycles
                        Ranks Threads  Count      (s)         total sum    %
--------------------------------------------------------------------------------
 Neighbor search           1    8       5001      55.241        928.062   3.9
 Launch PP GPU ops.        1    8     500001      10.889        182.935   0.8
 Force                     1    8     500001      48.279        811.109   3.4
 PME mesh                  1    8     500001    1059.067      17792.675  74.0
 Wait GPU NB local         1    8     500001       3.156         53.015   0.2
 NB X/F buffer ops.        1    8     995001      99.963       1679.405   7.0
 Write traj.               1    8        102       0.881         14.803   0.1
 Update                    1    8     500001      65.729       1104.271   4.6
 Constraints               1    8     500001      67.296       1130.601   4.7
 Rest                                             21.441        360.223   1.5
--------------------------------------------------------------------------------
 Total                                          1431.941      24057.097 100.0
--------------------------------------------------------------------------------
 Breakdown of PME mesh activities
--------------------------------------------------------------------------------
 PME spread                1    8     500001     587.477       9869.814  41.0
 PME gather                1    8     500001     319.718       5371.374  22.3
 PME 3D-FFT                1    8    1000002     140.551       2361.306   9.8
 PME solve Elec            1    8     500001      10.278        172.669   0.7
--------------------------------------------------------------------------------

               Core t (s)   Wall t (s)        (%)
       Time:    11455.498     1431.941      800.0
                 (ns/day)    (hour/ns)
Performance:       60.338        0.398
Finished mdrun on rank 0 Mon Jun  8 21:22:21 2026

