                      :-) GROMACS - gmx mdrun, 2024.4 (-:

Copyright 1991-2024 The GROMACS Authors.
GROMACS is free software; you can redistribute it and/or modify it
under the terms of the GNU Lesser General Public License
as published by the Free Software Foundation; either version 2.1
of the License, or (at your option) any later version.

                         Current GROMACS contributors:
       Mark Abraham           Andrey Alekseenko           Vladimir Basov      
      Cathrine Bergh            Eliane Briand               Ania Brown        
      Mahesh Doijade            Giacomo Fiorin          Stefan Fleischmann    
      Sergey Gorelov         Gilles Gouaillardet            Alan Gray         
     M. Eric Irrgang         Farzaneh Jalalypour            Joe Jordan        
     Carsten Kutzner           Justin A. Lemkul          Magnus Lundborg      
       Pascal Merz              Vedran Miletic            Dmitry Morozov      
       Julien Nabet              Szilard Pall        Andrea Pasquadibisceglie 
    Michele Pellegrino          Hubert Santuz             Roland Schulz       
     Tatiana Shugaeva          Alexey Shvetsov            Philip Turner       
     Alessandra Villa      Sebastian Wingbermuehle  

                         Previous GROMACS contributors:
        Emile Apol             Rossen Apostolov           James Barnett       
        Paul Bauer          Herman J.C. Berendsen          Par Bjelkmar       
      Christian Blau          Viacheslav Bolnykh            Kevin Boyd        
    Aldert van Buuren          Carlo Camilloni           Rudi van Drunen      
      Anton Feenstra           Oliver Fleetwood            Vytas Gapsys       
       Gaurav Garg             Gerrit Groenhof            Bert de Groot       
      Anca Hamuraru           Vincent Hindriksen          Victor Holanda      
     Aleksei Iupinov          Christoph Junghans        Prashanth Kanduri     
   Dimitrios Karkoulis           Peter Kasson             Sebastian Kehl      
     Sebastian Keller             Jiri Kraus               Per Larsson        
      Viveca Lindahl            Erik Marklund           Pieter Meulenhoff     
      Teemu Murtola              Sander Pronk             Michael Shirts      
      Alfons Sijbers            Balint Soproni         David van der Spoel    
      Peter Tieleman            Carsten Uphoff             Jon Vincent        
     Teemu Virolainen         Christian Wennberg           Maarten Wolf       
      Artem Zhmurov       

                  Coordinated by the GROMACS project leaders:
                           Berk Hess and Erik Lindahl

GROMACS:      gmx mdrun, version 2024.4
Executable:   /home/dioxide421/gromacs-gpu/bin/gmx
Data prefix:  /home/dioxide421/gromacs-gpu
Working dir:  /home/dioxide421/Molecular_Dynamics_sim/output/6VQN
Process ID:   52105
Command line:
  gmx mdrun -deffnm nvt -nb gpu -pme cpu -bonded cpu -update cpu -ntmpi 1 -ntomp 8 -gpu_id 0

GROMACS version:     2024.4
Precision:           mixed
Memory model:        64 bit
MPI library:         thread_mpi
OpenMP support:      enabled (GMX_OPENMP_MAX_THREADS = 128)
GPU support:         CUDA
NBNxM GPU setup:     super-cluster 2x2x2 / cluster 8
SIMD instructions:   AVX2_256
CPU FFT library:     fftw-3.3.11-sse2-avx
GPU FFT library:     cuFFT
Multi-GPU FFT:       none
RDTSCP usage:        enabled
TNG support:         enabled
Hwloc support:       disabled
Tracing support:     disabled
C compiler:          /usr/bin/cc GNU 11.4.0
C compiler flags:    -fexcess-precision=fast -funroll-all-loops -mavx2 -mfma -Wno-missing-field-initializers -O3 -DNDEBUG
C++ compiler:        /usr/bin/c++ GNU 11.4.0
C++ compiler flags:  -fexcess-precision=fast -funroll-all-loops -mavx2 -mfma -Wno-missing-field-initializers -Wno-cast-function-type-strict -fopenmp -O3 -DNDEBUG
BLAS library:        Internal
LAPACK library:      Internal
CUDA compiler:       /usr/local/cuda-12.2/bin/nvcc nvcc: NVIDIA (R) Cuda compiler driver;Copyright (c) 2005-2023 NVIDIA Corporation;Built on Tue_Jul_11_02:20:44_PDT_2023;Cuda compilation tools, release 12.2, V12.2.128;Build cuda_12.2.r12.2/compiler.33053471_0
CUDA compiler flags:-std=c++17;--generate-code=arch=compute_80,code=sm_80;-use_fast_math;-Xptxas;-warn-double-usage;-Xptxas;-Werror;-D_FORCE_INLINES;-Xcompiler;-fopenmp;-fexcess-precision=fast -funroll-all-loops -mavx2 -mfma -Wno-missing-field-initializers -Wno-cast-function-type-strict -fopenmp -O3 -DNDEBUG
CUDA driver:         12.20
CUDA runtime:        12.20


Running on 1 node with total 64 cores, 128 processing units, 7 compatible GPUs
Hardware detected on host usw:
  CPU info:
    Vendor: Intel
    Brand:  Intel(R) Xeon(R) Gold 6430
    Family: 6   Model: 143   Stepping: 8
    Features: aes apic avx avx2 avx512f avx512cd avx512bw avx512vl avx512bf16 avx512secondFMA clfsh cmov cx8 cx16 f16c fma htt intel lahf mmx msr nonstop_tsc pcid pclmuldq pdcm pdpe1gb popcnt pse rdrnd rdtscp sha sse2 sse3 sse4.1 sse4.2 ssse3 tdt x2apic
    Number of AVX-512 FMA units: 2
  Hardware topology: Basic
    Packages, cores, and logical processors:
    [indices refer to OS logical processors]
      Package  0: [   0  64] [   1  65] [   2  66] [   3  67] [   4  68] [   5  69] [   6  70] [   7  71] [   8  72] [   9  73] [  10  74] [  11  75] [  12  76] [  13  77] [  14  78] [  15  79] [  16  80] [  17  81] [  18  82] [  19  83] [  20  84] [  21  85] [  22  86] [  23  87] [  24  88] [  25  89] [  26  90] [  27  91] [  28  92] [  29  93] [  30  94] [  31  95]
      Package  1: [  32  96] [  33  97] [  34  98] [  35  99] [  36 100] [  37 101] [  38 102] [  39 103] [  40 104] [  41 105] [  42 106] [  43 107] [  44 108] [  45 109] [  46 110] [  47 111] [  48 112] [  49 113] [  50 114] [  51 115] [  52 116] [  53 117] [  54 118] [  55 119] [  56 120] [  57 121] [  58 122] [  59 123] [  60 124] [  61 125] [  62 126] [  63 127]
    CPU limit set by OS: -1   Recommended max number of threads: 128
  GPU info:
    Number of GPUs detected: 7
    #0: NVIDIA NVIDIA A100 80GB PCIe, compute cap.: 8.0, ECC: yes, stat: compatible
    #1: NVIDIA NVIDIA A100 80GB PCIe, compute cap.: 8.0, ECC: yes, stat: compatible
    #2: NVIDIA NVIDIA A100 80GB PCIe, compute cap.: 8.0, ECC: yes, stat: compatible
    #3: NVIDIA NVIDIA A100 80GB PCIe, compute cap.: 8.0, ECC: yes, stat: compatible
    #4: NVIDIA NVIDIA A100 80GB PCIe, compute cap.: 8.0, ECC: yes, stat: compatible
    #5: NVIDIA NVIDIA A100 80GB PCIe, compute cap.: 8.0, ECC: yes, stat: compatible
    #6: NVIDIA NVIDIA A100 80GB PCIe, compute cap.: 8.0, ECC: yes, stat: compatible

Likely fastest SIMD instructions supported by all nodes: AVX_512
SIMD instructions selected at compile time:              AVX2_256
Merely a note: it is unfortunately hard to know for sure which SIMD
instructons will perform best on this hardware. For non-GPU runs
on Intel CPUs with dual AVX-512 units, using AVX-512 can be good,
while AVX2 is often better for runs also using a GPU. Typically
this is just a few percent, so don't worry unless you are tuning.


++++ PLEASE READ AND CITE THE FOLLOWING REFERENCE ++++
M. J. Abraham, T. Murtola, R. Schulz, S. Páll, J. C. Smith, B. Hess, E.
Lindahl
GROMACS: High performance molecular simulations through multi-level
parallelism from laptops to supercomputers
SoftwareX 1 (2015) pp. 19-25
-------- -------- --- Thank You --- -------- --------


++++ PLEASE READ AND CITE THE FOLLOWING REFERENCE ++++
S. Páll, M. J. Abraham, C. Kutzner, B. Hess, E. Lindahl
Tackling Exascale Software Challenges in Molecular Dynamics Simulations with
GROMACS
In S. Markidis & E. Laure (Eds.), Solving Software Challenges for Exascale 8759 (2015) pp. 3-27
-------- -------- --- Thank You --- -------- --------


++++ PLEASE READ AND CITE THE FOLLOWING REFERENCE ++++
S. Pronk, S. Páll, R. Schulz, P. Larsson, P. Bjelkmar, R. Apostolov, M. R.
Shirts, J. C. Smith, P. M. Kasson, D. van der Spoel, B. Hess, and E. Lindahl
GROMACS 4.5: a high-throughput and highly parallel open source molecular
simulation toolkit
Bioinformatics 29 (2013) pp. 845-54
-------- -------- --- Thank You --- -------- --------


++++ PLEASE READ AND CITE THE FOLLOWING REFERENCE ++++
B. Hess and C. Kutzner and D. van der Spoel and E. Lindahl
GROMACS 4: Algorithms for highly efficient, load-balanced, and scalable
molecular simulation
J. Chem. Theory Comput. 4 (2008) pp. 435-447
-------- -------- --- Thank You --- -------- --------


++++ PLEASE READ AND CITE THE FOLLOWING REFERENCE ++++
D. van der Spoel, E. Lindahl, B. Hess, G. Groenhof, A. E. Mark and H. J. C.
Berendsen
GROMACS: Fast, Flexible and Free
J. Comp. Chem. 26 (2005) pp. 1701-1719
-------- -------- --- Thank You --- -------- --------


++++ PLEASE READ AND CITE THE FOLLOWING REFERENCE ++++
E. Lindahl and B. Hess and D. van der Spoel
GROMACS 3.0: A package for molecular simulation and trajectory analysis
J. Mol. Mod. 7 (2001) pp. 306-317
-------- -------- --- Thank You --- -------- --------


++++ PLEASE READ AND CITE THE FOLLOWING REFERENCE ++++
H. J. C. Berendsen, D. van der Spoel and R. van Drunen
GROMACS: A message-passing parallel molecular dynamics implementation
Comp. Phys. Comm. 91 (1995) pp. 43-56
-------- -------- --- Thank You --- -------- --------


++++ PLEASE CITE THE DOI FOR THIS VERSION OF GROMACS ++++
https://doi.org/10.5281/zenodo.14016590
-------- -------- --- Thank You --- -------- --------

Input Parameters:
   integrator                     = md
   tinit                          = 0
   dt                             = 0.002
   nsteps                         = 50000
   init-step                      = 0
   simulation-part                = 1
   mts                            = false
   mass-repartition-factor        = 1
   comm-mode                      = Linear
   nstcomm                        = 100
   bd-fric                        = 0
   ld-seed                        = -126091525
   emtol                          = 10
   emstep                         = 0.01
   niter                          = 20
   fcstep                         = 0
   nstcgsteep                     = 1000
   nbfgscorr                      = 10
   rtpi                           = 0.05
   nstxout                        = 0
   nstvout                        = 0
   nstfout                        = 0
   nstlog                         = 500
   nstcalcenergy                  = 100
   nstenergy                      = 500
   nstxout-compressed             = 0
   compressed-x-precision         = 1000
   cutoff-scheme                  = Verlet
   nstlist                        = 20
   pbc                            = xyz
   periodic-molecules             = false
   verlet-buffer-tolerance        = 0.005
   verlet-buffer-pressure-tolerance = 0.5
   rlist                          = 1.028
   coulombtype                    = PME
   coulomb-modifier               = Potential-shift
   rcoulomb-switch                = 0
   rcoulomb                       = 1
   epsilon-r                      = 1
   epsilon-rf                     = inf
   vdw-type                       = Cut-off
   vdw-modifier                   = Potential-shift
   rvdw-switch                    = 0
   rvdw                           = 1
   DispCorr                       = EnerPres
   table-extension                = 1
   fourierspacing                 = 0.16
   fourier-nx                     = 96
   fourier-ny                     = 96
   fourier-nz                     = 96
   pme-order                      = 4
   ewald-rtol                     = 1e-05
   ewald-rtol-lj                  = 0.001
   lj-pme-comb-rule               = Geometric
   ewald-geometry                 = 3d
   epsilon-surface                = 0
   ensemble-temperature-setting   = constant
   ensemble-temperature           = 300
   tcoupl                         = V-rescale
   nsttcouple                     = 10
   nh-chain-length                = 0
   print-nose-hoover-chain-variables = false
   pcoupl                         = No
   refcoord-scaling               = No
   posres-com (3):
      posres-com[0]= 0.00000e+00
      posres-com[1]= 0.00000e+00
      posres-com[2]= 0.00000e+00
   posres-comB (3):
      posres-comB[0]= 0.00000e+00
      posres-comB[1]= 0.00000e+00
      posres-comB[2]= 0.00000e+00
   QMMM                           = false
qm-opts:
   ngQM                           = 0
   constraint-algorithm           = Lincs
   continuation                   = false
   Shake-SOR                      = false
   shake-tol                      = 0.0001
   lincs-order                    = 4
   lincs-iter                     = 1
   lincs-warnangle                = 30
   nwall                          = 0
   wall-type                      = 9-3
   wall-r-linpot                  = -1
   wall-atomtype[0]               = -1
   wall-atomtype[1]               = -1
   wall-density[0]                = 0
   wall-density[1]                = 0
   wall-ewald-zfac                = 3
   pull                           = false
   awh                            = false
   rotation                       = false
   interactiveMD                  = false
   disre                          = No
   disre-weighting                = Conservative
   disre-mixed                    = false
   dr-fc                          = 1000
   dr-tau                         = 0
   nstdisreout                    = 100
   orire-fc                       = 0
   orire-tau                      = 0
   nstorireout                    = 100
   free-energy                    = no
   cos-acceleration               = 0
   deform (3x3):
      deform[    0]={ 0.00000e+00,  0.00000e+00,  0.00000e+00}
      deform[    1]={ 0.00000e+00,  0.00000e+00,  0.00000e+00}
      deform[    2]={ 0.00000e+00,  0.00000e+00,  0.00000e+00}
   simulated-tempering            = false
   swapcoords                     = no
   userint1                       = 0
   userint2                       = 0
   userint3                       = 0
   userint4                       = 0
   userreal1                      = 0
   userreal2                      = 0
   userreal3                      = 0
   userreal4                      = 0
   applied-forces:
     electric-field:
       x:
         E0                       = 0
         omega                    = 0
         t0                       = 0
         sigma                    = 0
       y:
         E0                       = 0
         omega                    = 0
         t0                       = 0
         sigma                    = 0
       z:
         E0                       = 0
         omega                    = 0
         t0                       = 0
         sigma                    = 0
     density-guided-simulation:
       active                     = false
       group                      = protein
       similarity-measure         = inner-product
       atom-spreading-weight      = unity
       force-constant             = 1e+09
       gaussian-transform-spreading-width = 0.2
       gaussian-transform-spreading-range-in-multiples-of-width = 4
       reference-density-filename = reference.mrc
       nst                        = 1
       normalize-densities        = true
       adaptive-force-scaling     = false
       adaptive-force-scaling-time-constant = 4
       shift-vector               = 
       transformation-matrix      = 
     qmmm-cp2k:
       active                     = false
       qmgroup                    = System
       qmmethod                   = PBE
       qmfilenames                = 
       qmcharge                   = 0
       qmmultiplicity             = 1
     colvars:
       active                     = false
       configfile                 = 
       seed                       = -1
grpopts:
   nrdf:     14727.9      329835
   ref-t:         300         300
   tau-t:         0.1         0.1
annealing:          No          No
annealing-npoints:           0           0
   acc:	           0           0           0
   nfreeze:           N           N           N
   energygrp-flags[  0]: 0

Changing nstlist from 20 to 100, rlist from 1.028 to 1.162

Update groups can not be used for this system because atoms that are (in)directly constrained together are interdispersed with other atoms

1 GPU selected for this run.
Mapping of GPU IDs to the 1 GPU task in the 1 rank on this node:
  PP:0
PP tasks will do (non-perturbed) short-ranged interactions on the GPU
PP task will update and constrain coordinates on the CPU
Using 1 MPI thread
Using 8 OpenMP threads 

System total charge: 0.000
Will do PME sum in reciprocal space for electrostatic interactions.

++++ PLEASE READ AND CITE THE FOLLOWING REFERENCE ++++
U. Essmann, L. Perera, M. L. Berkowitz, T. Darden, H. Lee and L. G. Pedersen 
A smooth particle mesh Ewald method
J. Chem. Phys. 103 (1995) pp. 8577-8592
-------- -------- --- Thank You --- -------- --------

Using a Gaussian width (1/beta) of 0.320163 nm for Ewald
Potential shift: LJ r^-12: -1.000e+00 r^-6: -1.000e+00, Ewald -1.000e-05
Initialized non-bonded Coulomb Ewald tables, spacing: 9.33e-04 size: 1073

Generated table with 1081 data points for 1-4 COUL.
Tabscale = 500 points/nm
Generated table with 1081 data points for 1-4 LJ6.
Tabscale = 500 points/nm
Generated table with 1081 data points for 1-4 LJ12.
Tabscale = 500 points/nm
Long Range LJ corr.: <C6> 2.9488e-04


Using GPU 8x8 nonbonded short-range kernels

Using a dual 8x8 pair-list setup updated with dynamic, rolling pruning:
  outer list: updated every 100 steps, buffer 0.162 nm, rlist 1.162 nm
  inner list: updated every   8 steps, buffer 0.001 nm, rlist 1.001 nm
At tolerance 0.005 kJ/mol/ps per atom, equivalent classical 1x1 list would be:
  outer list: updated every 100 steps, buffer 0.310 nm, rlist 1.310 nm
  inner list: updated every   8 steps, buffer 0.031 nm, rlist 1.031 nm

The average pressure is off by at most 0.52 bar due to missing LJ interactions

Using Lorentz-Berthelot Lennard-Jones combination rule
Removing pbc first time

NOTE: The number of threads is not equal to the number of (logical) cpus
      and the -pin option is set to auto: will not pin threads to cpus.
      This can lead to significant performance degradation.
      Consider using -pin on (and -pinoffset in case you run multiple jobs).

Initializing LINear Constraint Solver

++++ PLEASE READ AND CITE THE FOLLOWING REFERENCE ++++
B. Hess and H. Bekker and H. J. C. Berendsen and J. G. E. M. Fraaije
LINCS: A Linear Constraint Solver for molecular simulations
J. Comp. Chem. 18 (1997) pp. 1463-1472
-------- -------- --- Thank You --- -------- --------

The number of constraints is 2948

++++ PLEASE READ AND CITE THE FOLLOWING REFERENCE ++++
S. Miyamoto and P. A. Kollman
SETTLE: An Analytical Version of the SHAKE and RATTLE Algorithms for Rigid
Water Models
J. Comp. Chem. 13 (1992) pp. 952-962
-------- -------- --- Thank You --- -------- --------


++++ PLEASE READ AND CITE THE FOLLOWING REFERENCE ++++
G. Bussi, D. Donadio and M. Parrinello
Canonical sampling through velocity rescaling
J. Chem. Phys. 126 (2007) pp. 014101
-------- -------- --- Thank You --- -------- --------

There are: 170652 Atoms

Constraining the starting coordinates (step 0)

Constraining the coordinates at t0-dt (step 0)
Center of mass motion removal mode is Linear
We have the following groups for center of mass motion removal:
  0:  rest
RMS relative constraint deviation after constraining: 4.02e-06
Initial temperature: 300.009 K

Started mdrun on rank 0 Mon Jun  8 20:52:12 2026

           Step           Time
              0        0.00000

   Energies (kJ/mol)
           Bond          Angle    Proper Dih. Per. Imp. Dih.          LJ-14
    8.22749e+02    3.19776e+03    1.32242e+04    1.89067e+02    4.97515e+03
     Coulomb-14        LJ (SR)  Disper. corr.   Coulomb (SR)   Coul. recip.
    6.69480e+04    4.00811e+05   -2.06615e+04   -3.29696e+06    1.47112e+04
 Position Rest.      Potential    Kinetic En.   Total Energy  Conserved En.
    2.43171e-03   -2.81274e+06    4.29778e+05   -2.38297e+06   -2.38297e+06
    Temperature Pres. DC (bar) Pressure (bar)   Constr. rmsd
    3.00035e+02   -1.97549e+02   -4.29475e+03    4.40636e-06

           Step           Time
            500        1.00000

   Energies (kJ/mol)
           Bond          Angle    Proper Dih. Per. Imp. Dih.          LJ-14
    4.58002e+03    1.19942e+04    1.46816e+04    6.94068e+02    5.53956e+03
     Coulomb-14        LJ (SR)  Disper. corr.   Coulomb (SR)   Coul. recip.
    6.64861e+04    3.49648e+05   -2.06615e+04   -2.81628e+06    1.59130e+04
 Position Rest.      Potential    Kinetic En.   Total Energy  Conserved En.
    1.85264e+03   -2.36555e+06    4.25232e+05   -1.94032e+06   -2.37952e+06
    Temperature Pres. DC (bar) Pressure (bar)   Constr. rmsd
    2.96861e+02   -1.97549e+02    1.83147e+02    4.33407e-06

           Step           Time
           1000        2.00000

   Energies (kJ/mol)
           Bond          Angle    Proper Dih. Per. Imp. Dih.          LJ-14
    4.46762e+03    1.17859e+04    1.46716e+04    7.54884e+02    5.60132e+03
     Coulomb-14        LJ (SR)  Disper. corr.   Coulomb (SR)   Coul. recip.
    6.65247e+04    3.42548e+05   -2.06615e+04   -2.79653e+06    1.59951e+04
 Position Rest.      Potential    Kinetic En.   Total Energy  Conserved En.
    1.62963e+03   -2.35322e+06    4.28357e+05   -1.92486e+06   -2.37952e+06
    Temperature Pres. DC (bar) Pressure (bar)   Constr. rmsd
    2.99043e+02   -1.97549e+02   -2.22191e+01    4.27357e-06

step 1300: timed with pme grid 96 96 96, coulomb cutoff 1.000: 692.4 M-cycles
step 1500: timed with pme grid 80 80 80, coulomb cutoff 1.055: 597.4 M-cycles
           Step           Time
           1500        3.00000

   Energies (kJ/mol)
           Bond          Angle    Proper Dih. Per. Imp. Dih.          LJ-14
    4.29571e+03    1.19480e+04    1.46834e+04    7.07488e+02    5.62323e+03
     Coulomb-14        LJ (SR)  Disper. corr.   Coulomb (SR)   Coul. recip.
    6.66322e+04    3.42285e+05   -2.06615e+04   -2.78980e+06    9.06397e+03
 Position Rest.      Potential    Kinetic En.   Total Energy  Conserved En.
    1.59787e+03   -2.35362e+06    4.31334e+05   -1.92229e+06   -2.37936e+06
    Temperature Pres. DC (bar) Pressure (bar)   Constr. rmsd
    3.01121e+02   -1.97549e+02   -2.84869e+02    4.34111e-06

step 1700: timed with pme grid 72 72 72, coulomb cutoff 1.172: 516.2 M-cycles
step 1900: timed with pme grid 64 64 64, coulomb cutoff 1.318: 491.4 M-cycles
step 1900: the maximum allowed grid scaling limits the PME load balancing to a coulomb cut-off of 1.406
           Step           Time
           2000        4.00000

   Energies (kJ/mol)
           Bond          Angle    Proper Dih. Per. Imp. Dih.          LJ-14
    4.47243e+03    1.17153e+04    1.44339e+04    6.75358e+02    5.64461e+03
     Coulomb-14        LJ (SR)  Disper. corr.   Coulomb (SR)   Coul. recip.
    6.68971e+04    3.42409e+05   -2.06615e+04   -2.78517e+06    5.06130e+03
 Position Rest.      Potential    Kinetic En.   Total Energy  Conserved En.
    1.59878e+03   -2.35292e+06    4.28721e+05   -1.92420e+06   -2.37930e+06
    Temperature Pres. DC (bar) Pressure (bar)   Constr. rmsd
    2.99297e+02   -1.97549e+02    3.12060e+02    4.34223e-06

step 2100: timed with pme grid 60 60 60, coulomb cutoff 1.406: 475.1 M-cycles
step 2300: timed with pme grid 64 64 64, coulomb cutoff 1.318: 492.7 M-cycles
step 2500: timed with pme grid 72 72 72, coulomb cutoff 1.172: 512.7 M-cycles
              optimal pme grid 60 60 60, coulomb cutoff 1.406
           Step           Time
           2500        5.00000

   Energies (kJ/mol)
           Bond          Angle    Proper Dih. Per. Imp. Dih.          LJ-14
    4.30021e+03    1.16030e+04    1.45264e+04    7.46240e+02    5.63136e+03
     Coulomb-14        LJ (SR)  Disper. corr.   Coulomb (SR)   Coul. recip.
    6.68629e+04    3.42979e+05   -2.06615e+04   -2.78773e+06    5.05731e+03
 Position Rest.      Potential    Kinetic En.   Total Energy  Conserved En.
    1.56336e+03   -2.35512e+06    4.27922e+05   -1.92720e+06   -2.37929e+06
    Temperature Pres. DC (bar) Pressure (bar)   Constr. rmsd
    2.98739e+02   -1.97549e+02   -2.48579e+02    4.44496e-06

           Step           Time
           3000        6.00000

   Energies (kJ/mol)
           Bond          Angle    Proper Dih. Per. Imp. Dih.          LJ-14
    4.27998e+03    1.22403e+04    1.46544e+04    7.31727e+02    5.50110e+03
     Coulomb-14        LJ (SR)  Disper. corr.   Coulomb (SR)   Coul. recip.
    6.66905e+04    3.39823e+05   -2.06615e+04   -2.78393e+06    5.13416e+03
 Position Rest.      Potential    Kinetic En.   Total Energy  Conserved En.
    1.67831e+03   -2.35386e+06    4.30323e+05   -1.92354e+06   -2.37929e+06
    Temperature Pres. DC (bar) Pressure (bar)   Constr. rmsd
    3.00415e+02   -1.97549e+02   -3.51160e+02    4.27974e-06

           Step           Time
           3500        7.00000

   Energies (kJ/mol)
           Bond          Angle    Proper Dih. Per. Imp. Dih.          LJ-14
    4.45630e+03    1.19627e+04    1.45816e+04    6.93604e+02    5.64517e+03
     Coulomb-14        LJ (SR)  Disper. corr.   Coulomb (SR)   Coul. recip.
    6.65548e+04    3.41580e+05   -2.06615e+04   -2.78496e+06    5.14334e+03
 Position Rest.      Potential    Kinetic En.   Total Energy  Conserved En.
    1.70907e+03   -2.35329e+06    4.28554e+05   -1.92474e+06   -2.37927e+06
    Temperature Pres. DC (bar) Pressure (bar)   Constr. rmsd
    2.99180e+02   -1.97549e+02   -1.63723e+02    4.33160e-06

           Step           Time
           4000        8.00000

   Energies (kJ/mol)
           Bond          Angle    Proper Dih. Per. Imp. Dih.          LJ-14
    4.38063e+03    1.18304e+04    1.43861e+04    6.70853e+02    5.52849e+03
     Coulomb-14        LJ (SR)  Disper. corr.   Coulomb (SR)   Coul. recip.
    6.67983e+04    3.40020e+05   -2.06615e+04   -2.78290e+06    5.06026e+03
 Position Rest.      Potential    Kinetic En.   Total Energy  Conserved En.
    1.55663e+03   -2.35333e+06    4.28996e+05   -1.92434e+06   -2.37934e+06
    Temperature Pres. DC (bar) Pressure (bar)   Constr. rmsd
    2.99489e+02   -1.97549e+02    2.70366e+01    4.56565e-06

           Step           Time
           4500        9.00000

   Energies (kJ/mol)
           Bond          Angle    Proper Dih. Per. Imp. Dih.          LJ-14
    4.32461e+03    1.18249e+04    1.46423e+04    7.57427e+02    5.60180e+03
     Coulomb-14        LJ (SR)  Disper. corr.   Coulomb (SR)   Coul. recip.
    6.67908e+04    3.39467e+05   -2.06615e+04   -2.78127e+06    5.03150e+03
 Position Rest.      Potential    Kinetic En.   Total Energy  Conserved En.
    1.50447e+03   -2.35199e+06    4.27664e+05   -1.92433e+06   -2.37932e+06
    Temperature Pres. DC (bar) Pressure (bar)   Constr. rmsd
    2.98559e+02   -1.97549e+02   -6.16506e+01    4.56909e-06

           Step           Time
           5000       10.00000

   Energies (kJ/mol)
           Bond          Angle    Proper Dih. Per. Imp. Dih.          LJ-14
    4.50296e+03    1.20178e+04    1.46534e+04    6.97415e+02    5.39703e+03
     Coulomb-14        LJ (SR)  Disper. corr.   Coulomb (SR)   Coul. recip.
    6.64918e+04    3.41017e+05   -2.06615e+04   -2.78553e+06    5.07091e+03
 Position Rest.      Potential    Kinetic En.   Total Energy  Conserved En.
    1.61504e+03   -2.35473e+06    4.30932e+05   -1.92380e+06   -2.37934e+06
    Temperature Pres. DC (bar) Pressure (bar)   Constr. rmsd
    3.00840e+02   -1.97549e+02   -2.89317e+02    4.44242e-06

           Step           Time
           5500       11.00000

   Energies (kJ/mol)
           Bond          Angle    Proper Dih. Per. Imp. Dih.          LJ-14
    4.41051e+03    1.19280e+04    1.44770e+04    6.93709e+02    5.57160e+03
     Coulomb-14        LJ (SR)  Disper. corr.   Coulomb (SR)   Coul. recip.
    6.67400e+04    3.43865e+05   -2.06615e+04   -2.79122e+06    5.10611e+03
 Position Rest.      Potential    Kinetic En.   Total Energy  Conserved En.
    1.53899e+03   -2.35755e+06    4.29891e+05   -1.92766e+06   -2.37931e+06
    Temperature Pres. DC (bar) Pressure (bar)   Constr. rmsd
    3.00114e+02   -1.97549e+02   -8.78419e+01    4.22110e-06

           Step           Time
           6000       12.00000

   Energies (kJ/mol)
           Bond          Angle    Proper Dih. Per. Imp. Dih.          LJ-14
    4.35797e+03    1.18656e+04    1.45664e+04    7.00277e+02    5.64584e+03
     Coulomb-14        LJ (SR)  Disper. corr.   Coulomb (SR)   Coul. recip.
    6.68059e+04    3.40341e+05   -2.06615e+04   -2.78248e+06    5.05388e+03
 Position Rest.      Potential    Kinetic En.   Total Energy  Conserved En.
    1.47830e+03   -2.35233e+06    4.29276e+05   -1.92305e+06   -2.37934e+06
    Temperature Pres. DC (bar) Pressure (bar)   Constr. rmsd
    2.99684e+02   -1.97549e+02   -1.50271e+02    4.14067e-06

           Step           Time
           6500       13.00000

   Energies (kJ/mol)
           Bond          Angle    Proper Dih. Per. Imp. Dih.          LJ-14
    4.24217e+03    1.21350e+04    1.44571e+04    6.80146e+02    5.66399e+03
     Coulomb-14        LJ (SR)  Disper. corr.   Coulomb (SR)   Coul. recip.
    6.71768e+04    3.41512e+05   -2.06615e+04   -2.78443e+06    5.06538e+03
 Position Rest.      Potential    Kinetic En.   Total Energy  Conserved En.
    1.61012e+03   -2.35255e+06    4.30535e+05   -1.92201e+06   -2.37937e+06
    Temperature Pres. DC (bar) Pressure (bar)   Constr. rmsd
    3.00563e+02   -1.97549e+02    5.74655e+01    4.39749e-06

           Step           Time
           7000       14.00000

   Energies (kJ/mol)
           Bond          Angle    Proper Dih. Per. Imp. Dih.          LJ-14
    4.26056e+03    1.19928e+04    1.46475e+04    7.11813e+02    5.61492e+03
     Coulomb-14        LJ (SR)  Disper. corr.   Coulomb (SR)   Coul. recip.
    6.69654e+04    3.40421e+05   -2.06615e+04   -2.78346e+06    5.21033e+03
 Position Rest.      Potential    Kinetic En.   Total Energy  Conserved En.
    1.66052e+03   -2.35264e+06    4.30163e+05   -1.92248e+06   -2.37938e+06
    Temperature Pres. DC (bar) Pressure (bar)   Constr. rmsd
    3.00304e+02   -1.97549e+02   -4.44017e+00    4.35283e-06

           Step           Time
           7500       15.00000

   Energies (kJ/mol)
           Bond          Angle    Proper Dih. Per. Imp. Dih.          LJ-14
    4.42793e+03    1.18960e+04    1.45646e+04    7.40922e+02    5.56706e+03
     Coulomb-14        LJ (SR)  Disper. corr.   Coulomb (SR)   Coul. recip.
    6.70857e+04    3.40227e+05   -2.06615e+04   -2.78608e+06    5.04530e+03
 Position Rest.      Potential    Kinetic En.   Total Energy  Conserved En.
    1.54085e+03   -2.35564e+06    4.29615e+05   -1.92603e+06   -2.37938e+06
    Temperature Pres. DC (bar) Pressure (bar)   Constr. rmsd
    2.99921e+02   -1.97549e+02   -6.21922e+01    4.28657e-06

           Step           Time
           8000       16.00000

   Energies (kJ/mol)
           Bond          Angle    Proper Dih. Per. Imp. Dih.          LJ-14
    4.22130e+03    1.18029e+04    1.43631e+04    7.02408e+02    5.62920e+03
     Coulomb-14        LJ (SR)  Disper. corr.   Coulomb (SR)   Coul. recip.
    6.69942e+04    3.40118e+05   -2.06615e+04   -2.78768e+06    5.06070e+03
 Position Rest.      Potential    Kinetic En.   Total Energy  Conserved En.
    1.59384e+03   -2.35785e+06    4.30028e+05   -1.92782e+06   -2.37939e+06
    Temperature Pres. DC (bar) Pressure (bar)   Constr. rmsd
    3.00209e+02   -1.97549e+02   -2.93624e+02    4.30824e-06

           Step           Time
           8500       17.00000

   Energies (kJ/mol)
           Bond          Angle    Proper Dih. Per. Imp. Dih.          LJ-14
    4.39783e+03    1.20575e+04    1.45153e+04    7.25014e+02    5.52966e+03
     Coulomb-14        LJ (SR)  Disper. corr.   Coulomb (SR)   Coul. recip.
    6.70210e+04    3.41257e+05   -2.06615e+04   -2.78833e+06    5.07461e+03
 Position Rest.      Potential    Kinetic En.   Total Energy  Conserved En.
    1.58938e+03   -2.35682e+06    4.29199e+05   -1.92762e+06   -2.37938e+06
    Temperature Pres. DC (bar) Pressure (bar)   Constr. rmsd
    2.99630e+02   -1.97549e+02   -1.58089e+02    4.24731e-06

           Step           Time
           9000       18.00000

   Energies (kJ/mol)
           Bond          Angle    Proper Dih. Per. Imp. Dih.          LJ-14
    4.52410e+03    1.16986e+04    1.47577e+04    7.52687e+02    5.56719e+03
     Coulomb-14        LJ (SR)  Disper. corr.   Coulomb (SR)   Coul. recip.
    6.65385e+04    3.39269e+05   -2.06615e+04   -2.78433e+06    5.07559e+03
 Position Rest.      Potential    Kinetic En.   Total Energy  Conserved En.
    1.61911e+03   -2.35519e+06    4.29546e+05   -1.92565e+06   -2.37942e+06
    Temperature Pres. DC (bar) Pressure (bar)   Constr. rmsd
    2.99873e+02   -1.97549e+02   -3.20152e+02    4.38435e-06

           Step           Time
           9500       19.00000

   Energies (kJ/mol)
           Bond          Angle    Proper Dih. Per. Imp. Dih.          LJ-14
    4.48809e+03    1.17656e+04    1.44552e+04    7.19777e+02    5.33925e+03
     Coulomb-14        LJ (SR)  Disper. corr.   Coulomb (SR)   Coul. recip.
    6.67384e+04    3.38161e+05   -2.06615e+04   -2.78390e+06    5.14898e+03
 Position Rest.      Potential    Kinetic En.   Total Energy  Conserved En.
    1.59405e+03   -2.35615e+06    4.28005e+05   -1.92814e+06   -2.37941e+06
    Temperature Pres. DC (bar) Pressure (bar)   Constr. rmsd
    2.98797e+02   -1.97549e+02   -3.16913e+02    4.29304e-06

           Step           Time
          10000       20.00000

   Energies (kJ/mol)
           Bond          Angle    Proper Dih. Per. Imp. Dih.          LJ-14
    4.45750e+03    1.22826e+04    1.45354e+04    7.67346e+02    5.50231e+03
     Coulomb-14        LJ (SR)  Disper. corr.   Coulomb (SR)   Coul. recip.
    6.65311e+04    3.40727e+05   -2.06615e+04   -2.78318e+06    5.14593e+03
 Position Rest.      Potential    Kinetic En.   Total Energy  Conserved En.
    1.56113e+03   -2.35233e+06    4.30723e+05   -1.92161e+06   -2.37939e+06
    Temperature Pres. DC (bar) Pressure (bar)   Constr. rmsd
    3.00694e+02   -1.97549e+02    3.24691e+01    4.28957e-06

           Step           Time
          10500       21.00000

   Energies (kJ/mol)
           Bond          Angle    Proper Dih. Per. Imp. Dih.          LJ-14
    4.45341e+03    1.17914e+04    1.44121e+04    7.33356e+02    5.54868e+03
     Coulomb-14        LJ (SR)  Disper. corr.   Coulomb (SR)   Coul. recip.
    6.68041e+04    3.37951e+05   -2.06615e+04   -2.78093e+06    5.11471e+03
 Position Rest.      Potential    Kinetic En.   Total Energy  Conserved En.
    1.60870e+03   -2.35317e+06    4.30892e+05   -1.92228e+06   -2.37944e+06
    Temperature Pres. DC (bar) Pressure (bar)   Constr. rmsd
    3.00812e+02   -1.97549e+02   -2.53120e+02    4.48981e-06

           Step           Time
          11000       22.00000

   Energies (kJ/mol)
           Bond          Angle    Proper Dih. Per. Imp. Dih.          LJ-14
    4.48439e+03    1.17777e+04    1.45502e+04    6.83606e+02    5.55865e+03
     Coulomb-14        LJ (SR)  Disper. corr.   Coulomb (SR)   Coul. recip.
    6.70744e+04    3.39994e+05   -2.06615e+04   -2.78487e+06    5.09342e+03
 Position Rest.      Potential    Kinetic En.   Total Energy  Conserved En.
    1.57478e+03   -2.35474e+06    4.29380e+05   -1.92536e+06   -2.37942e+06
    Temperature Pres. DC (bar) Pressure (bar)   Constr. rmsd
    2.99757e+02   -1.97549e+02    1.32738e+02    4.53093e-06

           Step           Time
          11500       23.00000

   Energies (kJ/mol)
           Bond          Angle    Proper Dih. Per. Imp. Dih.          LJ-14
    4.15479e+03    1.18259e+04    1.45236e+04    7.39347e+02    5.56812e+03
     Coulomb-14        LJ (SR)  Disper. corr.   Coulomb (SR)   Coul. recip.
    6.67200e+04    3.39455e+05   -2.06615e+04   -2.78420e+06    5.12980e+03
 Position Rest.      Potential    Kinetic En.   Total Energy  Conserved En.
    1.62058e+03   -2.35513e+06    4.28089e+05   -1.92704e+06   -2.37943e+06
    Temperature Pres. DC (bar) Pressure (bar)   Constr. rmsd
    2.98855e+02   -1.97549e+02   -1.78945e+02    4.39715e-06

           Step           Time
          12000       24.00000

   Energies (kJ/mol)
           Bond          Angle    Proper Dih. Per. Imp. Dih.          LJ-14
    4.49588e+03    1.21364e+04    1.44949e+04    7.16868e+02    5.47408e+03
     Coulomb-14        LJ (SR)  Disper. corr.   Coulomb (SR)   Coul. recip.
    6.66792e+04    3.42144e+05   -2.06615e+04   -2.78550e+06    5.00834e+03
 Position Rest.      Potential    Kinetic En.   Total Energy  Conserved En.
    1.67746e+03   -2.35333e+06    4.29904e+05   -1.92343e+06   -2.37940e+06
    Temperature Pres. DC (bar) Pressure (bar)   Constr. rmsd
    3.00123e+02   -1.97549e+02    1.28225e+02    4.26858e-06

           Step           Time
          12500       25.00000

   Energies (kJ/mol)
           Bond          Angle    Proper Dih. Per. Imp. Dih.          LJ-14
    4.54277e+03    1.18790e+04    1.45281e+04    6.84964e+02    5.43991e+03
     Coulomb-14        LJ (SR)  Disper. corr.   Coulomb (SR)   Coul. recip.
    6.68354e+04    3.40070e+05   -2.06615e+04   -2.78604e+06    5.04074e+03
 Position Rest.      Potential    Kinetic En.   Total Energy  Conserved En.
    1.60034e+03   -2.35608e+06    4.29396e+05   -1.92668e+06   -2.37946e+06
    Temperature Pres. DC (bar) Pressure (bar)   Constr. rmsd
    2.99768e+02   -1.97549e+02   -1.26221e+02    4.30671e-06

           Step           Time
          13000       26.00000

   Energies (kJ/mol)
           Bond          Angle    Proper Dih. Per. Imp. Dih.          LJ-14
    4.26410e+03    1.18524e+04    1.44898e+04    6.69477e+02    5.58610e+03
     Coulomb-14        LJ (SR)  Disper. corr.   Coulomb (SR)   Coul. recip.
    6.66362e+04    3.40101e+05   -2.06615e+04   -2.78463e+06    5.08641e+03
 Position Rest.      Potential    Kinetic En.   Total Energy  Conserved En.
    1.59113e+03   -2.35502e+06    4.27127e+05   -1.92789e+06   -2.37944e+06
    Temperature Pres. DC (bar) Pressure (bar)   Constr. rmsd
    2.98184e+02   -1.97549e+02   -3.75017e+02    4.36519e-06

           Step           Time
          13500       27.00000

   Energies (kJ/mol)
           Bond          Angle    Proper Dih. Per. Imp. Dih.          LJ-14
    4.54593e+03    1.17498e+04    1.46533e+04    6.89175e+02    5.52084e+03
     Coulomb-14        LJ (SR)  Disper. corr.   Coulomb (SR)   Coul. recip.
    6.69969e+04    3.39890e+05   -2.06615e+04   -2.78627e+06    5.12666e+03
 Position Rest.      Potential    Kinetic En.   Total Energy  Conserved En.
    1.53558e+03   -2.35622e+06    4.28713e+05   -1.92751e+06   -2.37945e+06
    Temperature Pres. DC (bar) Pressure (bar)   Constr. rmsd
    2.99291e+02   -1.97549e+02   -1.93520e+02    4.48775e-06

           Step           Time
          14000       28.00000

   Energies (kJ/mol)
           Bond          Angle    Proper Dih. Per. Imp. Dih.          LJ-14
    4.30296e+03    1.17991e+04    1.46346e+04    7.06021e+02    5.59118e+03
     Coulomb-14        LJ (SR)  Disper. corr.   Coulomb (SR)   Coul. recip.
    6.68460e+04    3.40038e+05   -2.06615e+04   -2.78734e+06    4.94303e+03
 Position Rest.      Potential    Kinetic En.   Total Energy  Conserved En.
    1.67008e+03   -2.35747e+06    4.30210e+05   -1.92726e+06   -2.37952e+06
    Temperature Pres. DC (bar) Pressure (bar)   Constr. rmsd
    3.00336e+02   -1.97549e+02   -1.17013e+02    4.40220e-06

           Step           Time
          14500       29.00000

   Energies (kJ/mol)
           Bond          Angle    Proper Dih. Per. Imp. Dih.          LJ-14
    4.50175e+03    1.19287e+04    1.45524e+04    7.06304e+02    5.60308e+03
     Coulomb-14        LJ (SR)  Disper. corr.   Coulomb (SR)   Coul. recip.
    6.68345e+04    3.40033e+05   -2.06615e+04   -2.78461e+06    5.09106e+03
 Position Rest.      Potential    Kinetic En.   Total Energy  Conserved En.
    1.57889e+03   -2.35444e+06    4.28274e+05   -1.92617e+06   -2.37946e+06
    Temperature Pres. DC (bar) Pressure (bar)   Constr. rmsd
    2.98985e+02   -1.97549e+02   -2.33899e+02    4.27836e-06

           Step           Time
          15000       30.00000

   Energies (kJ/mol)
           Bond          Angle    Proper Dih. Per. Imp. Dih.          LJ-14
    4.58554e+03    1.18753e+04    1.45698e+04    7.04979e+02    5.62790e+03
     Coulomb-14        LJ (SR)  Disper. corr.   Coulomb (SR)   Coul. recip.
    6.68440e+04    3.39523e+05   -2.06615e+04   -2.78445e+06    5.14560e+03
 Position Rest.      Potential    Kinetic En.   Total Energy  Conserved En.
    1.55852e+03   -2.35468e+06    4.29204e+05   -1.92548e+06   -2.37949e+06
    Temperature Pres. DC (bar) Pressure (bar)   Constr. rmsd
    2.99634e+02   -1.97549e+02   -2.92076e+02    4.37857e-06

           Step           Time
          15500       31.00000

   Energies (kJ/mol)
           Bond          Angle    Proper Dih. Per. Imp. Dih.          LJ-14
    4.20639e+03    1.18490e+04    1.45340e+04    6.83925e+02    5.62778e+03
     Coulomb-14        LJ (SR)  Disper. corr.   Coulomb (SR)   Coul. recip.
    6.66286e+04    3.38876e+05   -2.06615e+04   -2.78519e+06    5.09828e+03
 Position Rest.      Potential    Kinetic En.   Total Energy  Conserved En.
    1.50337e+03   -2.35685e+06    4.27836e+05   -1.92901e+06   -2.37954e+06
    Temperature Pres. DC (bar) Pressure (bar)   Constr. rmsd
    2.98679e+02   -1.97549e+02   -1.91404e+02    4.33704e-06

           Step           Time
          16000       32.00000

   Energies (kJ/mol)
           Bond          Angle    Proper Dih. Per. Imp. Dih.          LJ-14
    4.39634e+03    1.19277e+04    1.44992e+04    7.01426e+02    5.58534e+03
     Coulomb-14        LJ (SR)  Disper. corr.   Coulomb (SR)   Coul. recip.
    6.69809e+04    3.42280e+05   -2.06615e+04   -2.78931e+06    5.01766e+03
 Position Rest.      Potential    Kinetic En.   Total Energy  Conserved En.
    1.60838e+03   -2.35697e+06    4.29662e+05   -1.92731e+06   -2.37950e+06
    Temperature Pres. DC (bar) Pressure (bar)   Constr. rmsd
    2.99953e+02   -1.97549e+02   -3.95813e+02    4.25949e-06

           Step           Time
          16500       33.00000

   Energies (kJ/mol)
           Bond          Angle    Proper Dih. Per. Imp. Dih.          LJ-14
    4.64099e+03    1.15099e+04    1.44242e+04    6.17798e+02    5.40661e+03
     Coulomb-14        LJ (SR)  Disper. corr.   Coulomb (SR)   Coul. recip.
    6.65702e+04    3.41170e+05   -2.06615e+04   -2.78801e+06    5.08316e+03
 Position Rest.      Potential    Kinetic En.   Total Energy  Conserved En.
    1.57546e+03   -2.35768e+06    4.28120e+05   -1.92955e+06   -2.37951e+06
    Temperature Pres. DC (bar) Pressure (bar)   Constr. rmsd
    2.98877e+02   -1.97549e+02   -2.78299e+02    4.32578e-06

           Step           Time
          17000       34.00000

   Energies (kJ/mol)
           Bond          Angle    Proper Dih. Per. Imp. Dih.          LJ-14
    4.26144e+03    1.19331e+04    1.45439e+04    6.78119e+02    5.59181e+03
     Coulomb-14        LJ (SR)  Disper. corr.   Coulomb (SR)   Coul. recip.
    6.68812e+04    3.38787e+05   -2.06615e+04   -2.78302e+06    5.00967e+03
 Position Rest.      Potential    Kinetic En.   Total Energy  Conserved En.
    1.55236e+03   -2.35445e+06    4.30697e+05   -1.92375e+06   -2.37954e+06
    Temperature Pres. DC (bar) Pressure (bar)   Constr. rmsd
    3.00676e+02   -1.97549e+02   -1.84486e+02    4.45828e-06

           Step           Time
          17500       35.00000

   Energies (kJ/mol)
           Bond          Angle    Proper Dih. Per. Imp. Dih.          LJ-14
    4.37222e+03    1.18834e+04    1.45015e+04    6.91070e+02    5.50848e+03
     Coulomb-14        LJ (SR)  Disper. corr.   Coulomb (SR)   Coul. recip.
    6.67657e+04    3.39777e+05   -2.06615e+04   -2.78403e+06    5.14799e+03
 Position Rest.      Potential    Kinetic En.   Total Energy  Conserved En.
    1.57395e+03   -2.35447e+06    4.29976e+05   -1.92449e+06   -2.37955e+06
    Temperature Pres. DC (bar) Pressure (bar)   Constr. rmsd
    3.00173e+02   -1.97549e+02   -7.46649e+01    4.41784e-06

           Step           Time
          18000       36.00000

   Energies (kJ/mol)
           Bond          Angle    Proper Dih. Per. Imp. Dih.          LJ-14
    4.32505e+03    1.18555e+04    1.45372e+04    6.93720e+02    5.61430e+03
     Coulomb-14        LJ (SR)  Disper. corr.   Coulomb (SR)   Coul. recip.
    6.65795e+04    3.41400e+05   -2.06615e+04   -2.78513e+06    5.08366e+03
 Position Rest.      Potential    Kinetic En.   Total Energy  Conserved En.
    1.48232e+03   -2.35422e+06    4.29211e+05   -1.92501e+06   -2.37955e+06
    Temperature Pres. DC (bar) Pressure (bar)   Constr. rmsd
    2.99639e+02   -1.97549e+02   -3.85263e+01    4.37857e-06

           Step           Time
          18500       37.00000

   Energies (kJ/mol)
           Bond          Angle    Proper Dih. Per. Imp. Dih.          LJ-14
    4.45200e+03    1.23167e+04    1.44882e+04    7.81117e+02    5.53516e+03
     Coulomb-14        LJ (SR)  Disper. corr.   Coulomb (SR)   Coul. recip.
    6.66622e+04    3.42840e+05   -2.06615e+04   -2.78698e+06    4.86678e+03
 Position Rest.      Potential    Kinetic En.   Total Energy  Conserved En.
    1.63025e+03   -2.35407e+06    4.30122e+05   -1.92395e+06   -2.37952e+06
    Temperature Pres. DC (bar) Pressure (bar)   Constr. rmsd
    3.00275e+02   -1.97549e+02   -1.88794e+02    4.59101e-06

           Step           Time
          19000       38.00000

   Energies (kJ/mol)
           Bond          Angle    Proper Dih. Per. Imp. Dih.          LJ-14
    4.19425e+03    1.19322e+04    1.44932e+04    7.03121e+02    5.54208e+03
     Coulomb-14        LJ (SR)  Disper. corr.   Coulomb (SR)   Coul. recip.
    6.67702e+04    3.41678e+05   -2.06615e+04   -2.78774e+06    4.99712e+03
 Position Rest.      Potential    Kinetic En.   Total Energy  Conserved En.
    1.62275e+03   -2.35647e+06    4.27274e+05   -1.92920e+06   -2.37952e+06
    Temperature Pres. DC (bar) Pressure (bar)   Constr. rmsd
    2.98286e+02   -1.97549e+02   -1.08536e+02    4.40650e-06

           Step           Time
          19500       39.00000

   Energies (kJ/mol)
           Bond          Angle    Proper Dih. Per. Imp. Dih.          LJ-14
    4.24844e+03    1.19254e+04    1.44087e+04    6.73969e+02    5.57988e+03
     Coulomb-14        LJ (SR)  Disper. corr.   Coulomb (SR)   Coul. recip.
    6.67621e+04    3.40129e+05   -2.06615e+04   -2.78628e+06    5.04828e+03
 Position Rest.      Potential    Kinetic En.   Total Energy  Conserved En.
    1.61478e+03   -2.35655e+06    4.29213e+05   -1.92733e+06   -2.37957e+06
    Temperature Pres. DC (bar) Pressure (bar)   Constr. rmsd
    2.99640e+02   -1.97549e+02   -1.30421e+02    4.52479e-06

           Step           Time
          20000       40.00000

   Energies (kJ/mol)
           Bond          Angle    Proper Dih. Per. Imp. Dih.          LJ-14
    4.54313e+03    1.17919e+04    1.45536e+04    7.30931e+02    5.57364e+03
     Coulomb-14        LJ (SR)  Disper. corr.   Coulomb (SR)   Coul. recip.
    6.68986e+04    3.41027e+05   -2.06615e+04   -2.78578e+06    5.07486e+03
 Position Rest.      Potential    Kinetic En.   Total Energy  Conserved En.
    1.69007e+03   -2.35456e+06    4.28592e+05   -1.92596e+06   -2.37958e+06
    Temperature Pres. DC (bar) Pressure (bar)   Constr. rmsd
    2.99207e+02   -1.97549e+02   -2.12628e+02    4.45574e-06

           Step           Time
          20500       41.00000

   Energies (kJ/mol)
           Bond          Angle    Proper Dih. Per. Imp. Dih.          LJ-14
    4.23991e+03    1.19927e+04    1.44945e+04    6.86635e+02    5.52731e+03
     Coulomb-14        LJ (SR)  Disper. corr.   Coulomb (SR)   Coul. recip.
    6.65029e+04    3.43028e+05   -2.06615e+04   -2.79007e+06    4.99394e+03
 Position Rest.      Potential    Kinetic En.   Total Energy  Conserved En.
    1.64754e+03   -2.35762e+06    4.29723e+05   -1.92790e+06   -2.37959e+06
    Temperature Pres. DC (bar) Pressure (bar)   Constr. rmsd
    2.99996e+02   -1.97549e+02   -2.19507e+02    4.35389e-06

           Step           Time
          21000       42.00000

   Energies (kJ/mol)
           Bond          Angle    Proper Dih. Per. Imp. Dih.          LJ-14
    4.11663e+03    1.15973e+04    1.45243e+04    7.20116e+02    5.60600e+03
     Coulomb-14        LJ (SR)  Disper. corr.   Coulomb (SR)   Coul. recip.
    6.69048e+04    3.40725e+05   -2.06615e+04   -2.78517e+06    5.11122e+03
 Position Rest.      Potential    Kinetic En.   Total Energy  Conserved En.
    1.68300e+03   -2.35485e+06    4.29812e+05   -1.92504e+06   -2.37966e+06
    Temperature Pres. DC (bar) Pressure (bar)   Constr. rmsd
    3.00058e+02   -1.97549e+02   -1.25353e+02    4.43643e-06

           Step           Time
          21500       43.00000

   Energies (kJ/mol)
           Bond          Angle    Proper Dih. Per. Imp. Dih.          LJ-14
    4.41310e+03    1.19760e+04    1.44726e+04    7.39714e+02    5.64183e+03
     Coulomb-14        LJ (SR)  Disper. corr.   Coulomb (SR)   Coul. recip.
    6.70413e+04    3.40361e+05   -2.06615e+04   -2.78521e+06    5.11327e+03
 Position Rest.      Potential    Kinetic En.   Total Energy  Conserved En.
    1.64878e+03   -2.35446e+06    4.28526e+05   -1.92594e+06   -2.37959e+06
    Temperature Pres. DC (bar) Pressure (bar)   Constr. rmsd
    2.99160e+02   -1.97549e+02   -2.14054e+02    4.26004e-06

           Step           Time
          22000       44.00000

   Energies (kJ/mol)
           Bond          Angle    Proper Dih. Per. Imp. Dih.          LJ-14
    4.34238e+03    1.19853e+04    1.43997e+04    6.77898e+02    5.51911e+03
     Coulomb-14        LJ (SR)  Disper. corr.   Coulomb (SR)   Coul. recip.
    6.66718e+04    3.39807e+05   -2.06615e+04   -2.78449e+06    5.03985e+03
 Position Rest.      Potential    Kinetic En.   Total Energy  Conserved En.
    1.60117e+03   -2.35511e+06    4.28187e+05   -1.92692e+06   -2.37964e+06
    Temperature Pres. DC (bar) Pressure (bar)   Constr. rmsd
    2.98924e+02   -1.97549e+02   -1.19944e+02    4.19943e-06

           Step           Time
          22500       45.00000

   Energies (kJ/mol)
           Bond          Angle    Proper Dih. Per. Imp. Dih.          LJ-14
    4.49925e+03    1.21070e+04    1.45508e+04    6.89268e+02    5.54362e+03
     Coulomb-14        LJ (SR)  Disper. corr.   Coulomb (SR)   Coul. recip.
    6.68318e+04    3.39124e+05   -2.06615e+04   -2.78211e+06    5.00607e+03
 Position Rest.      Potential    Kinetic En.   Total Energy  Conserved En.
    1.60522e+03   -2.35281e+06    4.29983e+05   -1.92283e+06   -2.37963e+06
    Temperature Pres. DC (bar) Pressure (bar)   Constr. rmsd
    3.00178e+02   -1.97549e+02   -3.81037e+02    4.51405e-06

           Step           Time
          23000       46.00000

   Energies (kJ/mol)
           Bond          Angle    Proper Dih. Per. Imp. Dih.          LJ-14
    4.28424e+03    1.20412e+04    1.45547e+04    7.25899e+02    5.54706e+03
     Coulomb-14        LJ (SR)  Disper. corr.   Coulomb (SR)   Coul. recip.
    6.69414e+04    3.39104e+05   -2.06615e+04   -2.78155e+06    5.18337e+03
 Position Rest.      Potential    Kinetic En.   Total Energy  Conserved En.
    1.61091e+03   -2.35222e+06    4.29071e+05   -1.92315e+06   -2.37964e+06
    Temperature Pres. DC (bar) Pressure (bar)   Constr. rmsd
    2.99541e+02   -1.97549e+02   -2.36252e+02    4.33414e-06

           Step           Time
          23500       47.00000

   Energies (kJ/mol)
           Bond          Angle    Proper Dih. Per. Imp. Dih.          LJ-14
    4.55084e+03    1.17419e+04    1.45747e+04    6.96279e+02    5.52056e+03
     Coulomb-14        LJ (SR)  Disper. corr.   Coulomb (SR)   Coul. recip.
    6.69017e+04    3.41451e+05   -2.06615e+04   -2.78734e+06    5.12428e+03
 Position Rest.      Potential    Kinetic En.   Total Energy  Conserved En.
    1.69942e+03   -2.35574e+06    4.30932e+05   -1.92481e+06   -2.37964e+06
    Temperature Pres. DC (bar) Pressure (bar)   Constr. rmsd
    3.00840e+02   -1.97549e+02   -1.14242e+02    4.23078e-06

           Step           Time
          24000       48.00000

   Energies (kJ/mol)
           Bond          Angle    Proper Dih. Per. Imp. Dih.          LJ-14
    4.41280e+03    1.16636e+04    1.45291e+04    6.66813e+02    5.61271e+03
     Coulomb-14        LJ (SR)  Disper. corr.   Coulomb (SR)   Coul. recip.
    6.67985e+04    3.36920e+05   -2.06615e+04   -2.78075e+06    5.08432e+03
 Position Rest.      Potential    Kinetic En.   Total Energy  Conserved En.
    1.64130e+03   -2.35408e+06    4.27502e+05   -1.92658e+06   -2.37967e+06
    Temperature Pres. DC (bar) Pressure (bar)   Constr. rmsd
    2.98446e+02   -1.97549e+02   -4.78417e+02    4.26780e-06

           Step           Time
          24500       49.00000

   Energies (kJ/mol)
           Bond          Angle    Proper Dih. Per. Imp. Dih.          LJ-14
    4.37604e+03    1.19856e+04    1.44719e+04    6.82471e+02    5.60966e+03
     Coulomb-14        LJ (SR)  Disper. corr.   Coulomb (SR)   Coul. recip.
    6.65798e+04    3.41545e+05   -2.06615e+04   -2.78700e+06    5.03031e+03
 Position Rest.      Potential    Kinetic En.   Total Energy  Conserved En.
    1.61858e+03   -2.35576e+06    4.29927e+05   -1.92584e+06   -2.37968e+06
    Temperature Pres. DC (bar) Pressure (bar)   Constr. rmsd
    3.00139e+02   -1.97549e+02   -1.93655e+02    4.29818e-06

           Step           Time
          25000       50.00000

   Energies (kJ/mol)
           Bond          Angle    Proper Dih. Per. Imp. Dih.          LJ-14
    4.41688e+03    1.20944e+04    1.44363e+04    6.84397e+02    5.58007e+03
     Coulomb-14        LJ (SR)  Disper. corr.   Coulomb (SR)   Coul. recip.
    6.68448e+04    3.38335e+05   -2.06615e+04   -2.77990e+06    5.10728e+03
 Position Rest.      Potential    Kinetic En.   Total Energy  Conserved En.
    1.64643e+03   -2.35142e+06    4.29344e+05   -1.92207e+06   -2.37970e+06
    Temperature Pres. DC (bar) Pressure (bar)   Constr. rmsd
    2.99732e+02   -1.97549e+02    8.63144e+00    4.50500e-06

           Step           Time
          25500       51.00000

   Energies (kJ/mol)
           Bond          Angle    Proper Dih. Per. Imp. Dih.          LJ-14
    4.50643e+03    1.17300e+04    1.45641e+04    7.16044e+02    5.52544e+03
     Coulomb-14        LJ (SR)  Disper. corr.   Coulomb (SR)   Coul. recip.
    6.68819e+04    3.39146e+05   -2.06615e+04   -2.78425e+06    5.04854e+03
 Position Rest.      Potential    Kinetic En.   Total Energy  Conserved En.
    1.61540e+03   -2.35518e+06    4.29251e+05   -1.92593e+06   -2.37971e+06
    Temperature Pres. DC (bar) Pressure (bar)   Constr. rmsd
    2.99666e+02   -1.97549e+02   -3.87512e+02    4.39864e-06

           Step           Time
          26000       52.00000

   Energies (kJ/mol)
           Bond          Angle    Proper Dih. Per. Imp. Dih.          LJ-14
    4.29034e+03    1.20915e+04    1.44389e+04    7.39461e+02    5.51396e+03
     Coulomb-14        LJ (SR)  Disper. corr.   Coulomb (SR)   Coul. recip.
    6.67614e+04    3.39184e+05   -2.06615e+04   -2.78184e+06    5.08452e+03
 Position Rest.      Potential    Kinetic En.   Total Energy  Conserved En.
    1.50442e+03   -2.35289e+06    4.30611e+05   -1.92228e+06   -2.37971e+06
    Temperature Pres. DC (bar) Pressure (bar)   Constr. rmsd
    3.00616e+02   -1.97549e+02   -2.14265e+02    4.42070e-06

           Step           Time
          26500       53.00000

   Energies (kJ/mol)
           Bond          Angle    Proper Dih. Per. Imp. Dih.          LJ-14
    4.45769e+03    1.21045e+04    1.46039e+04    6.63575e+02    5.56180e+03
     Coulomb-14        LJ (SR)  Disper. corr.   Coulomb (SR)   Coul. recip.
    6.67086e+04    3.42616e+05   -2.06615e+04   -2.78853e+06    5.20766e+03
 Position Rest.      Potential    Kinetic En.   Total Energy  Conserved En.
    1.53257e+03   -2.35574e+06    4.29769e+05   -1.92597e+06   -2.37971e+06
    Temperature Pres. DC (bar) Pressure (bar)   Constr. rmsd
    3.00028e+02   -1.97549e+02    6.23351e+01    4.43658e-06

           Step           Time
          27000       54.00000

   Energies (kJ/mol)
           Bond          Angle    Proper Dih. Per. Imp. Dih.          LJ-14
    4.51433e+03    1.18545e+04    1.45563e+04    6.86665e+02    5.60674e+03
     Coulomb-14        LJ (SR)  Disper. corr.   Coulomb (SR)   Coul. recip.
    6.67160e+04    3.43976e+05   -2.06615e+04   -2.78870e+06    5.01647e+03
 Position Rest.      Potential    Kinetic En.   Total Energy  Conserved En.
    1.59743e+03   -2.35483e+06    4.30257e+05   -1.92458e+06   -2.37975e+06
    Temperature Pres. DC (bar) Pressure (bar)   Constr. rmsd
    3.00369e+02   -1.97549e+02   -8.83068e+01    4.31565e-06

           Step           Time
          27500       55.00000

   Energies (kJ/mol)
           Bond          Angle    Proper Dih. Per. Imp. Dih.          LJ-14
    4.21603e+03    1.21948e+04    1.43611e+04    6.51305e+02    5.66478e+03
     Coulomb-14        LJ (SR)  Disper. corr.   Coulomb (SR)   Coul. recip.
    6.69094e+04    3.39898e+05   -2.06615e+04   -2.78377e+06    5.13328e+03
 Position Rest.      Potential    Kinetic En.   Total Energy  Conserved En.
    1.64182e+03   -2.35376e+06    4.29301e+05   -1.92446e+06   -2.37973e+06
    Temperature Pres. DC (bar) Pressure (bar)   Constr. rmsd
    2.99702e+02   -1.97549e+02   -2.01022e+02    4.31232e-06

           Step           Time
          28000       56.00000

   Energies (kJ/mol)
           Bond          Angle    Proper Dih. Per. Imp. Dih.          LJ-14
    4.52833e+03    1.21141e+04    1.45915e+04    6.93411e+02    5.49324e+03
     Coulomb-14        LJ (SR)  Disper. corr.   Coulomb (SR)   Coul. recip.
    6.68847e+04    3.38904e+05   -2.06615e+04   -2.78239e+06    5.01898e+03
 Position Rest.      Potential    Kinetic En.   Total Energy  Conserved En.
    1.69756e+03   -2.35312e+06    4.29992e+05   -1.92313e+06   -2.37977e+06
    Temperature Pres. DC (bar) Pressure (bar)   Constr. rmsd
    3.00184e+02   -1.97549e+02   -1.45258e+02    4.39657e-06

           Step           Time
          28500       57.00000

   Energies (kJ/mol)
           Bond          Angle    Proper Dih. Per. Imp. Dih.          LJ-14
    4.33355e+03    1.20535e+04    1.45097e+04    6.59514e+02    5.63608e+03
     Coulomb-14        LJ (SR)  Disper. corr.   Coulomb (SR)   Coul. recip.
    6.68138e+04    3.39376e+05   -2.06615e+04   -2.78371e+06    5.06180e+03
 Position Rest.      Potential    Kinetic En.   Total Energy  Conserved En.
    1.57720e+03   -2.35435e+06    4.29196e+05   -1.92516e+06   -2.37974e+06
    Temperature Pres. DC (bar) Pressure (bar)   Constr. rmsd
    2.99628e+02   -1.97549e+02   -1.50153e+02    4.23737e-06

           Step           Time
          29000       58.00000

   Energies (kJ/mol)
           Bond          Angle    Proper Dih. Per. Imp. Dih.          LJ-14
    4.38386e+03    1.19662e+04    1.44426e+04    6.59252e+02    5.65962e+03
     Coulomb-14        LJ (SR)  Disper. corr.   Coulomb (SR)   Coul. recip.
    6.70639e+04    3.39122e+05   -2.06615e+04   -2.78077e+06    5.08746e+03
 Position Rest.      Potential    Kinetic En.   Total Energy  Conserved En.
    1.61598e+03   -2.35143e+06    4.29883e+05   -1.92155e+06   -2.37979e+06
    Temperature Pres. DC (bar) Pressure (bar)   Constr. rmsd
    3.00108e+02   -1.97549e+02   -3.92587e+02    4.48290e-06

           Step           Time
          29500       59.00000

   Energies (kJ/mol)
           Bond          Angle    Proper Dih. Per. Imp. Dih.          LJ-14
    4.65312e+03    1.19661e+04    1.43733e+04    7.06419e+02    5.53380e+03
     Coulomb-14        LJ (SR)  Disper. corr.   Coulomb (SR)   Coul. recip.
    6.70340e+04    3.41850e+05   -2.06615e+04   -2.78470e+06    5.01792e+03
 Position Rest.      Potential    Kinetic En.   Total Energy  Conserved En.
    1.64552e+03   -2.35258e+06    4.29871e+05   -1.92271e+06   -2.37973e+06
    Temperature Pres. DC (bar) Pressure (bar)   Constr. rmsd
    3.00099e+02   -1.97549e+02   -1.51429e+02    4.58925e-06

           Step           Time
          30000       60.00000

   Energies (kJ/mol)
           Bond          Angle    Proper Dih. Per. Imp. Dih.          LJ-14
    4.49536e+03    1.17555e+04    1.45609e+04    6.52007e+02    5.57834e+03
     Coulomb-14        LJ (SR)  Disper. corr.   Coulomb (SR)   Coul. recip.
    6.67340e+04    3.39524e+05   -2.06615e+04   -2.78451e+06    5.06165e+03
 Position Rest.      Potential    Kinetic En.   Total Energy  Conserved En.
    1.60578e+03   -2.35520e+06    4.28754e+05   -1.92645e+06   -2.37977e+06
    Temperature Pres. DC (bar) Pressure (bar)   Constr. rmsd
    2.99320e+02   -1.97549e+02   -1.37926e+02    4.41996e-06

           Step           Time
          30500       61.00000

   Energies (kJ/mol)
           Bond          Angle    Proper Dih. Per. Imp. Dih.          LJ-14
    4.35960e+03    1.18992e+04    1.44579e+04    7.50474e+02    5.61833e+03
     Coulomb-14        LJ (SR)  Disper. corr.   Coulomb (SR)   Coul. recip.
    6.68424e+04    3.40786e+05   -2.06615e+04   -2.78649e+06    5.09310e+03
 Position Rest.      Potential    Kinetic En.   Total Energy  Conserved En.
    1.54660e+03   -2.35580e+06    4.30535e+05   -1.92526e+06   -2.37982e+06
    Temperature Pres. DC (bar) Pressure (bar)   Constr. rmsd
    3.00563e+02   -1.97549e+02   -1.35236e+02    4.29463e-06

           Step           Time
          31000       62.00000

   Energies (kJ/mol)
           Bond          Angle    Proper Dih. Per. Imp. Dih.          LJ-14
    4.41988e+03    1.19629e+04    1.44752e+04    6.83131e+02    5.52543e+03
     Coulomb-14        LJ (SR)  Disper. corr.   Coulomb (SR)   Coul. recip.
    6.67882e+04    3.39542e+05   -2.06615e+04   -2.78403e+06    5.04365e+03
 Position Rest.      Potential    Kinetic En.   Total Energy  Conserved En.
    1.65636e+03   -2.35459e+06    4.29014e+05   -1.92558e+06   -2.37978e+06
    Temperature Pres. DC (bar) Pressure (bar)   Constr. rmsd
    2.99502e+02   -1.97549e+02   -2.61283e+02    4.28384e-06

           Step           Time
          31500       63.00000

   Energies (kJ/mol)
           Bond          Angle    Proper Dih. Per. Imp. Dih.          LJ-14
    4.23714e+03    1.17448e+04    1.45495e+04    7.22949e+02    5.55416e+03
     Coulomb-14        LJ (SR)  Disper. corr.   Coulomb (SR)   Coul. recip.
    6.70400e+04    3.38746e+05   -2.06615e+04   -2.78628e+06    5.15443e+03
 Position Rest.      Potential    Kinetic En.   Total Energy  Conserved En.
    1.55752e+03   -2.35764e+06    4.28479e+05   -1.92916e+06   -2.37982e+06
    Temperature Pres. DC (bar) Pressure (bar)   Constr. rmsd
    2.99128e+02   -1.97549e+02   -4.73797e+02    4.29522e-06

           Step           Time
          32000       64.00000

   Energies (kJ/mol)
           Bond          Angle    Proper Dih. Per. Imp. Dih.          LJ-14
    4.64456e+03    1.20206e+04    1.45150e+04    7.14068e+02    5.50724e+03
     Coulomb-14        LJ (SR)  Disper. corr.   Coulomb (SR)   Coul. recip.
    6.67868e+04    3.41081e+05   -2.06615e+04   -2.78513e+06    4.88496e+03
 Position Rest.      Potential    Kinetic En.   Total Energy  Conserved En.
    1.55326e+03   -2.35409e+06    4.29478e+05   -1.92461e+06   -2.37982e+06
    Temperature Pres. DC (bar) Pressure (bar)   Constr. rmsd
    2.99825e+02   -1.97549e+02   -7.49871e+01    4.32973e-06

           Step           Time
          32500       65.00000

   Energies (kJ/mol)
           Bond          Angle    Proper Dih. Per. Imp. Dih.          LJ-14
    4.45639e+03    1.21203e+04    1.45040e+04    7.56375e+02    5.55014e+03
     Coulomb-14        LJ (SR)  Disper. corr.   Coulomb (SR)   Coul. recip.
    6.68786e+04    3.42350e+05   -2.06615e+04   -2.78584e+06    4.96144e+03
 Position Rest.      Potential    Kinetic En.   Total Energy  Conserved En.
    1.54455e+03   -2.35338e+06    4.30308e+05   -1.92307e+06   -2.37978e+06
    Temperature Pres. DC (bar) Pressure (bar)   Constr. rmsd
    3.00405e+02   -1.97549e+02   -1.29190e+02    4.16370e-06

           Step           Time
          33000       66.00000

   Energies (kJ/mol)
           Bond          Angle    Proper Dih. Per. Imp. Dih.          LJ-14
    4.41621e+03    1.19621e+04    1.46043e+04    7.14146e+02    5.60220e+03
     Coulomb-14        LJ (SR)  Disper. corr.   Coulomb (SR)   Coul. recip.
    6.66894e+04    3.40975e+05   -2.06615e+04   -2.78509e+06    5.08281e+03
 Position Rest.      Potential    Kinetic En.   Total Energy  Conserved En.
    1.57171e+03   -2.35414e+06    4.29680e+05   -1.92446e+06   -2.37984e+06
    Temperature Pres. DC (bar) Pressure (bar)   Constr. rmsd
    2.99966e+02   -1.97549e+02   -1.16831e+02    4.23994e-06

           Step           Time
          33500       67.00000

   Energies (kJ/mol)
           Bond          Angle    Proper Dih. Per. Imp. Dih.          LJ-14
    4.19571e+03    1.18938e+04    1.43966e+04    6.58184e+02    5.55287e+03
     Coulomb-14        LJ (SR)  Disper. corr.   Coulomb (SR)   Coul. recip.
    6.69707e+04    3.40917e+05   -2.06615e+04   -2.78752e+06    5.08529e+03
 Position Rest.      Potential    Kinetic En.   Total Energy  Conserved En.
    1.61605e+03   -2.35689e+06    4.28040e+05   -1.92885e+06   -2.37981e+06
    Temperature Pres. DC (bar) Pressure (bar)   Constr. rmsd
    2.98822e+02   -1.97549e+02   -3.69126e+01    4.18795e-06

           Step           Time
          34000       68.00000

   Energies (kJ/mol)
           Bond          Angle    Proper Dih. Per. Imp. Dih.          LJ-14
    4.39164e+03    1.21191e+04    1.45035e+04    7.18489e+02    5.52712e+03
     Coulomb-14        LJ (SR)  Disper. corr.   Coulomb (SR)   Coul. recip.
    6.64150e+04    3.39007e+05   -2.06615e+04   -2.78358e+06    5.11628e+03
 Position Rest.      Potential    Kinetic En.   Total Energy  Conserved En.
    1.75398e+03   -2.35469e+06    4.30311e+05   -1.92438e+06   -2.37989e+06
    Temperature Pres. DC (bar) Pressure (bar)   Constr. rmsd
    3.00407e+02   -1.97549e+02   -1.76373e+02    4.27290e-06

           Step           Time
          34500       69.00000

   Energies (kJ/mol)
           Bond          Angle    Proper Dih. Per. Imp. Dih.          LJ-14
    4.34133e+03    1.19526e+04    1.44787e+04    6.94580e+02    5.49865e+03
     Coulomb-14        LJ (SR)  Disper. corr.   Coulomb (SR)   Coul. recip.
    6.65616e+04    3.39916e+05   -2.06615e+04   -2.78505e+06    4.93632e+03
 Position Rest.      Potential    Kinetic En.   Total Energy  Conserved En.
    1.62075e+03   -2.35571e+06    4.29265e+05   -1.92644e+06   -2.37988e+06
    Temperature Pres. DC (bar) Pressure (bar)   Constr. rmsd
    2.99677e+02   -1.97549e+02   -1.26433e+02    4.22952e-06

           Step           Time
          35000       70.00000

   Energies (kJ/mol)
           Bond          Angle    Proper Dih. Per. Imp. Dih.          LJ-14
    4.52914e+03    1.18753e+04    1.45443e+04    7.34975e+02    5.52850e+03
     Coulomb-14        LJ (SR)  Disper. corr.   Coulomb (SR)   Coul. recip.
    6.68831e+04    3.39879e+05   -2.06615e+04   -2.78583e+06    4.99901e+03
 Position Rest.      Potential    Kinetic En.   Total Energy  Conserved En.
    1.42929e+03   -2.35609e+06    4.30392e+05   -1.92570e+06   -2.37988e+06
    Temperature Pres. DC (bar) Pressure (bar)   Constr. rmsd
    3.00463e+02   -1.97549e+02   -5.30906e+01    4.29747e-06

           Step           Time
          35500       71.00000

   Energies (kJ/mol)
           Bond          Angle    Proper Dih. Per. Imp. Dih.          LJ-14
    4.60625e+03    1.18245e+04    1.44367e+04    7.24434e+02    5.58348e+03
     Coulomb-14        LJ (SR)  Disper. corr.   Coulomb (SR)   Coul. recip.
    6.68306e+04    3.41128e+05   -2.06615e+04   -2.78433e+06    5.10768e+03
 Position Rest.      Potential    Kinetic En.   Total Energy  Conserved En.
    1.50346e+03   -2.35325e+06    4.29059e+05   -1.92419e+06   -2.37990e+06
    Temperature Pres. DC (bar) Pressure (bar)   Constr. rmsd
    2.99533e+02   -1.97549e+02   -3.09215e+02    4.52332e-06

           Step           Time
          36000       72.00000

   Energies (kJ/mol)
           Bond          Angle    Proper Dih. Per. Imp. Dih.          LJ-14
    4.43091e+03    1.17343e+04    1.43750e+04    7.31351e+02    5.64804e+03
     Coulomb-14        LJ (SR)  Disper. corr.   Coulomb (SR)   Coul. recip.
    6.67332e+04    3.40637e+05   -2.06615e+04   -2.78604e+06    4.97371e+03
 Position Rest.      Potential    Kinetic En.   Total Energy  Conserved En.
    1.59079e+03   -2.35585e+06    4.28235e+05   -1.92761e+06   -2.37989e+06
    Temperature Pres. DC (bar) Pressure (bar)   Constr. rmsd
    2.98957e+02   -1.97549e+02    6.57381e+01    4.30768e-06

           Step           Time
          36500       73.00000

   Energies (kJ/mol)
           Bond          Angle    Proper Dih. Per. Imp. Dih.          LJ-14
    4.40661e+03    1.18481e+04    1.46360e+04    6.98743e+02    5.66889e+03
     Coulomb-14        LJ (SR)  Disper. corr.   Coulomb (SR)   Coul. recip.
    6.69163e+04    3.40391e+05   -2.06615e+04   -2.78438e+06    4.98817e+03
 Position Rest.      Potential    Kinetic En.   Total Energy  Conserved En.
    1.60472e+03   -2.35388e+06    4.30961e+05   -1.92292e+06   -2.37995e+06
    Temperature Pres. DC (bar) Pressure (bar)   Constr. rmsd
    3.00861e+02   -1.97549e+02   -1.55432e+02    4.27539e-06

           Step           Time
          37000       74.00000

   Energies (kJ/mol)
           Bond          Angle    Proper Dih. Per. Imp. Dih.          LJ-14
    4.07053e+03    1.18574e+04    1.46475e+04    6.78640e+02    5.59751e+03
     Coulomb-14        LJ (SR)  Disper. corr.   Coulomb (SR)   Coul. recip.
    6.68330e+04    3.39993e+05   -2.06615e+04   -2.78544e+06    5.05003e+03
 Position Rest.      Potential    Kinetic En.   Total Energy  Conserved En.
    1.59413e+03   -2.35577e+06    4.29109e+05   -1.92667e+06   -2.37993e+06
    Temperature Pres. DC (bar) Pressure (bar)   Constr. rmsd
    2.99567e+02   -1.97549e+02   -2.35676e+02    4.33349e-06

           Step           Time
          37500       75.00000

   Energies (kJ/mol)
           Bond          Angle    Proper Dih. Per. Imp. Dih.          LJ-14
    4.61732e+03    1.21934e+04    1.45884e+04    7.47889e+02    5.58451e+03
     Coulomb-14        LJ (SR)  Disper. corr.   Coulomb (SR)   Coul. recip.
    6.68042e+04    3.40723e+05   -2.06615e+04   -2.78522e+06    5.22824e+03
 Position Rest.      Potential    Kinetic En.   Total Energy  Conserved En.
    1.59104e+03   -2.35380e+06    4.28970e+05   -1.92483e+06   -2.37990e+06
    Temperature Pres. DC (bar) Pressure (bar)   Constr. rmsd
    2.99471e+02   -1.97549e+02   -9.30140e+01    4.33189e-06

           Step           Time
          38000       76.00000

   Energies (kJ/mol)
           Bond          Angle    Proper Dih. Per. Imp. Dih.          LJ-14
    4.27074e+03    1.20365e+04    1.45366e+04    6.67684e+02    5.58862e+03
     Coulomb-14        LJ (SR)  Disper. corr.   Coulomb (SR)   Coul. recip.
    6.69765e+04    3.41592e+05   -2.06615e+04   -2.78522e+06    5.13924e+03
 Position Rest.      Potential    Kinetic En.   Total Energy  Conserved En.
    1.55117e+03   -2.35352e+06    4.28174e+05   -1.92535e+06   -2.37992e+06
    Temperature Pres. DC (bar) Pressure (bar)   Constr. rmsd
    2.98915e+02   -1.97549e+02   -1.24632e+02    4.31670e-06

           Step           Time
          38500       77.00000

   Energies (kJ/mol)
           Bond          Angle    Proper Dih. Per. Imp. Dih.          LJ-14
    4.40965e+03    1.19294e+04    1.45638e+04    7.01216e+02    5.50143e+03
     Coulomb-14        LJ (SR)  Disper. corr.   Coulomb (SR)   Coul. recip.
    6.67848e+04    3.40479e+05   -2.06615e+04   -2.78578e+06    5.01792e+03
 Position Rest.      Potential    Kinetic En.   Total Energy  Conserved En.
    1.56655e+03   -2.35549e+06    4.28968e+05   -1.92652e+06   -2.37994e+06
    Temperature Pres. DC (bar) Pressure (bar)   Constr. rmsd
    2.99469e+02   -1.97549e+02   -5.71954e+01    4.13015e-06

           Step           Time
          39000       78.00000

   Energies (kJ/mol)
           Bond          Angle    Proper Dih. Per. Imp. Dih.          LJ-14
    4.29794e+03    1.18876e+04    1.45581e+04    6.59855e+02    5.65510e+03
     Coulomb-14        LJ (SR)  Disper. corr.   Coulomb (SR)   Coul. recip.
    6.71424e+04    3.40347e+05   -2.06615e+04   -2.78599e+06    5.09912e+03
 Position Rest.      Potential    Kinetic En.   Total Energy  Conserved En.
    1.58576e+03   -2.35542e+06    4.31174e+05   -1.92425e+06   -2.37997e+06
    Temperature Pres. DC (bar) Pressure (bar)   Constr. rmsd
    3.01009e+02   -1.97549e+02    1.89887e+02    4.33559e-06

           Step           Time
          39500       79.00000

   Energies (kJ/mol)
           Bond          Angle    Proper Dih. Per. Imp. Dih.          LJ-14
    4.46243e+03    1.20327e+04    1.45136e+04    7.17356e+02    5.50840e+03
     Coulomb-14        LJ (SR)  Disper. corr.   Coulomb (SR)   Coul. recip.
    6.65975e+04    3.38976e+05   -2.06615e+04   -2.78194e+06    5.04799e+03
 Position Rest.      Potential    Kinetic En.   Total Energy  Conserved En.
    1.50821e+03   -2.35324e+06    4.30248e+05   -1.92299e+06   -2.37997e+06
    Temperature Pres. DC (bar) Pressure (bar)   Constr. rmsd
    3.00363e+02   -1.97549e+02   -2.62907e+02    4.22345e-06

           Step           Time
          40000       80.00000

   Energies (kJ/mol)
           Bond          Angle    Proper Dih. Per. Imp. Dih.          LJ-14
    4.25081e+03    1.18840e+04    1.45916e+04    6.73271e+02    5.61129e+03
     Coulomb-14        LJ (SR)  Disper. corr.   Coulomb (SR)   Coul. recip.
    6.71052e+04    3.40964e+05   -2.06615e+04   -2.78744e+06    5.07251e+03
 Position Rest.      Potential    Kinetic En.   Total Energy  Conserved En.
    1.53064e+03   -2.35642e+06    4.29032e+05   -1.92739e+06   -2.37998e+06
    Temperature Pres. DC (bar) Pressure (bar)   Constr. rmsd
    2.99514e+02   -1.97549e+02   -1.80132e+02    4.36207e-06

           Step           Time
          40500       81.00000

   Energies (kJ/mol)
           Bond          Angle    Proper Dih. Per. Imp. Dih.          LJ-14
    4.48473e+03    1.19257e+04    1.46897e+04    7.34245e+02    5.59683e+03
     Coulomb-14        LJ (SR)  Disper. corr.   Coulomb (SR)   Coul. recip.
    6.63703e+04    3.40707e+05   -2.06615e+04   -2.78490e+06    5.11237e+03
 Position Rest.      Potential    Kinetic En.   Total Energy  Conserved En.
    1.54172e+03   -2.35439e+06    4.30772e+05   -1.92362e+06   -2.38002e+06
    Temperature Pres. DC (bar) Pressure (bar)   Constr. rmsd
    3.00728e+02   -1.97549e+02   -2.43720e+02    4.31958e-06

           Step           Time
          41000       82.00000

   Energies (kJ/mol)
           Bond          Angle    Proper Dih. Per. Imp. Dih.          LJ-14
    4.23905e+03    1.19654e+04    1.44560e+04    7.37113e+02    5.67037e+03
     Coulomb-14        LJ (SR)  Disper. corr.   Coulomb (SR)   Coul. recip.
    6.69347e+04    3.40321e+05   -2.06615e+04   -2.78561e+06    5.06054e+03
 Position Rest.      Potential    Kinetic En.   Total Energy  Conserved En.
    1.45808e+03   -2.35543e+06    4.28763e+05   -1.92667e+06   -2.38001e+06
    Temperature Pres. DC (bar) Pressure (bar)   Constr. rmsd
    2.99326e+02   -1.97549e+02    8.39222e+01    4.35935e-06

           Step           Time
          41500       83.00000

   Energies (kJ/mol)
           Bond          Angle    Proper Dih. Per. Imp. Dih.          LJ-14
    4.50347e+03    1.19943e+04    1.46174e+04    6.60672e+02    5.65746e+03
     Coulomb-14        LJ (SR)  Disper. corr.   Coulomb (SR)   Coul. recip.
    6.68562e+04    3.38915e+05   -2.06615e+04   -2.78090e+06    5.17570e+03
 Position Rest.      Potential    Kinetic En.   Total Energy  Conserved En.
    1.56329e+03   -2.35162e+06    4.29599e+05   -1.92202e+06   -2.38002e+06
    Temperature Pres. DC (bar) Pressure (bar)   Constr. rmsd
    2.99910e+02   -1.97549e+02   -1.62518e+02    4.58505e-06

           Step           Time
          42000       84.00000

   Energies (kJ/mol)
           Bond          Angle    Proper Dih. Per. Imp. Dih.          LJ-14
    4.39394e+03    1.19940e+04    1.46381e+04    7.46368e+02    5.52813e+03
     Coulomb-14        LJ (SR)  Disper. corr.   Coulomb (SR)   Coul. recip.
    6.66331e+04    3.40392e+05   -2.06615e+04   -2.78528e+06    4.97601e+03
 Position Rest.      Potential    Kinetic En.   Total Energy  Conserved En.
    1.58207e+03   -2.35505e+06    4.29307e+05   -1.92575e+06   -2.38001e+06
    Temperature Pres. DC (bar) Pressure (bar)   Constr. rmsd
    2.99706e+02   -1.97549e+02   -3.63709e+01    4.26938e-06

           Step           Time
          42500       85.00000

   Energies (kJ/mol)
           Bond          Angle    Proper Dih. Per. Imp. Dih.          LJ-14
    4.34701e+03    1.20223e+04    1.44729e+04    7.18022e+02    5.50673e+03
     Coulomb-14        LJ (SR)  Disper. corr.   Coulomb (SR)   Coul. recip.
    6.66789e+04    3.39988e+05   -2.06615e+04   -2.78358e+06    5.24835e+03
 Position Rest.      Potential    Kinetic En.   Total Energy  Conserved En.
    1.55198e+03   -2.35371e+06    4.29132e+05   -1.92458e+06   -2.38004e+06
    Temperature Pres. DC (bar) Pressure (bar)   Constr. rmsd
    2.99584e+02   -1.97549e+02   -3.80218e+01    4.41852e-06

           Step           Time
          43000       86.00000

   Energies (kJ/mol)
           Bond          Angle    Proper Dih. Per. Imp. Dih.          LJ-14
    4.68867e+03    1.20704e+04    1.45317e+04    6.41657e+02    5.41874e+03
     Coulomb-14        LJ (SR)  Disper. corr.   Coulomb (SR)   Coul. recip.
    6.63638e+04    3.36243e+05   -2.06615e+04   -2.77988e+06    5.03412e+03
 Position Rest.      Potential    Kinetic En.   Total Energy  Conserved En.
    1.45809e+03   -2.35409e+06    4.29314e+05   -1.92478e+06   -2.38005e+06
    Temperature Pres. DC (bar) Pressure (bar)   Constr. rmsd
    2.99711e+02   -1.97549e+02   -2.60562e+02    4.37570e-06

           Step           Time
          43500       87.00000

   Energies (kJ/mol)
           Bond          Angle    Proper Dih. Per. Imp. Dih.          LJ-14
    4.56989e+03    1.19280e+04    1.45059e+04    7.04197e+02    5.54902e+03
     Coulomb-14        LJ (SR)  Disper. corr.   Coulomb (SR)   Coul. recip.
    6.68092e+04    3.41318e+05   -2.06615e+04   -2.78866e+06    4.95069e+03
 Position Rest.      Potential    Kinetic En.   Total Energy  Conserved En.
    1.52247e+03   -2.35747e+06    4.30476e+05   -1.92699e+06   -2.38005e+06
    Temperature Pres. DC (bar) Pressure (bar)   Constr. rmsd
    3.00522e+02   -1.97549e+02   -2.79088e+02    4.35272e-06

           Step           Time
          44000       88.00000

   Energies (kJ/mol)
           Bond          Angle    Proper Dih. Per. Imp. Dih.          LJ-14
    4.29983e+03    1.18837e+04    1.44690e+04    7.03061e+02    5.64290e+03
     Coulomb-14        LJ (SR)  Disper. corr.   Coulomb (SR)   Coul. recip.
    6.69131e+04    3.41363e+05   -2.06615e+04   -2.78711e+06    5.07712e+03
 Position Rest.      Potential    Kinetic En.   Total Energy  Conserved En.
    1.56549e+03   -2.35586e+06    4.30697e+05   -1.92516e+06   -2.38010e+06
    Temperature Pres. DC (bar) Pressure (bar)   Constr. rmsd
    3.00676e+02   -1.97549e+02    4.70954e+00    4.51178e-06

           Step           Time
          44500       89.00000

   Energies (kJ/mol)
           Bond          Angle    Proper Dih. Per. Imp. Dih.          LJ-14
    4.26901e+03    1.20383e+04    1.45065e+04    6.58245e+02    5.66370e+03
     Coulomb-14        LJ (SR)  Disper. corr.   Coulomb (SR)   Coul. recip.
    6.69404e+04    3.40883e+05   -2.06615e+04   -2.78589e+06    4.97096e+03
 Position Rest.      Potential    Kinetic En.   Total Energy  Conserved En.
    1.53158e+03   -2.35509e+06    4.30031e+05   -1.92506e+06   -2.38008e+06
    Temperature Pres. DC (bar) Pressure (bar)   Constr. rmsd
    3.00211e+02   -1.97549e+02   -1.16887e+02    4.34067e-06

           Step           Time
          45000       90.00000

   Energies (kJ/mol)
           Bond          Angle    Proper Dih. Per. Imp. Dih.          LJ-14
    4.54348e+03    1.16571e+04    1.45471e+04    7.75903e+02    5.62111e+03
     Coulomb-14        LJ (SR)  Disper. corr.   Coulomb (SR)   Coul. recip.
    6.69101e+04    3.38391e+05   -2.06615e+04   -2.78360e+06    5.08605e+03
 Position Rest.      Potential    Kinetic En.   Total Energy  Conserved En.
    1.53263e+03   -2.35519e+06    4.30110e+05   -1.92508e+06   -2.38010e+06
    Temperature Pres. DC (bar) Pressure (bar)   Constr. rmsd
    3.00266e+02   -1.97549e+02   -3.84633e+02    4.32918e-06

           Step           Time
          45500       91.00000

   Energies (kJ/mol)
           Bond          Angle    Proper Dih. Per. Imp. Dih.          LJ-14
    4.37394e+03    1.20147e+04    1.44316e+04    7.72670e+02    5.55850e+03
     Coulomb-14        LJ (SR)  Disper. corr.   Coulomb (SR)   Coul. recip.
    6.68198e+04    3.39734e+05   -2.06615e+04   -2.78501e+06    5.14846e+03
 Position Rest.      Potential    Kinetic En.   Total Energy  Conserved En.
    1.46901e+03   -2.35534e+06    4.31202e+05   -1.92414e+06   -2.38007e+06
    Temperature Pres. DC (bar) Pressure (bar)   Constr. rmsd
    3.01029e+02   -1.97549e+02   -3.38632e+02    4.46106e-06

           Step           Time
          46000       92.00000

   Energies (kJ/mol)
           Bond          Angle    Proper Dih. Per. Imp. Dih.          LJ-14
    4.38924e+03    1.16569e+04    1.45658e+04    7.09769e+02    5.61162e+03
     Coulomb-14        LJ (SR)  Disper. corr.   Coulomb (SR)   Coul. recip.
    6.69887e+04    3.40216e+05   -2.06615e+04   -2.78503e+06    5.13175e+03
 Position Rest.      Potential    Kinetic En.   Total Energy  Conserved En.
    1.51183e+03   -2.35491e+06    4.28656e+05   -1.92626e+06   -2.38012e+06
    Temperature Pres. DC (bar) Pressure (bar)   Constr. rmsd
    2.99251e+02   -1.97549e+02   -1.29428e+02    4.36723e-06

           Step           Time
          46500       93.00000

   Energies (kJ/mol)
           Bond          Angle    Proper Dih. Per. Imp. Dih.          LJ-14
    4.28898e+03    1.17051e+04    1.44870e+04    6.99902e+02    5.53156e+03
     Coulomb-14        LJ (SR)  Disper. corr.   Coulomb (SR)   Coul. recip.
    6.69328e+04    3.38798e+05   -2.06615e+04   -2.78435e+06    5.21712e+03
 Position Rest.      Potential    Kinetic En.   Total Energy  Conserved En.
    1.49078e+03   -2.35586e+06    4.27994e+05   -1.92787e+06   -2.38011e+06
    Temperature Pres. DC (bar) Pressure (bar)   Constr. rmsd
    2.98789e+02   -1.97549e+02   -3.28464e+02    4.39804e-06

           Step           Time
          47000       94.00000

   Energies (kJ/mol)
           Bond          Angle    Proper Dih. Per. Imp. Dih.          LJ-14
    4.58672e+03    1.19795e+04    1.45475e+04    6.81013e+02    5.46928e+03
     Coulomb-14        LJ (SR)  Disper. corr.   Coulomb (SR)   Coul. recip.
    6.67471e+04    3.38620e+05   -2.06615e+04   -2.78431e+06    5.13749e+03
 Position Rest.      Potential    Kinetic En.   Total Energy  Conserved En.
    1.54124e+03   -2.35566e+06    4.29398e+05   -1.92626e+06   -2.38009e+06
    Temperature Pres. DC (bar) Pressure (bar)   Constr. rmsd
    2.99770e+02   -1.97549e+02   -1.54208e+02    4.18838e-06

           Step           Time
          47500       95.00000

   Energies (kJ/mol)
           Bond          Angle    Proper Dih. Per. Imp. Dih.          LJ-14
    4.34036e+03    1.20928e+04    1.45758e+04    7.13037e+02    5.52051e+03
     Coulomb-14        LJ (SR)  Disper. corr.   Coulomb (SR)   Coul. recip.
    6.68196e+04    3.37644e+05   -2.06615e+04   -2.78103e+06    5.20630e+03
 Position Rest.      Potential    Kinetic En.   Total Energy  Conserved En.
    1.55593e+03   -2.35322e+06    4.29702e+05   -1.92352e+06   -2.38013e+06
    Temperature Pres. DC (bar) Pressure (bar)   Constr. rmsd
    2.99982e+02   -1.97549e+02    1.15031e+02    4.20010e-06

           Step           Time
          48000       96.00000

   Energies (kJ/mol)
           Bond          Angle    Proper Dih. Per. Imp. Dih.          LJ-14
    4.32781e+03    1.18722e+04    1.45166e+04    6.55938e+02    5.57316e+03
     Coulomb-14        LJ (SR)  Disper. corr.   Coulomb (SR)   Coul. recip.
    6.68585e+04    3.41212e+05   -2.06615e+04   -2.78768e+06    4.91517e+03
 Position Rest.      Potential    Kinetic En.   Total Energy  Conserved En.
    1.65190e+03   -2.35676e+06    4.29391e+05   -1.92737e+06   -2.38013e+06
    Temperature Pres. DC (bar) Pressure (bar)   Constr. rmsd
    2.99765e+02   -1.97549e+02   -1.39662e+02    4.35218e-06

           Step           Time
          48500       97.00000

   Energies (kJ/mol)
           Bond          Angle    Proper Dih. Per. Imp. Dih.          LJ-14
    4.28557e+03    1.20677e+04    1.45642e+04    6.92069e+02    5.61142e+03
     Coulomb-14        LJ (SR)  Disper. corr.   Coulomb (SR)   Coul. recip.
    6.68779e+04    3.38406e+05   -2.06615e+04   -2.78234e+06    5.04517e+03
 Position Rest.      Potential    Kinetic En.   Total Energy  Conserved En.
    1.61342e+03   -2.35383e+06    4.27721e+05   -1.92611e+06   -2.38013e+06
    Temperature Pres. DC (bar) Pressure (bar)   Constr. rmsd
    2.98598e+02   -1.97549e+02   -1.57149e+02    4.39734e-06

           Step           Time
          49000       98.00000

   Energies (kJ/mol)
           Bond          Angle    Proper Dih. Per. Imp. Dih.          LJ-14
    4.73222e+03    1.20878e+04    1.44066e+04    7.43387e+02    5.48292e+03
     Coulomb-14        LJ (SR)  Disper. corr.   Coulomb (SR)   Coul. recip.
    6.68472e+04    3.40554e+05   -2.06615e+04   -2.78243e+06    4.95201e+03
 Position Rest.      Potential    Kinetic En.   Total Energy  Conserved En.
    1.57175e+03   -2.35171e+06    4.29313e+05   -1.92240e+06   -2.38010e+06
    Temperature Pres. DC (bar) Pressure (bar)   Constr. rmsd
    2.99710e+02   -1.97549e+02   -1.63655e+02    4.49228e-06

           Step           Time
          49500       99.00000

   Energies (kJ/mol)
           Bond          Angle    Proper Dih. Per. Imp. Dih.          LJ-14
    4.22455e+03    1.17713e+04    1.44116e+04    6.34934e+02    5.53000e+03
     Coulomb-14        LJ (SR)  Disper. corr.   Coulomb (SR)   Coul. recip.
    6.67451e+04    3.40607e+05   -2.06615e+04   -2.78700e+06    5.07079e+03
 Position Rest.      Potential    Kinetic En.   Total Energy  Conserved En.
    1.60565e+03   -2.35706e+06    4.27603e+05   -1.92946e+06   -2.38015e+06
    Temperature Pres. DC (bar) Pressure (bar)   Constr. rmsd
    2.98516e+02   -1.97549e+02   -1.89055e+02    4.18705e-06

           Step           Time
          50000      100.00000

Writing checkpoint, step 50000 at Mon Jun  8 20:55:05 2026


   Energies (kJ/mol)
           Bond          Angle    Proper Dih. Per. Imp. Dih.          LJ-14
    4.42901e+03    1.20160e+04    1.45722e+04    7.11455e+02    5.56555e+03
     Coulomb-14        LJ (SR)  Disper. corr.   Coulomb (SR)   Coul. recip.
    6.67039e+04    3.43536e+05   -2.06615e+04   -2.78887e+06    5.14622e+03
 Position Rest.      Potential    Kinetic En.   Total Energy  Conserved En.
    1.67483e+03   -2.35518e+06    4.29189e+05   -1.92599e+06   -2.38013e+06
    Temperature Pres. DC (bar) Pressure (bar)   Constr. rmsd
    2.99623e+02   -1.97549e+02   -1.55395e+01    4.40677e-06


Energy conservation over simulation part #1 of length 100 ps, time 0 to 100 ps
  Conserved energy drift: 1.66e-04 kJ/mol/ps per atom


	<======  ###############  ==>
	<====  A V E R A G E S  ====>
	<==  ###############  ======>

	Statistics over 50001 steps using 501 frames

   Energies (kJ/mol)
           Bond          Angle    Proper Dih. Per. Imp. Dih.          LJ-14
    4.39259e+03    1.19163e+04    1.45343e+04    7.05352e+02    5.57253e+03
     Coulomb-14        LJ (SR)  Disper. corr.   Coulomb (SR)   Coul. recip.
    6.67927e+04    3.40672e+05   -2.06615e+04   -2.78699e+06    5.42624e+03
 Position Rest.      Potential    Kinetic En.   Total Energy  Conserved En.
    1.58419e+03   -2.35606e+06    4.29354e+05   -1.92670e+06   -2.37971e+06
    Temperature Pres. DC (bar) Pressure (bar)   Constr. rmsd
    2.99739e+02   -1.97549e+02   -1.74087e+02    0.00000e+00

   Total Virial (kJ/mol)
    1.50055e+05   -4.85056e+02    2.99831e+02
   -4.84990e+02    1.53489e+05   -2.70076e+02
    2.99410e+02   -2.70631e+02    1.53155e+05

   Pressure (bar)
   -1.31525e+02    9.90135e+00   -5.46860e+00
    9.90008e+00   -1.97110e+02    5.36544e+00
   -5.46055e+00    5.37605e+00   -1.93625e+02

  T-Protein_LIGT-Water_and_ions
    2.99918e+02    2.99731e+02


       P P   -   P M E   L O A D   B A L A N C I N G

 NOTE: The PP/PME load balancing was limited by the maximum allowed grid scaling,
       you might not have reached a good load balance.

 PP/PME load balancing changed the cut-off and PME settings:
           particle-particle                    PME
            rcoulomb  rlist            grid      spacing   1/beta
   initial  1.000 nm  1.001 nm      96  96  96   0.141 nm  0.320 nm
   final    1.406 nm  1.407 nm      60  60  60   0.225 nm  0.450 nm
 cost-ratio           2.78             0.24
 (note that these numbers concern only part of the total PP and PME load)


	M E G A - F L O P S   A C C O U N T I N G

 NB=Group-cutoff nonbonded kernels    NxN=N-by-N cluster Verlet kernels
 RF=Reaction-Field  VdW=Van der Waals  QSTab=quadratic-spline table
 W3=SPC/TIP3p  W4=TIP4p (single or pairs)
 V&F=Potential and force  V=Potential only  F=Force only

 Computing:                               M-Number         M-Flops  % Flops
-----------------------------------------------------------------------------
 Pair Search distance check           11636.039856      104724.359     0.0
 NxN QSTab Elec. + LJ [F]          15314210.619840   627882635.413    96.9
 NxN QSTab Elec. + LJ [V&F]          155003.929088     9145231.816     1.4
 1,4 nonbonded interactions             775.065501       69755.895     0.0
 Calc Weights                         25598.311956      921539.230     0.1
 Spread Q Bspline                    546097.321728     1092194.643     0.2
 Gather F Bspline                    546097.321728     3276583.930     0.5
 3D-FFT                              423795.387130     3390363.097     0.5
 Solve PME                             6093.761200      390000.717     0.1
 Shift-X                                 85.496652         512.980     0.0
 Bonds                                  150.253005        8864.927     0.0
 Angles                                 538.560771       90478.210     0.0
 Propers                                831.866637      190497.460     0.0
 Impropers                               58.451169       12157.843     0.0
 Pos. Restr.                            147.202944        7360.147     0.0
 Virial                                  85.519197        1539.346     0.0
 Stop-CM                                 85.667304         856.673     0.0
 Calc-Ekin                             1706.861304       46085.255     0.0
 Lincs                                  147.408844        8844.531     0.0
 Lincs-Mat                              808.848528        3235.394     0.0
 Constraint-V                          8517.240676       76655.166     0.0
 Constraint-Vir                          83.862390        2012.697     0.0
 Settle                                2740.864442     1014119.844     0.2
-----------------------------------------------------------------------------
 Total                                               647736249.574   100.0
-----------------------------------------------------------------------------


      R E A L   C Y C L E   A N D   T I M E   A C C O U N T I N G

On 1 MPI rank, each using 8 OpenMP threads

 Activity:              Num   Num      Call    Wall time         Giga-Cycles
                        Ranks Threads  Count      (s)         total sum    %
--------------------------------------------------------------------------------
 Neighbor search           1    8        501       6.693        112.443   3.9
 Launch PP GPU ops.        1    8      50001       0.909         15.271   0.5
 Force                     1    8      50001      10.792        181.317   6.2
 PME mesh                  1    8      50001     122.035       2050.232  70.5
 Wait GPU NB local         1    8      50001       0.236          3.973   0.1
 NB X/F buffer ops.        1    8      99501      11.967        201.053   6.9
 Write traj.               1    8          1       0.199          3.343   0.1
 Update                    1    8      50001       5.497         92.346   3.2
 Constraints               1    8      50003       8.615        144.740   5.0
 Rest                                              6.057        101.766   3.5
--------------------------------------------------------------------------------
 Total                                           173.002       2906.485 100.0
--------------------------------------------------------------------------------
 Breakdown of PME mesh activities
--------------------------------------------------------------------------------
 PME spread                1    8      50001      60.619       1018.412  35.0
 PME gather                1    8      50001      39.465        663.021  22.8
 PME 3D-FFT                1    8     100002      20.738        348.406  12.0
 PME solve Elec            1    8      50001       1.082         18.175   0.6
--------------------------------------------------------------------------------

               Core t (s)   Wall t (s)        (%)
       Time:     1383.983      173.002      800.0
                 (ns/day)    (hour/ns)
Performance:       49.943        0.481
Finished mdrun on rank 0 Mon Jun  8 20:55:05 2026

